#
# There is insufficient memory for the Java Runtime Environment to continue.
# Native memory allocation (malloc) failed to allocate 32744 bytes for ChunkPool::allocate
# Possible reasons:
#   The system is out of physical RAM or swap space
#   The process is running with CompressedOops enabled, and the Java Heap may be blocking the growth of the native heap
# Possible solutions:
#   Reduce memory load on the system
#   Increase physical memory or swap space
#   Check if swap backing store is full
#   Decrease Java heap size (-Xmx/-Xms)
#   Decrease number of Java threads
#   Decrease Java thread stack sizes (-Xss)
#   Set larger code cache with -XX:ReservedCodeCacheSize=
#   JVM is running with Unscaled Compressed Oops mode in which the Java heap is
#     placed in the first 4GB address space. The Java Heap base address is the
#     maximum limit for the native heap growth. Please use -XX:HeapBaseMinAddress
#     to set the Java Heap base and to place the Java Heap above 4GB virtual address.
# This output file may be truncated or incomplete.
#
#  Out of Memory Error (arena.cpp:79), pid=2036, tid=15724
#
# JRE version: Java(TM) SE Runtime Environment (16.0.2+7) (build 16.0.2+7-67)
# Java VM: Java HotSpot(TM) 64-Bit Server VM (16.0.2+7-67, mixed mode, sharing, tiered, compressed oops, compressed class ptrs, g1 gc, windows-amd64)
# No core dump will be written. Minidumps are not enabled by default on client versions of Windows
#

---------------  S U M M A R Y ------------

Command Line: -Xmx64m -Xms64m -Dorg.gradle.appname=gradle org.gradle.launcher.GradleMain bootRun

Host: AMD Ryzen 5 4500U with Radeon Graphics         , 6 cores, 7G,  Windows 10 , 64 bit Build 19041 (10.0.19041.1706)
Time: Fri May 20 12:46:46 2022 GTB Daylight Time elapsed time: 488.274129 seconds (0d 0h 8m 8s)

---------------  T H R E A D  ---------------

Current thread (0x0000018576c90780):  JavaThread "C2 CompilerThread0" daemon [_thread_in_native, id=15724, stack(0x000000634af00000,0x000000634b000000)]


Current CompileTask:
C2: 488274 1559  s    4       java.io.BufferedOutputStream::flush (12 bytes)

Stack: [0x000000634af00000,0x000000634b000000]
Native frames: (J=compiled Java code, j=interpreted, Vv=VM code, C=native code)
V  [jvm.dll+0x6681ca]
V  [jvm.dll+0x7c9e69]
V  [jvm.dll+0x7cb61e]
V  [jvm.dll+0x7cbc73]
V  [jvm.dll+0x242c55]
V  [jvm.dll+0xae10f]
V  [jvm.dll+0xae45c]
V  [jvm.dll+0x5f428f]
V  [jvm.dll+0x5f442f]
V  [jvm.dll+0x5f442f]
V  [jvm.dll+0x5f442f]
V  [jvm.dll+0x5fa347]
V  [jvm.dll+0x5fb1da]
V  [jvm.dll+0x5f979c]
V  [jvm.dll+0x215b58]
V  [jvm.dll+0x215100]
V  [jvm.dll+0x1a1beb]
V  [jvm.dll+0x225158]
V  [jvm.dll+0x22319c]
V  [jvm.dll+0x77fa62]
V  [jvm.dll+0x7795aa]
V  [jvm.dll+0x667066]
C  [ucrtbase.dll+0x21bb2]
C  [KERNEL32.DLL+0x17034]
C  [ntdll.dll+0x52651]


---------------  P R O C E S S  ---------------

Threads class SMR info:
_java_thread_list=0x00000185785e1c10, length=15, elements={
0x000001856ca8b0c0, 0x000001856cb6c740, 0x0000018576c77fc0, 0x0000018576c8bb90,
0x0000018576c8c590, 0x0000018576c8cf90, 0x0000018576c8d990, 0x0000018576c90780,
0x0000018576c9cb90, 0x0000018576c9f5e0, 0x0000018577842550, 0x00000185778677b0,
0x0000018577f242a0, 0x00000185785d0a30, 0x00000185782bf570
}

Java Threads: ( => current thread )
  0x000001856ca8b0c0 JavaThread "main" [_thread_in_native, id=8224, stack(0x000000634a200000,0x000000634a300000)]
  0x000001856cb6c740 JavaThread "Reference Handler" daemon [_thread_blocked, id=14776, stack(0x000000634a900000,0x000000634aa00000)]
  0x0000018576c77fc0 JavaThread "Finalizer" daemon [_thread_blocked, id=5776, stack(0x000000634aa00000,0x000000634ab00000)]
  0x0000018576c8bb90 JavaThread "Signal Dispatcher" daemon [_thread_blocked, id=21884, stack(0x000000634ab00000,0x000000634ac00000)]
  0x0000018576c8c590 JavaThread "Attach Listener" daemon [_thread_blocked, id=16436, stack(0x000000634ac00000,0x000000634ad00000)]
  0x0000018576c8cf90 JavaThread "Service Thread" daemon [_thread_blocked, id=21760, stack(0x000000634ad00000,0x000000634ae00000)]
  0x0000018576c8d990 JavaThread "Monitor Deflation Thread" daemon [_thread_blocked, id=22428, stack(0x000000634ae00000,0x000000634af00000)]
=>0x0000018576c90780 JavaThread "C2 CompilerThread0" daemon [_thread_in_native, id=15724, stack(0x000000634af00000,0x000000634b000000)]
  0x0000018576c9cb90 JavaThread "C1 CompilerThread0" daemon [_thread_blocked, id=9576, stack(0x000000634b000000,0x000000634b100000)]
  0x0000018576c9f5e0 JavaThread "Sweeper thread" daemon [_thread_blocked, id=12672, stack(0x000000634b100000,0x000000634b200000)]
  0x0000018577842550 JavaThread "Notification Thread" daemon [_thread_blocked, id=10408, stack(0x000000634b200000,0x000000634b300000)]
  0x00000185778677b0 JavaThread "Common-Cleaner" daemon [_thread_blocked, id=22120, stack(0x000000634b400000,0x000000634b500000)]
  0x0000018577f242a0 JavaThread "pool-1-thread-1" [_thread_blocked, id=21808, stack(0x000000634b600000,0x000000634b700000)]
  0x00000185785d0a30 JavaThread "DisconnectableInputStream source reader" daemon [_thread_in_native, id=11276, stack(0x000000634bb00000,0x000000634bc00000)]
  0x00000185782bf570 JavaThread "Forward input" [_thread_blocked, id=5364, stack(0x000000634bc00000,0x000000634bd00000)]

Other Threads:
  0x0000018576c756e0 VMThread "VM Thread" [stack: 0x000000634a800000,0x000000634a900000] [id=15392]
  0x0000018577866eb0 WatcherThread [stack: 0x000000634b300000,0x000000634b400000] [id=21152]
  0x000001856caac240 GCTaskThread "GC Thread#0" [stack: 0x000000634a300000,0x000000634a400000] [id=2688]
  0x00000185781eda90 GCTaskThread "GC Thread#1" [stack: 0x000000634b700000,0x000000634b800000] [id=268]
  0x0000018577a7fa30 GCTaskThread "GC Thread#2" [stack: 0x000000634b800000,0x000000634b900000] [id=20912]
  0x00000185787a5070 GCTaskThread "GC Thread#3" [stack: 0x000000634b900000,0x000000634ba00000] [id=4056]
  0x00000185783c04b0 GCTaskThread "GC Thread#4" [stack: 0x000000634ba00000,0x000000634bb00000] [id=21944]
  0x000001856caadb80 ConcurrentGCThread "G1 Main Marker" [stack: 0x000000634a400000,0x000000634a500000] [id=20388]
  0x000001856caae670 ConcurrentGCThread "G1 Conc#0" [stack: 0x000000634a500000,0x000000634a600000] [id=9080]
  0x000001856cb0aff0 ConcurrentGCThread "G1 Refine#0" [stack: 0x000000634a600000,0x000000634a700000] [id=14080]
  0x000001856cb0ba70 ConcurrentGCThread "G1 Service" [stack: 0x000000634a700000,0x000000634a800000] [id=4824]

Threads with active compile tasks:
C2 CompilerThread0   488368 1559  s    4       java.io.BufferedOutputStream::flush (12 bytes)

VM state: not at safepoint (normal execution)

VM Mutex/Monitor currently owned by a thread: None

Heap address: 0x00000000fc000000, size: 64 MB, Compressed Oops mode: 32-bit

CDS archive(s) mapped at: [0x0000000800000000-0x0000000800bb0000-0x0000000800bb0000), size 12255232, SharedBaseAddress: 0x0000000800000000, ArchiveRelocationMode: 0.
Compressed class space mapped at: 0x0000000800c00000-0x0000000840c00000, reserved size: 1073741824
Narrow klass base: 0x0000000800000000, Narrow klass shift: 3, Narrow klass range: 0x100000000

GC Precious Log:
 CPUs: 6 total, 6 available
 Memory: 7541M
 Large Page Support: Disabled
 NUMA Support: Disabled
 Compressed Oops: Enabled (32-bit)
 Heap Region Size: 1M
 Heap Min Capacity: 64M
 Heap Initial Capacity: 64M
 Heap Max Capacity: 64M
 Pre-touch: Disabled
 Parallel Workers: 6
 Concurrent Workers: 2
 Concurrent Refinement Workers: 6
 Periodic GC: Disabled

Heap:
 garbage-first heap   total 65536K, used 28490K [0x00000000fc000000, 0x0000000100000000)
  region size 1024K, 23 young (23552K), 3 survivors (3072K)
 Metaspace       used 8386K, committed 8576K, reserved 1056768K
  class space    used 1111K, committed 1216K, reserved 1048576K

Heap Regions: E=young(eden), S=young(survivor), O=old, HS=humongous(starts), HC=humongous(continues), CS=collection set, F=free, OA=open archive, CA=closed archive, TAMS=top-at-mark-start (previous, next)
|   0|0x00000000fc000000, 0x00000000fc000000, 0x00000000fc100000|  0%| F|  |TAMS 0x00000000fc000000, 0x00000000fc000000| Untracked 
|   1|0x00000000fc100000, 0x00000000fc100000, 0x00000000fc200000|  0%| F|  |TAMS 0x00000000fc100000, 0x00000000fc100000| Untracked 
|   2|0x00000000fc200000, 0x00000000fc200000, 0x00000000fc300000|  0%| F|  |TAMS 0x00000000fc200000, 0x00000000fc200000| Untracked 
|   3|0x00000000fc300000, 0x00000000fc400000, 0x00000000fc400000|100%|HS|  |TAMS 0x00000000fc300000, 0x00000000fc300000| Complete 
|   4|0x00000000fc400000, 0x00000000fc500000, 0x00000000fc500000|100%|HC|  |TAMS 0x00000000fc400000, 0x00000000fc400000| Complete 
|   5|0x00000000fc500000, 0x00000000fc600000, 0x00000000fc600000|100%|HC|  |TAMS 0x00000000fc500000, 0x00000000fc500000| Complete 
|   6|0x00000000fc600000, 0x00000000fc700000, 0x00000000fc700000|100%| O|  |TAMS 0x00000000fc600000, 0x00000000fc600000| Untracked 
|   7|0x00000000fc700000, 0x00000000fc800000, 0x00000000fc800000|100%| O|  |TAMS 0x00000000fc700000, 0x00000000fc700000| Untracked 
|   8|0x00000000fc800000, 0x00000000fc8d2a00, 0x00000000fc900000| 82%| O|  |TAMS 0x00000000fc800000, 0x00000000fc800000| Untracked 
|   9|0x00000000fc900000, 0x00000000fc900000, 0x00000000fca00000|  0%| F|  |TAMS 0x00000000fc900000, 0x00000000fc900000| Untracked 
|  10|0x00000000fca00000, 0x00000000fca00000, 0x00000000fcb00000|  0%| F|  |TAMS 0x00000000fca00000, 0x00000000fca00000| Untracked 
|  11|0x00000000fcb00000, 0x00000000fcb00000, 0x00000000fcc00000|  0%| F|  |TAMS 0x00000000fcb00000, 0x00000000fcb00000| Untracked 
|  12|0x00000000fcc00000, 0x00000000fcc00000, 0x00000000fcd00000|  0%| F|  |TAMS 0x00000000fcc00000, 0x00000000fcc00000| Untracked 
|  13|0x00000000fcd00000, 0x00000000fcd00000, 0x00000000fce00000|  0%| F|  |TAMS 0x00000000fcd00000, 0x00000000fcd00000| Untracked 
|  14|0x00000000fce00000, 0x00000000fce00000, 0x00000000fcf00000|  0%| F|  |TAMS 0x00000000fce00000, 0x00000000fce00000| Untracked 
|  15|0x00000000fcf00000, 0x00000000fcf00000, 0x00000000fd000000|  0%| F|  |TAMS 0x00000000fcf00000, 0x00000000fcf00000| Untracked 
|  16|0x00000000fd000000, 0x00000000fd000000, 0x00000000fd100000|  0%| F|  |TAMS 0x00000000fd000000, 0x00000000fd000000| Untracked 
|  17|0x00000000fd100000, 0x00000000fd100000, 0x00000000fd200000|  0%| F|  |TAMS 0x00000000fd100000, 0x00000000fd100000| Untracked 
|  18|0x00000000fd200000, 0x00000000fd200000, 0x00000000fd300000|  0%| F|  |TAMS 0x00000000fd200000, 0x00000000fd200000| Untracked 
|  19|0x00000000fd300000, 0x00000000fd300000, 0x00000000fd400000|  0%| F|  |TAMS 0x00000000fd300000, 0x00000000fd300000| Untracked 
|  20|0x00000000fd400000, 0x00000000fd400000, 0x00000000fd500000|  0%| F|  |TAMS 0x00000000fd400000, 0x00000000fd400000| Untracked 
|  21|0x00000000fd500000, 0x00000000fd500000, 0x00000000fd600000|  0%| F|  |TAMS 0x00000000fd500000, 0x00000000fd500000| Untracked 
|  22|0x00000000fd600000, 0x00000000fd600000, 0x00000000fd700000|  0%| F|  |TAMS 0x00000000fd600000, 0x00000000fd600000| Untracked 
|  23|0x00000000fd700000, 0x00000000fd700000, 0x00000000fd800000|  0%| F|  |TAMS 0x00000000fd700000, 0x00000000fd700000| Untracked 
|  24|0x00000000fd800000, 0x00000000fd800000, 0x00000000fd900000|  0%| F|  |TAMS 0x00000000fd800000, 0x00000000fd800000| Untracked 
|  25|0x00000000fd900000, 0x00000000fd900000, 0x00000000fda00000|  0%| F|  |TAMS 0x00000000fd900000, 0x00000000fd900000| Untracked 
|  26|0x00000000fda00000, 0x00000000fda00000, 0x00000000fdb00000|  0%| F|  |TAMS 0x00000000fda00000, 0x00000000fda00000| Untracked 
|  27|0x00000000fdb00000, 0x00000000fdb00000, 0x00000000fdc00000|  0%| F|  |TAMS 0x00000000fdb00000, 0x00000000fdb00000| Untracked 
|  28|0x00000000fdc00000, 0x00000000fdc00000, 0x00000000fdd00000|  0%| F|  |TAMS 0x00000000fdc00000, 0x00000000fdc00000| Untracked 
|  29|0x00000000fdd00000, 0x00000000fdd00000, 0x00000000fde00000|  0%| F|  |TAMS 0x00000000fdd00000, 0x00000000fdd00000| Untracked 
|  30|0x00000000fde00000, 0x00000000fde00000, 0x00000000fdf00000|  0%| F|  |TAMS 0x00000000fde00000, 0x00000000fde00000| Untracked 
|  31|0x00000000fdf00000, 0x00000000fdf00000, 0x00000000fe000000|  0%| F|  |TAMS 0x00000000fdf00000, 0x00000000fdf00000| Untracked 
|  32|0x00000000fe000000, 0x00000000fe000000, 0x00000000fe100000|  0%| F|  |TAMS 0x00000000fe000000, 0x00000000fe000000| Untracked 
|  33|0x00000000fe100000, 0x00000000fe100000, 0x00000000fe200000|  0%| F|  |TAMS 0x00000000fe100000, 0x00000000fe100000| Untracked 
|  34|0x00000000fe200000, 0x00000000fe200000, 0x00000000fe300000|  0%| F|  |TAMS 0x00000000fe200000, 0x00000000fe200000| Untracked 
|  35|0x00000000fe300000, 0x00000000fe300000, 0x00000000fe400000|  0%| F|  |TAMS 0x00000000fe300000, 0x00000000fe300000| Untracked 
|  36|0x00000000fe400000, 0x00000000fe400000, 0x00000000fe500000|  0%| F|  |TAMS 0x00000000fe400000, 0x00000000fe400000| Untracked 
|  37|0x00000000fe500000, 0x00000000fe500000, 0x00000000fe600000|  0%| F|  |TAMS 0x00000000fe500000, 0x00000000fe500000| Untracked 
|  38|0x00000000fe600000, 0x00000000fe600000, 0x00000000fe700000|  0%| F|  |TAMS 0x00000000fe600000, 0x00000000fe600000| Untracked 
|  39|0x00000000fe700000, 0x00000000fe700000, 0x00000000fe800000|  0%| F|  |TAMS 0x00000000fe700000, 0x00000000fe700000| Untracked 
|  40|0x00000000fe800000, 0x00000000fe900000, 0x00000000fe900000|100%| S|CS|TAMS 0x00000000fe800000, 0x00000000fe800000| Complete 
|  41|0x00000000fe900000, 0x00000000fea00000, 0x00000000fea00000|100%| S|CS|TAMS 0x00000000fe900000, 0x00000000fe900000| Complete 
|  42|0x00000000fea00000, 0x00000000feb00000, 0x00000000feb00000|100%| S|CS|TAMS 0x00000000fea00000, 0x00000000fea00000| Complete 
|  43|0x00000000feb00000, 0x00000000feb00000, 0x00000000fec00000|  0%| F|  |TAMS 0x00000000feb00000, 0x00000000feb00000| Untracked 
|  44|0x00000000fec00000, 0x00000000fec71268, 0x00000000fed00000| 44%| E|  |TAMS 0x00000000fec00000, 0x00000000fec00000| Complete 
|  45|0x00000000fed00000, 0x00000000fee00000, 0x00000000fee00000|100%| E|CS|TAMS 0x00000000fed00000, 0x00000000fed00000| Complete 
|  46|0x00000000fee00000, 0x00000000fef00000, 0x00000000fef00000|100%| E|CS|TAMS 0x00000000fee00000, 0x00000000fee00000| Complete 
|  47|0x00000000fef00000, 0x00000000ff000000, 0x00000000ff000000|100%| E|CS|TAMS 0x00000000fef00000, 0x00000000fef00000| Complete 
|  48|0x00000000ff000000, 0x00000000ff100000, 0x00000000ff100000|100%| E|CS|TAMS 0x00000000ff000000, 0x00000000ff000000| Complete 
|  49|0x00000000ff100000, 0x00000000ff200000, 0x00000000ff200000|100%| E|CS|TAMS 0x00000000ff100000, 0x00000000ff100000| Complete 
|  50|0x00000000ff200000, 0x00000000ff300000, 0x00000000ff300000|100%| E|CS|TAMS 0x00000000ff200000, 0x00000000ff200000| Complete 
|  51|0x00000000ff300000, 0x00000000ff400000, 0x00000000ff400000|100%| E|CS|TAMS 0x00000000ff300000, 0x00000000ff300000| Complete 
|  52|0x00000000ff400000, 0x00000000ff500000, 0x00000000ff500000|100%| E|CS|TAMS 0x00000000ff400000, 0x00000000ff400000| Complete 
|  53|0x00000000ff500000, 0x00000000ff600000, 0x00000000ff600000|100%| E|CS|TAMS 0x00000000ff500000, 0x00000000ff500000| Complete 
|  54|0x00000000ff600000, 0x00000000ff700000, 0x00000000ff700000|100%| E|CS|TAMS 0x00000000ff600000, 0x00000000ff600000| Complete 
|  55|0x00000000ff700000, 0x00000000ff800000, 0x00000000ff800000|100%| E|CS|TAMS 0x00000000ff700000, 0x00000000ff700000| Complete 
|  56|0x00000000ff800000, 0x00000000ff900000, 0x00000000ff900000|100%| E|CS|TAMS 0x00000000ff800000, 0x00000000ff800000| Complete 
|  57|0x00000000ff900000, 0x00000000ffa00000, 0x00000000ffa00000|100%| E|CS|TAMS 0x00000000ff900000, 0x00000000ff900000| Complete 
|  58|0x00000000ffa00000, 0x00000000ffb00000, 0x00000000ffb00000|100%| E|CS|TAMS 0x00000000ffa00000, 0x00000000ffa00000| Complete 
|  59|0x00000000ffb00000, 0x00000000ffc00000, 0x00000000ffc00000|100%| E|CS|TAMS 0x00000000ffb00000, 0x00000000ffb00000| Complete 
|  60|0x00000000ffc00000, 0x00000000ffd00000, 0x00000000ffd00000|100%| E|CS|TAMS 0x00000000ffc00000, 0x00000000ffc00000| Complete 
|  61|0x00000000ffd00000, 0x00000000ffe00000, 0x00000000ffe00000|100%| E|CS|TAMS 0x00000000ffd00000, 0x00000000ffd00000| Complete 
|  62|0x00000000ffe00000, 0x00000000fff00000, 0x00000000fff00000|100%| E|CS|TAMS 0x00000000ffe00000, 0x00000000ffe00000| Complete 
|  63|0x00000000fff00000, 0x0000000100000000, 0x0000000100000000|100%| E|CS|TAMS 0x00000000fff00000, 0x00000000fff00000| Complete 

Card table byte_map: [0x000001856aa50000,0x000001856aa70000] _byte_map_base: 0x000001856a270000

Marking Bits (Prev, Next): (CMBitMap*) 0x000001856caac930, (CMBitMap*) 0x000001856caac970
 Prev Bits: [0x0000018574330000, 0x0000018574430000)
 Next Bits: [0x0000018574430000, 0x0000018574530000)

Polling page: 0x000001856aa00000

Metaspace:

Usage:
  Non-class:      7.11 MB used.
      Class:      1.09 MB used.
       Both:      8.19 MB used.

Virtual space:
  Non-class space:        8.00 MB reserved,       7.19 MB ( 90%) committed,  1 nodes.
      Class space:        1.00 GB reserved,       1.19 MB ( <1%) committed,  1 nodes.
              Both:        1.01 GB reserved,       8.38 MB ( <1%) committed. 

Chunk freelists:
   Non-Class:  272.00 KB
       Class:  2.67 MB
        Both:  2.94 MB

MaxMetaspaceSize: 17179869184.00 GB
CompressedClassSpaceSize: 1.00 GB
 - commit_granule_bytes: 65536.
 - commit_granule_words: 8192.
 - virtual_space_node_default_size: 1048576.
 - enlarge_chunks_in_place: 1.
 - new_chunks_are_fully_committed: 0.
 - uncommit_free_chunks: 1.
 - use_allocation_guard: 0.
 - handle_deallocations: 1.


Internal statistics:

num_allocs_failed_limit: 0.
num_arena_births: 84.
num_arena_deaths: 0.
num_vsnodes_births: 2.
num_vsnodes_deaths: 0.
num_space_committed: 134.
num_space_uncommitted: 0.
num_chunks_returned_to_freelist: 0.
num_chunks_taken_from_freelist: 296.
num_chunk_merges: 0.
num_chunk_splits: 205.
num_chunks_enlarged: 173.
num_purges: 0.

CodeHeap 'non-profiled nmethods': size=120000Kb used=639Kb max_used=639Kb free=119360Kb
 bounds [0x0000018507ad0000, 0x0000018507d40000, 0x000001850f000000]
CodeHeap 'profiled nmethods': size=120000Kb used=2725Kb max_used=2725Kb free=117274Kb
 bounds [0x00000185005a0000, 0x0000018500850000, 0x0000018507ad0000]
CodeHeap 'non-nmethods': size=5760Kb used=1181Kb max_used=1207Kb free=4578Kb
 bounds [0x0000018500000000, 0x0000018500270000, 0x00000185005a0000]
 total_blobs=2031 nmethods=1558 adapters=386
 compilation: enabled
              stopped_count=0, restarted_count=0
 full_count=0

Compilation events (20 events):
Event: 380.554 Thread 0x0000018576c9cb90 nmethod 1549 0x0000018500848710 code [0x0000018500848900, 0x0000018500848e58]
Event: 380.554 Thread 0x0000018576c9cb90 1550       3       java.util.ArrayList$ListItr::<init> (16 bytes)
Event: 380.555 Thread 0x0000018576c9cb90 nmethod 1550 0x0000018500849090 code [0x0000018500849240, 0x00000185008494d8]
Event: 389.466 Thread 0x0000018576c90780 1551       4       java.util.ArrayList::clear (43 bytes)
Event: 389.468 Thread 0x0000018576c90780 nmethod 1551 0x0000018507b67f90 code [0x0000018507b68120, 0x0000018507b68278]
Event: 390.556 Thread 0x0000018576c90780 1552       4       java.util.HashMap::getNode (150 bytes)
Event: 390.565 Thread 0x0000018576c90780 nmethod 1552 0x0000018507b68390 code [0x0000018507b68540, 0x0000018507b68a18]
Event: 413.659 Thread 0x0000018576c90780 1553       4       org.gradle.internal.logging.events.StyledTextOutputEvent$Span::equals (63 bytes)
Event: 413.660 Thread 0x0000018576c90780 nmethod 1553 0x0000018507b68d10 code [0x0000018507b68ea0, 0x0000018507b69118]
Event: 429.659 Thread 0x0000018576c90780 1554       4       java.util.ArrayList::<init> (61 bytes)
Event: 429.663 Thread 0x0000018576c90780 nmethod 1554 0x0000018507b69290 code [0x0000018507b69420, 0x0000018507b69778]
Event: 444.858 Thread 0x0000018576c90780 1555       4       org.gradle.internal.logging.console.MultiLineBuildProgressArea::redraw (203 bytes)
Event: 444.947 Thread 0x0000018576c90780 nmethod 1555 0x0000018507b69890 code [0x0000018507b69c80, 0x0000018507b6ced8]
Event: 446.559 Thread 0x0000018576c90780 1556       4       java.lang.Integer::stringSize (47 bytes)
Event: 446.561 Thread 0x0000018576c90780 nmethod 1556 0x0000018507b6f190 code [0x0000018507b6f300, 0x0000018507b6f3d8]
Event: 446.561 Thread 0x0000018576c90780 1557       4       java.lang.Integer::getChars (131 bytes)
Event: 446.567 Thread 0x0000018576c90780 nmethod 1557 0x0000018507b6f490 code [0x0000018507b6f620, 0x0000018507b6fa18]
Event: 485.055 Thread 0x0000018576c90780 1558       4       java.util.concurrent.TimeUnit::toMillis (69 bytes)
Event: 485.057 Thread 0x0000018576c90780 nmethod 1558 0x0000018507b6fc10 code [0x0000018507b6fda0, 0x0000018507b6fe98]
Event: 488.256 Thread 0x0000018576c90780 1559  s    4       java.io.BufferedOutputStream::flush (12 bytes)

GC Heap History (2 events):
Event: 0.861 GC heap before
{Heap before GC invocations=0 (full 0):
 garbage-first heap   total 65536K, used 27648K [0x00000000fc000000, 0x0000000100000000)
  region size 1024K, 21 young (21504K), 0 survivors (0K)
 Metaspace       used 3771K, committed 3904K, reserved 1056768K
  class space    used 494K, committed 576K, reserved 1048576K
}
Event: 0.867 GC heap after
{Heap after GC invocations=1 (full 0):
 garbage-first heap   total 65536K, used 9034K [0x00000000fc000000, 0x0000000100000000)
  region size 1024K, 3 young (3072K), 3 survivors (3072K)
 Metaspace       used 3771K, committed 3904K, reserved 1056768K
  class space    used 494K, committed 576K, reserved 1048576K
}

Deoptimization events (20 events):
Event: 1.049 Thread 0x000001856ca8b0c0 DEOPT PACKING pc=0x0000018500682c38 sp=0x000000634a2fb540
Event: 1.049 Thread 0x000001856ca8b0c0 DEOPT UNPACKING pc=0x000001850004dece sp=0x000000634a2faa58 mode 0
Event: 1.174 Thread 0x000001856ca8b0c0 DEOPT PACKING pc=0x0000018500604bfb sp=0x000000634a2fc350
Event: 1.174 Thread 0x000001856ca8b0c0 DEOPT UNPACKING pc=0x000001850004dece sp=0x000000634a2fb838 mode 0
Event: 1.174 Thread 0x000001856ca8b0c0 Uncommon trap: trap_request=0xffffff45 fr.pc=0x0000018507af1a3c relative=0x000000000000049c
Event: 1.174 Thread 0x000001856ca8b0c0 Uncommon trap: reason=unstable_if action=reinterpret pc=0x0000018507af1a3c method=java.util.Properties$LineReader.readLine()I @ 249 c2
Event: 1.174 Thread 0x000001856ca8b0c0 DEOPT PACKING pc=0x0000018507af1a3c sp=0x000000634a2fc3b0
Event: 1.174 Thread 0x000001856ca8b0c0 DEOPT UNPACKING pc=0x000001850004d72e sp=0x000000634a2fc348 mode 2
Event: 1.384 Thread 0x000001856ca8b0c0 Uncommon trap: trap_request=0xffffff45 fr.pc=0x0000018507b07dac relative=0x000000000000060c
Event: 1.384 Thread 0x000001856ca8b0c0 Uncommon trap: reason=unstable_if action=reinterpret pc=0x0000018507b07dac method=java.lang.AbstractStringBuilder.append(Ljava/lang/String;)Ljava/lang/AbstractStringBuilder; @ 1 c2
Event: 1.384 Thread 0x000001856ca8b0c0 DEOPT PACKING pc=0x0000018507b07dac sp=0x000000634a2fdae0
Event: 1.384 Thread 0x000001856ca8b0c0 DEOPT UNPACKING pc=0x000001850004d72e sp=0x000000634a2fda70 mode 2
Event: 1.384 Thread 0x000001856ca8b0c0 Uncommon trap: trap_request=0xffffff45 fr.pc=0x0000018507b1221c relative=0x00000000000005fc
Event: 1.384 Thread 0x000001856ca8b0c0 Uncommon trap: reason=unstable_if action=reinterpret pc=0x0000018507b1221c method=java.lang.AbstractStringBuilder.append(Ljava/lang/String;)Ljava/lang/AbstractStringBuilder; @ 1 c2
Event: 1.384 Thread 0x000001856ca8b0c0 DEOPT PACKING pc=0x0000018507b1221c sp=0x000000634a2fda80
Event: 1.385 Thread 0x000001856ca8b0c0 DEOPT UNPACKING pc=0x000001850004d72e sp=0x000000634a2fda68 mode 2
Event: 1.415 Thread 0x000001856ca8b0c0 Uncommon trap: trap_request=0xffffff45 fr.pc=0x0000018507b1437c relative=0x00000000000001dc
Event: 1.415 Thread 0x000001856ca8b0c0 Uncommon trap: reason=unstable_if action=reinterpret pc=0x0000018507b1437c method=java.util.HashMap.putVal(ILjava/lang/Object;Ljava/lang/Object;ZZ)Ljava/lang/Object; @ 162 c2
Event: 1.415 Thread 0x000001856ca8b0c0 DEOPT PACKING pc=0x0000018507b1437c sp=0x000000634a2fba00
Event: 1.415 Thread 0x000001856ca8b0c0 DEOPT UNPACKING pc=0x000001850004d72e sp=0x000000634a2fb990 mode 2

Classes unloaded (0 events):
No events

Classes redefined (0 events):
No events

Internal exceptions (20 events):
Event: 0.719 Thread 0x000001856ca8b0c0 Exception <a 'java/lang/NoSuchMethodError'{0x00000000fefbc7d8}: 'void java.lang.invoke.DirectMethodHandle$Holder.invokeStatic(java.lang.Object, java.lang.Object)'> (0x00000000fefbc7d8) 
thrown [t:\workspace\open\src\hotspot\share\interpreter\linkResolver.cpp, line 790]
Event: 0.747 Thread 0x000001856ca8b0c0 Exception <a 'java/lang/NoClassDefFoundError'{0x00000000fee4f098}: org/slf4j/impl/StaticMarkerBinder> (0x00000000fee4f098) 
thrown [t:\workspace\open\src\hotspot\share\classfile\systemDictionary.cpp, line 245]
Event: 0.769 Thread 0x000001856ca8b0c0 Exception <a 'java/lang/NoSuchMethodError'{0x00000000feee2408}: 'java.lang.Object java.lang.invoke.DirectMethodHandle$Holder.invokeVirtual(java.lang.Object, java.lang.Object, java.lang.Object, java.lang.Object, java.lang.Object, java.lang.Object, java.lang.Object)'> (0x00000000feee2408) 
thrown [t:\workspace\open\src\hotspot\share\interpreter\linkResolver.cpp, line 790]
Event: 0.772 Thread 0x000001856ca8b0c0 Exception <a 'java/lang/NoSuchMethodError'{0x00000000feef3810}: 'java.lang.Object java.lang.invoke.Invokers$Holder.invoker(java.lang.Object, java.lang.Object, java.lang.Object)'> (0x00000000feef3810) 
thrown [t:\workspace\open\src\hotspot\share\interpreter\linkResolver.cpp, line 790]
Event: 0.774 Thread 0x000001856ca8b0c0 Exception <a 'java/lang/NoSuchMethodError'{0x00000000feefdd28}: 'java.lang.Object java.lang.invoke.DirectMethodHandle$Holder.invokeStatic(java.lang.Object, java.lang.Object, int)'> (0x00000000feefdd28) 
thrown [t:\workspace\open\src\hotspot\share\interpreter\linkResolver.cpp, line 790]
Event: 0.776 Thread 0x000001856ca8b0c0 Exception <a 'java/lang/NoSuchMethodError'{0x00000000fed0a460}: 'void java.lang.invoke.DelegatingMethodHandle$Holder.delegate(java.lang.Object, java.lang.Object, int, java.lang.Object)'> (0x00000000fed0a460) 
thrown [t:\workspace\open\src\hotspot\share\interpreter\linkResolver.cpp, line 790]
Event: 0.777 Thread 0x000001856ca8b0c0 Exception <a 'java/lang/NoSuchMethodError'{0x00000000fed0e6c0}: 'int java.lang.invoke.DirectMethodHandle$Holder.invokeSpecial(java.lang.Object, java.lang.Object, java.lang.Object)'> (0x00000000fed0e6c0) 
thrown [t:\workspace\open\src\hotspot\share\interpreter\linkResolver.cpp, line 790]
Event: 0.781 Thread 0x000001856ca8b0c0 Exception <a 'java/lang/NoSuchMethodError'{0x00000000fed22190}: 'java.lang.Object java.lang.invoke.Invokers$Holder.invokeExact_MT(java.lang.Object, java.lang.Object, java.lang.Object, java.lang.Object)'> (0x00000000fed22190) 
thrown [t:\workspace\open\src\hotspot\share\interpreter\linkResolver.cpp, line 790]
Event: 0.920 Thread 0x000001856ca8b0c0 Exception <a 'java/lang/NoSuchMethodError'{0x00000000ffd1fc80}: 'java.lang.Object java.lang.invoke.DirectMethodHandle$Holder.invokeInterface(java.lang.Object, java.lang.Object, java.lang.Object)'> (0x00000000ffd1fc80) 
thrown [t:\workspace\open\src\hotspot\share\interpreter\linkResolver.cpp, line 790]
Event: 0.935 Thread 0x000001856ca8b0c0 Implicit null exception at 0x0000018507b1d813 to 0x0000018507b1dc40
Event: 0.935 Thread 0x000001856ca8b0c0 Implicit null exception at 0x0000018507b0d313 to 0x0000018507b0d754
Event: 0.958 Thread 0x000001856ca8b0c0 Exception <a 'java/lang/NoSuchMethodError'{0x00000000ffcb0b10}: 'java.lang.Object java.lang.invoke.DirectMethodHandle$Holder.invokeStatic(java.lang.Object)'> (0x00000000ffcb0b10) 
thrown [t:\workspace\open\src\hotspot\share\interpreter\linkResolver.cpp, line 790]
Event: 0.959 Thread 0x000001856ca8b0c0 Exception <a 'java/lang/NoSuchMethodError'{0x00000000ffcb4428}: 'java.lang.Object java.lang.invoke.DirectMethodHandle$Holder.invokeStaticInit(java.lang.Object)'> (0x00000000ffcb4428) 
thrown [t:\workspace\open\src\hotspot\share\interpreter\linkResolver.cpp, line 790]
Event: 0.974 Thread 0x000001856ca8b0c0 Exception <a 'java/lang/NoSuchMethodError'{0x00000000ffcce478}: 'java.lang.Object java.lang.invoke.DirectMethodHandle$Holder.invokeInterface(java.lang.Object, java.lang.Object)'> (0x00000000ffcce478) 
thrown [t:\workspace\open\src\hotspot\share\interpreter\linkResolver.cpp, line 790]
Event: 0.975 Thread 0x000001856ca8b0c0 Exception <a 'java/lang/NoSuchMethodError'{0x00000000ffcd6b30}: 'java.lang.Object java.lang.invoke.DirectMethodHandle$Holder.invokeStaticInit(java.lang.Object, java.lang.Object, java.lang.Object)'> (0x00000000ffcd6b30) 
thrown [t:\workspace\open\src\hotspot\share\interpreter\linkResolver.cpp, line 790]
Event: 1.089 Thread 0x000001856ca8b0c0 Exception <a 'java/lang/NoSuchMethodError'{0x00000000ff78ac98}: 'java.lang.Object java.lang.invoke.DirectMethodHandle$Holder.invokeStaticInit(java.lang.Object, int, int, int, int)'> (0x00000000ff78ac98) 
thrown [t:\workspace\open\src\hotspot\share\interpreter\linkResolver.cpp, line 790]
Event: 1.165 Thread 0x000001856ca8b0c0 Exception <a 'java/lang/NoSuchMethodError'{0x00000000ff6748c8}: 'java.lang.Object java.lang.invoke.DirectMethodHandle$Holder.invokeStaticInit(java.lang.Object, java.lang.Object, int, int, int, int)'> (0x00000000ff6748c8) 
thrown [t:\workspace\open\src\hotspot\share\interpreter\linkResolver.cpp, line 790]
Event: 1.363 Thread 0x000001856ca8b0c0 Exception <a 'java/lang/NoSuchMethodError'{0x00000000ff6a2298}: 'void java.lang.invoke.DirectMethodHandle$Holder.invokeStatic(java.lang.Object, java.lang.Object, java.lang.Object)'> (0x00000000ff6a2298) 
thrown [t:\workspace\open\src\hotspot\share\interpreter\linkResolver.cpp, line 790]
Event: 1.384 Thread 0x000001856ca8b0c0 Implicit null exception at 0x0000018507b077d5 to 0x0000018507b07d94
Event: 1.384 Thread 0x000001856ca8b0c0 Implicit null exception at 0x0000018507b11c52 to 0x0000018507b12204

Events (20 events):
Event: 255.948 Executing  VM operation: Cleanup
Event: 255.948 Executing  VM operation: Cleanup done
Event: 266.048 Executing  VM operation: Cleanup
Event: 266.048 Executing  VM operation: Cleanup done
Event: 271.078 Executing  VM operation: Cleanup
Event: 271.078 Executing  VM operation: Cleanup done
Event: 302.370 Executing  VM operation: Cleanup
Event: 302.371 Executing  VM operation: Cleanup done
Event: 370.966 Executing  VM operation: Cleanup
Event: 370.966 Executing  VM operation: Cleanup done
Event: 382.087 Executing  VM operation: Cleanup
Event: 382.087 Executing  VM operation: Cleanup done
Event: 390.184 Executing  VM operation: Cleanup
Event: 390.184 Executing  VM operation: Cleanup done
Event: 414.381 Executing  VM operation: Cleanup
Event: 414.381 Executing  VM operation: Cleanup done
Event: 415.395 Executing  VM operation: Cleanup
Event: 415.395 Executing  VM operation: Cleanup done
Event: 445.635 Executing  VM operation: Cleanup
Event: 445.635 Executing  VM operation: Cleanup done


Dynamic libraries:
0x00007ff7f9e00000 - 0x00007ff7f9e10000 	C:\Program Files\Java\jdk-16.0.2\bin\java.exe
0x00007ffd88190000 - 0x00007ffd88385000 	C:\Windows\SYSTEM32\ntdll.dll
0x00007ffd87190000 - 0x00007ffd8724d000 	C:\Windows\System32\KERNEL32.DLL
0x00007ffd85b50000 - 0x00007ffd85e1d000 	C:\Windows\System32\KERNELBASE.dll
0x00007ffd860e0000 - 0x00007ffd861e0000 	C:\Windows\System32\ucrtbase.dll
0x00007ffd81270000 - 0x00007ffd81289000 	C:\Program Files\Java\jdk-16.0.2\bin\VCRUNTIME140.dll
0x00007ffd7f4f0000 - 0x00007ffd7f508000 	C:\Program Files\Java\jdk-16.0.2\bin\jli.dll
0x00007ffd86400000 - 0x00007ffd864ae000 	C:\Windows\System32\ADVAPI32.dll
0x00007ffd880b0000 - 0x00007ffd8814e000 	C:\Windows\System32\msvcrt.dll
0x00007ffd864b0000 - 0x00007ffd8654c000 	C:\Windows\System32\sechost.dll
0x00007ffd861e0000 - 0x00007ffd86305000 	C:\Windows\System32\RPCRT4.dll
0x00007ffd87bc0000 - 0x00007ffd87d60000 	C:\Windows\System32\USER32.dll
0x00007ffd858a0000 - 0x00007ffd858c2000 	C:\Windows\System32\win32u.dll
0x00007ffd87ea0000 - 0x00007ffd87eca000 	C:\Windows\System32\GDI32.dll
0x00007ffd6fc00000 - 0x00007ffd6fe9a000 	C:\Windows\WinSxS\amd64_microsoft.windows.common-controls_6595b64144ccf1df_6.0.19041.1110_none_60b5254171f9507e\COMCTL32.dll
0x00007ffd85e20000 - 0x00007ffd85f2b000 	C:\Windows\System32\gdi32full.dll
0x00007ffd86040000 - 0x00007ffd860dd000 	C:\Windows\System32\msvcp_win.dll
0x00007ffd7c220000 - 0x00007ffd7c22a000 	C:\Windows\SYSTEM32\VERSION.dll
0x00007ffd87810000 - 0x00007ffd87840000 	C:\Windows\System32\IMM32.DLL
0x00007ffd812c0000 - 0x00007ffd812cc000 	C:\Program Files\Java\jdk-16.0.2\bin\vcruntime140_1.dll
0x00007ffd7ebe0000 - 0x00007ffd7ec71000 	C:\Program Files\Java\jdk-16.0.2\bin\msvcp140.dll
0x00007ffd39680000 - 0x00007ffd3a22b000 	C:\Program Files\Java\jdk-16.0.2\bin\server\jvm.dll
0x00007ffd87bb0000 - 0x00007ffd87bb8000 	C:\Windows\System32\PSAPI.DLL
0x00007ffd68950000 - 0x00007ffd68959000 	C:\Windows\SYSTEM32\WSOCK32.dll
0x00007ffd7c230000 - 0x00007ffd7c257000 	C:\Windows\SYSTEM32\WINMM.dll
0x00007ffd87e30000 - 0x00007ffd87e9b000 	C:\Windows\System32\WS2_32.dll
0x00007ffd83740000 - 0x00007ffd83752000 	C:\Windows\SYSTEM32\kernel.appcore.dll
0x00007ffd7f520000 - 0x00007ffd7f52a000 	C:\Program Files\Java\jdk-16.0.2\bin\jimage.dll
0x00007ffd693b0000 - 0x00007ffd69594000 	C:\Windows\SYSTEM32\DBGHELP.DLL
0x00007ffd69ea0000 - 0x00007ffd69ecc000 	C:\Windows\SYSTEM32\dbgcore.DLL
0x00007ffd85f60000 - 0x00007ffd85fe2000 	C:\Windows\System32\bcryptPrimitives.dll
0x00007ffd7de10000 - 0x00007ffd7de35000 	C:\Program Files\Java\jdk-16.0.2\bin\java.dll
0x00007ffd86550000 - 0x00007ffd86c94000 	C:\Windows\System32\SHELL32.dll
0x00007ffd83960000 - 0x00007ffd840f4000 	C:\Windows\SYSTEM32\windows.storage.dll
0x00007ffd87400000 - 0x00007ffd87754000 	C:\Windows\System32\combase.dll
0x00007ffd85150000 - 0x00007ffd8517c000 	C:\Windows\SYSTEM32\Wldp.dll
0x00007ffd87760000 - 0x00007ffd8780d000 	C:\Windows\System32\SHCORE.dll
0x00007ffd86ca0000 - 0x00007ffd86cf5000 	C:\Windows\System32\shlwapi.dll
0x00007ffd857e0000 - 0x00007ffd857ff000 	C:\Windows\SYSTEM32\profapi.dll
0x00007ffd7eb40000 - 0x00007ffd7eb59000 	C:\Program Files\Java\jdk-16.0.2\bin\net.dll
0x00007ffd7fa30000 - 0x00007ffd7fb3a000 	C:\Windows\SYSTEM32\WINHTTP.dll
0x00007ffd84f30000 - 0x00007ffd84f9a000 	C:\Windows\system32\mswsock.dll
0x00007ffd7ded0000 - 0x00007ffd7dee3000 	C:\Program Files\Java\jdk-16.0.2\bin\nio.dll
0x00007ffd7dc90000 - 0x00007ffd7dca8000 	C:\Program Files\Java\jdk-16.0.2\bin\zip.dll
0x00007ffd7ebd0000 - 0x00007ffd7ebe0000 	C:\Program Files\Java\jdk-16.0.2\bin\verify.dll
0x00007ffd7dc60000 - 0x00007ffd7dc87000 	C:\Users\pente\.gradle\native\e1d6ef7f7dcc3fd88c89a11ec53ec762bb8ba0a96d01ffa2cd45eb1d1d8dd5c5\windows-amd64\native-platform.dll
0x00007ffd82740000 - 0x00007ffd8274a000 	C:\Users\pente\.gradle\native\jansi\1.18\windows64\jansi.dll
0x00007ffd7de00000 - 0x00007ffd7de09000 	C:\Program Files\Java\jdk-16.0.2\bin\management.dll
0x00007ffd7dc50000 - 0x00007ffd7dc5b000 	C:\Program Files\Java\jdk-16.0.2\bin\management_ext.dll
0x00007ffd85190000 - 0x00007ffd851a8000 	C:\Windows\SYSTEM32\CRYPTSP.dll
0x00007ffd848d0000 - 0x00007ffd84904000 	C:\Windows\system32\rsaenh.dll
0x00007ffd85f30000 - 0x00007ffd85f57000 	C:\Windows\System32\bcrypt.dll
0x00007ffd85760000 - 0x00007ffd8578e000 	C:\Windows\SYSTEM32\USERENV.dll
0x00007ffd850c0000 - 0x00007ffd850cc000 	C:\Windows\SYSTEM32\CRYPTBASE.dll
0x00007ffd84c40000 - 0x00007ffd84c7b000 	C:\Windows\SYSTEM32\IPHLPAPI.DLL
0x00007ffd87ef0000 - 0x00007ffd87ef8000 	C:\Windows\System32\NSI.dll
0x00007ffd7b180000 - 0x00007ffd7b197000 	C:\Windows\SYSTEM32\dhcpcsvc6.DLL
0x00007ffd7b610000 - 0x00007ffd7b62d000 	C:\Windows\SYSTEM32\dhcpcsvc.DLL
0x00007ffd84c80000 - 0x00007ffd84d4b000 	C:\Windows\SYSTEM32\DNSAPI.dll
0x00007ffd7dc00000 - 0x00007ffd7dc0e000 	C:\Program Files\Java\jdk-16.0.2\bin\sunmscapi.dll
0x00007ffd85940000 - 0x00007ffd85a96000 	C:\Windows\System32\CRYPT32.dll
0x00007ffd85370000 - 0x00007ffd85397000 	C:\Windows\SYSTEM32\ncrypt.dll
0x00007ffd852e0000 - 0x00007ffd8531b000 	C:\Windows\SYSTEM32\NTASN1.dll
0x00007ffd7dbf0000 - 0x00007ffd7dbf7000 	C:\Windows\system32\wshunix.dll

dbghelp: loaded successfully - version: 4.0.5 - missing functions: none
symbol engine: initialized successfully - sym options: 0x614 - pdb path: .;C:\Program Files\Java\jdk-16.0.2\bin;C:\Windows\SYSTEM32;C:\Windows\WinSxS\amd64_microsoft.windows.common-controls_6595b64144ccf1df_6.0.19041.1110_none_60b5254171f9507e;C:\Program Files\Java\jdk-16.0.2\bin\server;C:\Users\pente\.gradle\native\e1d6ef7f7dcc3fd88c89a11ec53ec762bb8ba0a96d01ffa2cd45eb1d1d8dd5c5\windows-amd64;C:\Users\pente\.gradle\native\jansi\1.18\windows64

VM Arguments:
jvm_args: -Xmx64m -Xms64m -Dorg.gradle.appname=gradle 
java_command: org.gradle.launcher.GradleMain bootRun
java_class_path (initial): C:\Gradle\gradle-7.2\lib\gradle-launcher-7.2.jar
Launcher Type: SUN_STANDARD

[Global flags]
     intx CICompilerCount                          = 3                                         {product} {ergonomic}
     uint ConcGCThreads                            = 2                                         {product} {ergonomic}
     uint G1ConcRefinementThreads                  = 6                                         {product} {ergonomic}
   size_t G1HeapRegionSize                         = 1048576                                   {product} {ergonomic}
    uintx GCDrainStackTargetSize                   = 64                                        {product} {ergonomic}
   size_t InitialHeapSize                          = 67108864                                  {product} {command line}
   size_t MarkStackSize                            = 4194304                                   {product} {ergonomic}
   size_t MaxHeapSize                              = 67108864                                  {product} {command line}
   size_t MaxNewSize                               = 39845888                                  {product} {ergonomic}
   size_t MinHeapDeltaBytes                        = 1048576                                   {product} {ergonomic}
   size_t MinHeapSize                              = 67108864                                  {product} {command line}
    uintx NonNMethodCodeHeapSize                   = 5832780                                {pd product} {ergonomic}
    uintx NonProfiledCodeHeapSize                  = 122912730                              {pd product} {ergonomic}
    uintx ProfiledCodeHeapSize                     = 122912730                              {pd product} {ergonomic}
    uintx ReservedCodeCacheSize                    = 251658240                              {pd product} {ergonomic}
     bool SegmentedCodeCache                       = true                                      {product} {ergonomic}
   size_t SoftMaxHeapSize                          = 67108864                               {manageable} {ergonomic}
     bool UseCompressedClassPointers               = true                           {product lp64_product} {ergonomic}
     bool UseCompressedOops                        = true                           {product lp64_product} {ergonomic}
     bool UseG1GC                                  = true                                      {product} {ergonomic}
     bool UseLargePagesIndividualAllocation        = false                                  {pd product} {ergonomic}

Logging:
Log output configuration:
 #0: stdout all=warning uptime,level,tags
 #1: stderr all=off uptime,level,tags

Environment Variables:
JAVA_HOME=C:\Program Files\Java\jdk-16.0.2
CLASSPATH=C:\Gradle\gradle-7.2\lib\gradle-launcher-7.2.jar
PATH=C:\app\pente\product\21c\dbhomeXE\bin;C:\Program Files (x86)\Common Files\Oracle\Java\javapath;C:\Windows\system32;C:\Windows;C:\Windows\System32\Wbem;C:\Windows\System32\WindowsPowerShell\v1.0\;C:\Windows\System32\OpenSSH\;C:\Program Files\Git\cmd;C:\GnuWin32\bin;C:\msys64\mingw64\bin;C:\Program Files\Java\jdk-16.0.2\bin;C:\Gradle\gradle-7.2\bin;C:\Program Files\nodejs\;D:\PROGRAMOK\ArangoDB3-3.8.4_win64\ArangoDB3-3.8.4_win64\usr\bin;C:\GnuWin32\bin;C:\MinGW\bin;D:\PROGRAMOK\apache-tomcat-10.0.11;C:\Program Files\Microsoft SQL Server\Client SDK\ODBC\170\Tools\Binn\;C:\Program Files (x86)\Microsoft SQL Server\150\DTS\Binn\;C:\Program Files\Azure Data Studio\bin;C:\Program Files\dotnet\;C:\Program Files (x86)\Microsoft SQL Server\110\DTS\Binn\;C:\Program Files (x86)\Microsoft SQL Server\120\DTS\Binn\;C:\Program Files (x86)\Microsoft SQL Server\130\DTS\Binn\;C:\Program Files (x86)\Microsoft SQL Server\140\DTS\Binn\;C:\Users\pente\AppData\Local\Programs\Python\Python310\Scripts\;C:\Users\pente\AppData\Local\Programs\Python\Python310\;C:\GnuWin32\bin;C:\Users\pente\AppData\Local\GitHubDesktop\bin;C:\Gradle\gradle-7.2\bin;C:\Users\pente\AppData\Local\Programs\Microsoft VS Code\bin;C:\Users\pente\AppData\Roaming\npm;C:\Users\pente\AppData\Local\Keybase\;D:\PROGRAMOK\apache-tomcat-10.0.11\bin;C:\Users\pente\.julia\conda\3\Scripts;C:\Program Files\Azure Data Studio\bin;D:\PROGRAMOK\chromedriver_win32;C:\Users\pente\.dotnet\tools;C:\Users\pente\AppData\Local\Programs\MiKTeX 2.9\miktex\bin\x64\
USERNAME=pente
OS=Windows_NT
PROCESSOR_IDENTIFIER=AMD64 Family 23 Model 96 Stepping 1, AuthenticAMD



---------------  S Y S T E M  ---------------

OS:
 Windows 10 , 64 bit Build 19041 (10.0.19041.1706)
OS uptime: 0 days 17:03 hours
Hyper-V role detected

CPU: total 6 (initial active 6) (6 cores per cpu, 1 threads per core) family 23 model 96 stepping 1 microcode 0x0, cx8, cmov, fxsr, mmx, 3dnowpref, sse, sse2, sse3, ssse3, sse4a, sse4.1, sse4.2, popcnt, lzcnt, tsc, tscinvbit, avx, avx2, aes, clmul, bmi1, bmi2, adx, sha, fma, vzeroupper, clflush, clflushopt, hv

Memory: 4k page, system-wide physical 7541M (814M free)
TotalPageFile size 25551M (AvailPageFile size 0M)
current process WorkingSet (physical memory assigned to process): 28M, peak: 88M
current process commit charge ("private bytes"): 156M, peak: 162M

vm_info: Java HotSpot(TM) 64-Bit Server VM (16.0.2+7-67) for windows-amd64 JRE (16.0.2+7-67), built on Jun  8 2021 23:24:19 by "mach5one" with MS VC++ 16.7 (VS2019)

END.
