#
# There is insufficient memory for the Java Runtime Environment to continue.
# Native memory allocation (malloc) failed to allocate 44192 bytes for Chunk::new
# Possible reasons:
#   The system is out of physical RAM or swap space
#   The process is running with CompressedOops enabled, and the Java Heap may be blocking the growth of the native heap
# Possible solutions:
#   Reduce memory load on the system
#   Increase physical memory or swap space
#   Check if swap backing store is full
#   Decrease Java heap size (-Xmx/-Xms)
#   Decrease number of Java threads
#   Decrease Java thread stack sizes (-Xss)
#   Set larger code cache with -XX:ReservedCodeCacheSize=
#   JVM is running with Unscaled Compressed Oops mode in which the Java heap is
#     placed in the first 4GB address space. The Java Heap base address is the
#     maximum limit for the native heap growth. Please use -XX:HeapBaseMinAddress
#     to set the Java Heap base and to place the Java Heap above 4GB virtual address.
# This output file may be truncated or incomplete.
#
#  Out of Memory Error (arena.cpp:195), pid=13020, tid=5912
#
# JRE version: Java(TM) SE Runtime Environment (16.0.2+7) (build 16.0.2+7-67)
# Java VM: Java HotSpot(TM) 64-Bit Server VM (16.0.2+7-67, mixed mode, sharing, tiered, compressed oops, compressed class ptrs, g1 gc, windows-amd64)
# No core dump will be written. Minidumps are not enabled by default on client versions of Windows
#

---------------  S U M M A R Y ------------

Command Line: -Xmx64m -Xms64m -Dorg.gradle.appname=gradle org.gradle.launcher.GradleMain bootRun

Host: AMD Ryzen 5 4500U with Radeon Graphics         , 6 cores, 7G,  Windows 10 , 64 bit Build 19041 (10.0.19041.1706)
Time: Mon Jun  6 19:18:21 2022 GTB Daylight Time elapsed time: 392.584592 seconds (0d 0h 6m 32s)

---------------  T H R E A D  ---------------

Current thread (0x000001c57be7e120):  JavaThread "C2 CompilerThread0" daemon [_thread_in_native, id=5912, stack(0x0000003d2f200000,0x0000003d2f300000)]


Current CompileTask:
C2: 392584 1777       4       org.gradle.internal.logging.text.AbstractLineChoppingStyledTextOutput$1::execute (9 bytes)

Stack: [0x0000003d2f200000,0x0000003d2f300000]
Native frames: (J=compiled Java code, j=interpreted, Vv=VM code, C=native code)
V  [jvm.dll+0x6681ca]
V  [jvm.dll+0x7c9e69]
V  [jvm.dll+0x7cb61e]
V  [jvm.dll+0x7cbc73]
V  [jvm.dll+0x242c55]
V  [jvm.dll+0xadeba]
V  [jvm.dll+0xae45c]
V  [jvm.dll+0x35a8d7]
V  [jvm.dll+0x1b9785]
V  [jvm.dll+0x215e16]
V  [jvm.dll+0x215100]
V  [jvm.dll+0x1a1beb]
V  [jvm.dll+0x225158]
V  [jvm.dll+0x22319c]
V  [jvm.dll+0x77fa62]
V  [jvm.dll+0x7795aa]
V  [jvm.dll+0x667066]
C  [ucrtbase.dll+0x21bb2]
C  [KERNEL32.DLL+0x17034]
C  [ntdll.dll+0x52651]


---------------  P R O C E S S  ---------------

Threads class SMR info:
_java_thread_list=0x000001c57bea99e0, length=13, elements={
0x000001c56fc0dff0, 0x000001c56fdbd8b0, 0x000001c56fdbe770, 0x000001c57be6cc00,
0x000001c57be6d600, 0x000001c57be6e000, 0x000001c57be6ea00, 0x000001c57be7e120,
0x000001c57be7ec10, 0x000001c57be81660, 0x000001c57c972a40, 0x000001c57c977c80,
0x000001c57cfe7120
}

Java Threads: ( => current thread )
  0x000001c56fc0dff0 JavaThread "main" [_thread_blocked, id=10892, stack(0x0000003d2e500000,0x0000003d2e600000)]
  0x000001c56fdbd8b0 JavaThread "Reference Handler" daemon [_thread_blocked, id=9976, stack(0x0000003d2ec00000,0x0000003d2ed00000)]
  0x000001c56fdbe770 JavaThread "Finalizer" daemon [_thread_blocked, id=1436, stack(0x0000003d2ed00000,0x0000003d2ee00000)]
  0x000001c57be6cc00 JavaThread "Signal Dispatcher" daemon [_thread_blocked, id=13208, stack(0x0000003d2ee00000,0x0000003d2ef00000)]
  0x000001c57be6d600 JavaThread "Attach Listener" daemon [_thread_blocked, id=13076, stack(0x0000003d2ef00000,0x0000003d2f000000)]
  0x000001c57be6e000 JavaThread "Service Thread" daemon [_thread_blocked, id=13080, stack(0x0000003d2f000000,0x0000003d2f100000)]
  0x000001c57be6ea00 JavaThread "Monitor Deflation Thread" daemon [_thread_blocked, id=4080, stack(0x0000003d2f100000,0x0000003d2f200000)]
=>0x000001c57be7e120 JavaThread "C2 CompilerThread0" daemon [_thread_in_native, id=5912, stack(0x0000003d2f200000,0x0000003d2f300000)]
  0x000001c57be7ec10 JavaThread "C1 CompilerThread0" daemon [_thread_blocked, id=5796, stack(0x0000003d2f300000,0x0000003d2f400000)]
  0x000001c57be81660 JavaThread "Sweeper thread" daemon [_thread_blocked, id=5768, stack(0x0000003d2f400000,0x0000003d2f500000)]
  0x000001c57c972a40 JavaThread "Notification Thread" daemon [_thread_blocked, id=5716, stack(0x0000003d2f500000,0x0000003d2f600000)]
  0x000001c57c977c80 JavaThread "Common-Cleaner" daemon [_thread_blocked, id=5916, stack(0x0000003d2f700000,0x0000003d2f800000)]
  0x000001c57cfe7120 JavaThread "DisconnectableInputStream source reader" daemon [_thread_in_native, id=12952, stack(0x0000003d30000000,0x0000003d30100000)]

Other Threads:
  0x000001c57be556e0 VMThread "VM Thread" [stack: 0x0000003d2eb00000,0x0000003d2ec00000] [id=10060]
  0x000001c57c973570 WatcherThread [stack: 0x0000003d2f600000,0x0000003d2f700000] [id=5920]
  0x000001c56fcfc5c0 GCTaskThread "GC Thread#0" [stack: 0x0000003d2e600000,0x0000003d2e700000] [id=7216]
  0x000001c57cf155c0 GCTaskThread "GC Thread#1" [stack: 0x0000003d2fa00000,0x0000003d2fb00000] [id=760]
  0x000001c57d97f010 GCTaskThread "GC Thread#2" [stack: 0x0000003d2fb00000,0x0000003d2fc00000] [id=12708]
  0x000001c57d8074b0 GCTaskThread "GC Thread#3" [stack: 0x0000003d2fc00000,0x0000003d2fd00000] [id=5484]
  0x000001c57cb1ffc0 GCTaskThread "GC Thread#4" [stack: 0x0000003d2fd00000,0x0000003d2fe00000] [id=9496]
  0x000001c57d57dfb0 GCTaskThread "GC Thread#5" [stack: 0x0000003d2e200000,0x0000003d2e300000] [id=12756]
  0x000001c56fcfdf00 ConcurrentGCThread "G1 Main Marker" [stack: 0x0000003d2e700000,0x0000003d2e800000] [id=11656]
  0x000001c56fcff980 ConcurrentGCThread "G1 Conc#0" [stack: 0x0000003d2e800000,0x0000003d2e900000] [id=1432]
  0x000001c56fd5be00 ConcurrentGCThread "G1 Refine#0" [stack: 0x0000003d2e900000,0x0000003d2ea00000] [id=11736]
  0x000001c57cb202d0 ConcurrentGCThread "G1 Refine#1" [stack: 0x0000003d2fe00000,0x0000003d2ff00000] [id=12364]
  0x000001c56fd5c880 ConcurrentGCThread "G1 Service" [stack: 0x0000003d2ea00000,0x0000003d2eb00000] [id=12072]

Threads with active compile tasks:
C2 CompilerThread0   392605 1777       4       org.gradle.internal.logging.text.AbstractLineChoppingStyledTextOutput$1::execute (9 bytes)

VM state: not at safepoint (normal execution)

VM Mutex/Monitor currently owned by a thread: None

Heap address: 0x00000000fc000000, size: 64 MB, Compressed Oops mode: 32-bit

CDS archive(s) mapped at: [0x0000000800000000-0x0000000800bb0000-0x0000000800bb0000), size 12255232, SharedBaseAddress: 0x0000000800000000, ArchiveRelocationMode: 0.
Compressed class space mapped at: 0x0000000800c00000-0x0000000840c00000, reserved size: 1073741824
Narrow klass base: 0x0000000800000000, Narrow klass shift: 3, Narrow klass range: 0x100000000

GC Precious Log:
 CPUs: 6 total, 6 available
 Memory: 7541M
 Large Page Support: Disabled
 NUMA Support: Disabled
 Compressed Oops: Enabled (32-bit)
 Heap Region Size: 1M
 Heap Min Capacity: 64M
 Heap Initial Capacity: 64M
 Heap Max Capacity: 64M
 Pre-touch: Disabled
 Parallel Workers: 6
 Concurrent Workers: 2
 Concurrent Refinement Workers: 6
 Periodic GC: Disabled

Heap:
 garbage-first heap   total 65536K, used 14810K [0x00000000fc000000, 0x0000000100000000)
  region size 1024K, 7 young (7168K), 3 survivors (3072K)
 Metaspace       used 9515K, committed 9728K, reserved 1064960K
  class space    used 1220K, committed 1344K, reserved 1048576K

Heap Regions: E=young(eden), S=young(survivor), O=old, HS=humongous(starts), HC=humongous(continues), CS=collection set, F=free, OA=open archive, CA=closed archive, TAMS=top-at-mark-start (previous, next)
|   0|0x00000000fc000000, 0x00000000fc100000, 0x00000000fc100000|100%| O|  |TAMS 0x00000000fc000000, 0x00000000fc000000| Untracked 
|   1|0x00000000fc100000, 0x00000000fc200000, 0x00000000fc200000|100%| O|  |TAMS 0x00000000fc100000, 0x00000000fc100000| Untracked 
|   2|0x00000000fc200000, 0x00000000fc2f3400, 0x00000000fc300000| 95%| O|  |TAMS 0x00000000fc200000, 0x00000000fc200000| Untracked 
|   3|0x00000000fc300000, 0x00000000fc400000, 0x00000000fc400000|100%|HS|  |TAMS 0x00000000fc300000, 0x00000000fc300000| Complete 
|   4|0x00000000fc400000, 0x00000000fc500000, 0x00000000fc500000|100%|HC|  |TAMS 0x00000000fc400000, 0x00000000fc400000| Complete 
|   5|0x00000000fc500000, 0x00000000fc600000, 0x00000000fc600000|100%|HC|  |TAMS 0x00000000fc500000, 0x00000000fc500000| Complete 
|   6|0x00000000fc600000, 0x00000000fc700000, 0x00000000fc700000|100%| O|  |TAMS 0x00000000fc600000, 0x00000000fc600000| Untracked 
|   7|0x00000000fc700000, 0x00000000fc800000, 0x00000000fc800000|100%| O|  |TAMS 0x00000000fc700000, 0x00000000fc700000| Untracked 
|   8|0x00000000fc800000, 0x00000000fc900000, 0x00000000fc900000|100%| O|  |TAMS 0x00000000fc800000, 0x00000000fc800000| Untracked 
|   9|0x00000000fc900000, 0x00000000fc900000, 0x00000000fca00000|  0%| F|  |TAMS 0x00000000fc900000, 0x00000000fc900000| Untracked 
|  10|0x00000000fca00000, 0x00000000fca00000, 0x00000000fcb00000|  0%| F|  |TAMS 0x00000000fca00000, 0x00000000fca00000| Untracked 
|  11|0x00000000fcb00000, 0x00000000fcb00000, 0x00000000fcc00000|  0%| F|  |TAMS 0x00000000fcb00000, 0x00000000fcb00000| Untracked 
|  12|0x00000000fcc00000, 0x00000000fcc00000, 0x00000000fcd00000|  0%| F|  |TAMS 0x00000000fcc00000, 0x00000000fcc00000| Untracked 
|  13|0x00000000fcd00000, 0x00000000fcd00000, 0x00000000fce00000|  0%| F|  |TAMS 0x00000000fcd00000, 0x00000000fcd00000| Untracked 
|  14|0x00000000fce00000, 0x00000000fce00000, 0x00000000fcf00000|  0%| F|  |TAMS 0x00000000fce00000, 0x00000000fce00000| Untracked 
|  15|0x00000000fcf00000, 0x00000000fcf00000, 0x00000000fd000000|  0%| F|  |TAMS 0x00000000fcf00000, 0x00000000fcf00000| Untracked 
|  16|0x00000000fd000000, 0x00000000fd000000, 0x00000000fd100000|  0%| F|  |TAMS 0x00000000fd000000, 0x00000000fd000000| Untracked 
|  17|0x00000000fd100000, 0x00000000fd100000, 0x00000000fd200000|  0%| F|  |TAMS 0x00000000fd100000, 0x00000000fd100000| Untracked 
|  18|0x00000000fd200000, 0x00000000fd200000, 0x00000000fd300000|  0%| F|  |TAMS 0x00000000fd200000, 0x00000000fd200000| Untracked 
|  19|0x00000000fd300000, 0x00000000fd300000, 0x00000000fd400000|  0%| F|  |TAMS 0x00000000fd300000, 0x00000000fd300000| Untracked 
|  20|0x00000000fd400000, 0x00000000fd400000, 0x00000000fd500000|  0%| F|  |TAMS 0x00000000fd400000, 0x00000000fd400000| Untracked 
|  21|0x00000000fd500000, 0x00000000fd500000, 0x00000000fd600000|  0%| F|  |TAMS 0x00000000fd500000, 0x00000000fd500000| Untracked 
|  22|0x00000000fd600000, 0x00000000fd600000, 0x00000000fd700000|  0%| F|  |TAMS 0x00000000fd600000, 0x00000000fd600000| Untracked 
|  23|0x00000000fd700000, 0x00000000fd700000, 0x00000000fd800000|  0%| F|  |TAMS 0x00000000fd700000, 0x00000000fd700000| Untracked 
|  24|0x00000000fd800000, 0x00000000fd800000, 0x00000000fd900000|  0%| F|  |TAMS 0x00000000fd800000, 0x00000000fd800000| Untracked 
|  25|0x00000000fd900000, 0x00000000fd900000, 0x00000000fda00000|  0%| F|  |TAMS 0x00000000fd900000, 0x00000000fd900000| Untracked 
|  26|0x00000000fda00000, 0x00000000fda00000, 0x00000000fdb00000|  0%| F|  |TAMS 0x00000000fda00000, 0x00000000fda00000| Untracked 
|  27|0x00000000fdb00000, 0x00000000fdb00000, 0x00000000fdc00000|  0%| F|  |TAMS 0x00000000fdb00000, 0x00000000fdb00000| Untracked 
|  28|0x00000000fdc00000, 0x00000000fdc00000, 0x00000000fdd00000|  0%| F|  |TAMS 0x00000000fdc00000, 0x00000000fdc00000| Untracked 
|  29|0x00000000fdd00000, 0x00000000fdd00000, 0x00000000fde00000|  0%| F|  |TAMS 0x00000000fdd00000, 0x00000000fdd00000| Untracked 
|  30|0x00000000fde00000, 0x00000000fde00000, 0x00000000fdf00000|  0%| F|  |TAMS 0x00000000fde00000, 0x00000000fde00000| Untracked 
|  31|0x00000000fdf00000, 0x00000000fdf00000, 0x00000000fe000000|  0%| F|  |TAMS 0x00000000fdf00000, 0x00000000fdf00000| Untracked 
|  32|0x00000000fe000000, 0x00000000fe000000, 0x00000000fe100000|  0%| F|  |TAMS 0x00000000fe000000, 0x00000000fe000000| Untracked 
|  33|0x00000000fe100000, 0x00000000fe100000, 0x00000000fe200000|  0%| F|  |TAMS 0x00000000fe100000, 0x00000000fe100000| Untracked 
|  34|0x00000000fe200000, 0x00000000fe200000, 0x00000000fe300000|  0%| F|  |TAMS 0x00000000fe200000, 0x00000000fe200000| Untracked 
|  35|0x00000000fe300000, 0x00000000fe300000, 0x00000000fe400000|  0%| F|  |TAMS 0x00000000fe300000, 0x00000000fe300000| Untracked 
|  36|0x00000000fe400000, 0x00000000fe483790, 0x00000000fe500000| 51%| S|CS|TAMS 0x00000000fe400000, 0x00000000fe400000| Complete 
|  37|0x00000000fe500000, 0x00000000fe600000, 0x00000000fe600000|100%| S|CS|TAMS 0x00000000fe500000, 0x00000000fe500000| Complete 
|  38|0x00000000fe600000, 0x00000000fe700000, 0x00000000fe700000|100%| S|CS|TAMS 0x00000000fe600000, 0x00000000fe600000| Complete 
|  39|0x00000000fe700000, 0x00000000fe700000, 0x00000000fe800000|  0%| F|  |TAMS 0x00000000fe700000, 0x00000000fe700000| Untracked 
|  40|0x00000000fe800000, 0x00000000fe800000, 0x00000000fe900000|  0%| F|  |TAMS 0x00000000fe800000, 0x00000000fe800000| Untracked 
|  41|0x00000000fe900000, 0x00000000fe900000, 0x00000000fea00000|  0%| F|  |TAMS 0x00000000fe900000, 0x00000000fe900000| Untracked 
|  42|0x00000000fea00000, 0x00000000fea00000, 0x00000000feb00000|  0%| F|  |TAMS 0x00000000fea00000, 0x00000000fea00000| Untracked 
|  43|0x00000000feb00000, 0x00000000feb00000, 0x00000000fec00000|  0%| F|  |TAMS 0x00000000feb00000, 0x00000000feb00000| Untracked 
|  44|0x00000000fec00000, 0x00000000fec00000, 0x00000000fed00000|  0%| F|  |TAMS 0x00000000fec00000, 0x00000000fec00000| Untracked 
|  45|0x00000000fed00000, 0x00000000fed00000, 0x00000000fee00000|  0%| F|  |TAMS 0x00000000fed00000, 0x00000000fed00000| Untracked 
|  46|0x00000000fee00000, 0x00000000fee00000, 0x00000000fef00000|  0%| F|  |TAMS 0x00000000fee00000, 0x00000000fee00000| Untracked 
|  47|0x00000000fef00000, 0x00000000fef00000, 0x00000000ff000000|  0%| F|  |TAMS 0x00000000fef00000, 0x00000000fef00000| Untracked 
|  48|0x00000000ff000000, 0x00000000ff000000, 0x00000000ff100000|  0%| F|  |TAMS 0x00000000ff000000, 0x00000000ff000000| Untracked 
|  49|0x00000000ff100000, 0x00000000ff100000, 0x00000000ff200000|  0%| F|  |TAMS 0x00000000ff100000, 0x00000000ff100000| Untracked 
|  50|0x00000000ff200000, 0x00000000ff200000, 0x00000000ff300000|  0%| F|  |TAMS 0x00000000ff200000, 0x00000000ff200000| Untracked 
|  51|0x00000000ff300000, 0x00000000ff300000, 0x00000000ff400000|  0%| F|  |TAMS 0x00000000ff300000, 0x00000000ff300000| Untracked 
|  52|0x00000000ff400000, 0x00000000ff400000, 0x00000000ff500000|  0%| F|  |TAMS 0x00000000ff400000, 0x00000000ff400000| Untracked 
|  53|0x00000000ff500000, 0x00000000ff500000, 0x00000000ff600000|  0%| F|  |TAMS 0x00000000ff500000, 0x00000000ff500000| Untracked 
|  54|0x00000000ff600000, 0x00000000ff600000, 0x00000000ff700000|  0%| F|  |TAMS 0x00000000ff600000, 0x00000000ff600000| Untracked 
|  55|0x00000000ff700000, 0x00000000ff700000, 0x00000000ff800000|  0%| F|  |TAMS 0x00000000ff700000, 0x00000000ff700000| Untracked 
|  56|0x00000000ff800000, 0x00000000ff800000, 0x00000000ff900000|  0%| F|  |TAMS 0x00000000ff800000, 0x00000000ff800000| Untracked 
|  57|0x00000000ff900000, 0x00000000ff900000, 0x00000000ffa00000|  0%| F|  |TAMS 0x00000000ff900000, 0x00000000ff900000| Untracked 
|  58|0x00000000ffa00000, 0x00000000ffa00000, 0x00000000ffb00000|  0%| F|  |TAMS 0x00000000ffa00000, 0x00000000ffa00000| Untracked 
|  59|0x00000000ffb00000, 0x00000000ffb00000, 0x00000000ffc00000|  0%| F|  |TAMS 0x00000000ffb00000, 0x00000000ffb00000| Untracked 
|  60|0x00000000ffc00000, 0x00000000ffd00000, 0x00000000ffd00000|100%| E|  |TAMS 0x00000000ffc00000, 0x00000000ffc00000| Complete 
|  61|0x00000000ffd00000, 0x00000000ffe00000, 0x00000000ffe00000|100%| E|CS|TAMS 0x00000000ffd00000, 0x00000000ffd00000| Complete 
|  62|0x00000000ffe00000, 0x00000000fff00000, 0x00000000fff00000|100%| E|CS|TAMS 0x00000000ffe00000, 0x00000000ffe00000| Complete 
|  63|0x00000000fff00000, 0x0000000100000000, 0x0000000100000000|100%| E|CS|TAMS 0x00000000fff00000, 0x00000000fff00000| Complete 

Card table byte_map: [0x000001c5794b0000,0x000001c5794d0000] _byte_map_base: 0x000001c578cd0000

Marking Bits (Prev, Next): (CMBitMap*) 0x000001c56fcfccb0, (CMBitMap*) 0x000001c56fcfccf0
 Prev Bits: [0x000001c5794f0000, 0x000001c5795f0000)
 Next Bits: [0x000001c5795f0000, 0x000001c5796f0000)

Polling page: 0x000001c56fdc0000

Metaspace:

Usage:
  Non-class:      8.10 MB used.
      Class:      1.19 MB used.
       Both:      9.29 MB used.

Virtual space:
  Non-class space:       16.00 MB reserved,       8.19 MB ( 51%) committed,  2 nodes.
      Class space:        1.00 GB reserved,       1.31 MB ( <1%) committed,  1 nodes.
              Both:        1.02 GB reserved,       9.50 MB ( <1%) committed. 

Chunk freelists:
   Non-Class:  3.81 MB
       Class:  2.59 MB
        Both:  6.41 MB

MaxMetaspaceSize: 17179869184.00 GB
CompressedClassSpaceSize: 1.00 GB
 - commit_granule_bytes: 65536.
 - commit_granule_words: 8192.
 - virtual_space_node_default_size: 1048576.
 - enlarge_chunks_in_place: 1.
 - new_chunks_are_fully_committed: 0.
 - uncommit_free_chunks: 1.
 - use_allocation_guard: 0.
 - handle_deallocations: 1.


Internal statistics:

num_allocs_failed_limit: 0.
num_arena_births: 98.
num_arena_deaths: 0.
num_vsnodes_births: 3.
num_vsnodes_deaths: 0.
num_space_committed: 152.
num_space_uncommitted: 0.
num_chunks_returned_to_freelist: 0.
num_chunks_taken_from_freelist: 335.
num_chunk_merges: 0.
num_chunk_splits: 230.
num_chunks_enlarged: 192.
num_purges: 0.

CodeHeap 'non-profiled nmethods': size=120000Kb used=703Kb max_used=703Kb free=119296Kb
 bounds [0x000001c507ad0000, 0x000001c507d40000, 0x000001c50f000000]
CodeHeap 'profiled nmethods': size=120000Kb used=3283Kb max_used=3283Kb free=116716Kb
 bounds [0x000001c5005a0000, 0x000001c5008e0000, 0x000001c507ad0000]
CodeHeap 'non-nmethods': size=5760Kb used=1194Kb max_used=1220Kb free=4565Kb
 bounds [0x000001c500000000, 0x000001c500270000, 0x000001c5005a0000]
 total_blobs=2280 nmethods=1788 adapters=405
 compilation: enabled
              stopped_count=0, restarted_count=0
 full_count=0

Compilation events (20 events):
Event: 392.565 Thread 0x000001c57be7e120 1772       4       org.gradle.internal.logging.text.AbstractLineChoppingStyledTextOutput$StateContext::setState (10 bytes)
Event: 392.566 Thread 0x000001c57be7ec10 1773       3       java.lang.System::checkKey (32 bytes)
Event: 392.567 Thread 0x000001c57be7ec10 nmethod 1773 0x000001c5008cfb10 code [0x000001c5008cfce0, 0x000001c5008d00b8]
Event: 392.567 Thread 0x000001c57be7ec10 1774       1       org.gradle.internal.logging.text.AbstractLineChoppingStyledTextOutput::access$100 (5 bytes)
Event: 392.567 Thread 0x000001c57be7ec10 nmethod 1774 0x000001c507b7ee10 code [0x000001c507b7efa0, 0x000001c507b7f058]
Event: 392.567 Thread 0x000001c57be7ec10 1775       1       org.gradle.internal.logging.text.AbstractLineChoppingStyledTextOutput::access$200 (5 bytes)
Event: 392.567 Thread 0x000001c57be7ec10 nmethod 1775 0x000001c507b7f110 code [0x000001c507b7f2a0, 0x000001c507b7f358]
Event: 392.567 Thread 0x000001c57be7ec10 1776       1       org.gradle.internal.logging.text.AbstractLineChoppingStyledTextOutput::access$300 (5 bytes)
Event: 392.567 Thread 0x000001c57be7ec10 nmethod 1776 0x000001c507b7f410 code [0x000001c507b7f5a0, 0x000001c507b7f658]
Event: 392.568 Thread 0x000001c57be7e120 nmethod 1772 0x000001c507b7f710 code [0x000001c507b7f8a0, 0x000001c507b7f9f8]
Event: 392.569 Thread 0x000001c57be7e120 1777       4       org.gradle.internal.logging.text.AbstractLineChoppingStyledTextOutput$1::execute (9 bytes)
Event: 392.570 Thread 0x000001c57be7ec10 1780       3       com.google.common.collect.Lists$ReverseList::reversePosition (15 bytes)
Event: 392.571 Thread 0x000001c57be7ec10 nmethod 1780 0x000001c5008d0210 code [0x000001c5008d03e0, 0x000001c5008d0758]
Event: 392.571 Thread 0x000001c57be7ec10 1781       3       com.google.common.collect.Lists$ReverseList::size (10 bytes)
Event: 392.571 Thread 0x000001c57be7ec10 nmethod 1781 0x000001c5008d0890 code [0x000001c5008d0a40, 0x000001c5008d0c28]
Event: 392.575 Thread 0x000001c57be7ec10 1782       3       java.util.regex.Pattern$$Lambda$19/0x800000026::is (9 bytes)
Event: 392.576 Thread 0x000001c57be7ec10 nmethod 1782 0x000001c5008d0d10 code [0x000001c5008d0ec0, 0x000001c5008d1098]
Event: 392.576 Thread 0x000001c57be7ec10 1783       3       java.util.regex.Pattern::lambda$Single$7 (11 bytes)
Event: 392.576 Thread 0x000001c57be7ec10 nmethod 1783 0x000001c5008d1190 code [0x000001c5008d1320, 0x000001c5008d1478]
Event: 392.576 Thread 0x000001c57be7ec10 1784       2       java.util.concurrent.ConcurrentHashMap::get (162 bytes)

GC Heap History (4 events):
Event: 5.564 GC heap before
{Heap before GC invocations=0 (full 0):
 garbage-first heap   total 65536K, used 26624K [0x00000000fc000000, 0x0000000100000000)
  region size 1024K, 21 young (21504K), 0 survivors (0K)
 Metaspace       used 3883K, committed 4096K, reserved 1056768K
  class space    used 518K, committed 640K, reserved 1048576K
}
Event: 5.569 GC heap after
{Heap after GC invocations=1 (full 0):
 garbage-first heap   total 65536K, used 9107K [0x00000000fc000000, 0x0000000100000000)
  region size 1024K, 3 young (3072K), 3 survivors (3072K)
 Metaspace       used 3883K, committed 4096K, reserved 1056768K
  class space    used 518K, committed 640K, reserved 1048576K
}
Event: 174.044 GC heap before
{Heap before GC invocations=1 (full 0):
 garbage-first heap   total 65536K, used 31635K [0x00000000fc000000, 0x0000000100000000)
  region size 1024K, 25 young (25600K), 3 survivors (3072K)
 Metaspace       used 9394K, committed 9600K, reserved 1064960K
  class space    used 1204K, committed 1344K, reserved 1048576K
}
Event: 174.052 GC heap after
{Heap after GC invocations=2 (full 0):
 garbage-first heap   total 65536K, used 11738K [0x00000000fc000000, 0x0000000100000000)
  region size 1024K, 3 young (3072K), 3 survivors (3072K)
 Metaspace       used 9394K, committed 9600K, reserved 1064960K
  class space    used 1204K, committed 1344K, reserved 1048576K
}

Deoptimization events (20 events):
Event: 10.622 Thread 0x000001c56fc0dff0 Uncommon trap: trap_request=0xffffff45 fr.pc=0x000001c507b42720 relative=0x0000000000000500
Event: 10.622 Thread 0x000001c56fc0dff0 Uncommon trap: reason=unstable_if action=reinterpret pc=0x000001c507b42720 method=java.util.HashMap.putVal(ILjava/lang/Object;Ljava/lang/Object;ZZ)Ljava/lang/Object; @ 162 c2
Event: 10.622 Thread 0x000001c56fc0dff0 DEOPT PACKING pc=0x000001c507b42720 sp=0x0000003d2e5fb5e0
Event: 10.622 Thread 0x000001c56fc0dff0 DEOPT UNPACKING pc=0x000001c50004d72e sp=0x0000003d2e5fb570 mode 2
Event: 392.558 Thread 0x000001c56fc0dff0 Uncommon trap: trap_request=0xffffffc6 fr.pc=0x000001c507b308d8 relative=0x0000000000000578
Event: 392.558 Thread 0x000001c56fc0dff0 Uncommon trap: reason=bimorphic_or_optimized_type_check action=maybe_recompile pc=0x000001c507b308d8 method=java.util.concurrent.ConcurrentHashMap.get(Ljava/lang/Object;)Ljava/lang/Object; @ 149 c2
Event: 392.558 Thread 0x000001c56fc0dff0 DEOPT PACKING pc=0x000001c507b308d8 sp=0x0000003d2e5fcb50
Event: 392.558 Thread 0x000001c56fc0dff0 DEOPT UNPACKING pc=0x000001c50004d72e sp=0x0000003d2e5fcaf0 mode 2
Event: 392.561 Thread 0x000001c57ce030a0 Uncommon trap: trap_request=0xffffff45 fr.pc=0x000001c507b622b4 relative=0x0000000000000434
Event: 392.561 Thread 0x000001c57ce030a0 Uncommon trap: reason=unstable_if action=reinterpret pc=0x000001c507b622b4 method=org.gradle.internal.logging.text.AbstractLineChoppingStyledTextOutput$2.execute(Lorg/gradle/internal/logging/text/AbstractLineChoppingStyledTextOutput$StateContext;)V @ 30 c
Event: 392.561 Thread 0x000001c57ce030a0 DEOPT PACKING pc=0x000001c507b622b4 sp=0x0000003d2f9feae0
Event: 392.561 Thread 0x000001c57ce030a0 DEOPT UNPACKING pc=0x000001c50004d72e sp=0x0000003d2f9fe978 mode 2
Event: 392.573 Thread 0x000001c56fc0dff0 Uncommon trap: trap_request=0xffffff45 fr.pc=0x000001c507b709d8 relative=0x0000000000000138
Event: 392.573 Thread 0x000001c56fc0dff0 Uncommon trap: reason=unstable_if action=reinterpret pc=0x000001c507b709d8 method=java.util.concurrent.locks.ReentrantLock$NonfairSync.initialTryLock()Z @ 10 c2
Event: 392.573 Thread 0x000001c56fc0dff0 DEOPT PACKING pc=0x000001c507b709d8 sp=0x0000003d2e5fd7b0
Event: 392.573 Thread 0x000001c56fc0dff0 DEOPT UNPACKING pc=0x000001c50004d72e sp=0x0000003d2e5fd758 mode 2
Event: 392.573 Thread 0x000001c56fc0dff0 Uncommon trap: trap_request=0xffffff45 fr.pc=0x000001c507b6d8dc relative=0x00000000000000bc
Event: 392.573 Thread 0x000001c56fc0dff0 Uncommon trap: reason=unstable_if action=reinterpret pc=0x000001c507b6d8dc method=java.util.concurrent.locks.ReentrantLock$Sync.tryRelease(I)Z @ 26 c2
Event: 392.573 Thread 0x000001c56fc0dff0 DEOPT PACKING pc=0x000001c507b6d8dc sp=0x0000003d2e5fd7b0
Event: 392.573 Thread 0x000001c56fc0dff0 DEOPT UNPACKING pc=0x000001c50004d72e sp=0x0000003d2e5fd750 mode 2

Classes unloaded (0 events):
No events

Classes redefined (0 events):
No events

Internal exceptions (20 events):
Event: 5.466 Thread 0x000001c56fc0dff0 Exception <a 'java/lang/NoSuchMethodError'{0x00000000feecefd8}: 'int java.lang.invoke.DirectMethodHandle$Holder.invokeSpecial(java.lang.Object, java.lang.Object, java.lang.Object)'> (0x00000000feecefd8) 
thrown [t:\workspace\open\src\hotspot\share\interpreter\linkResolver.cpp, line 790]
Event: 5.468 Thread 0x000001c56fc0dff0 Exception <a 'java/lang/NoSuchMethodError'{0x00000000feee2ce8}: 'java.lang.Object java.lang.invoke.Invokers$Holder.invokeExact_MT(java.lang.Object, java.lang.Object, java.lang.Object, java.lang.Object)'> (0x00000000feee2ce8) 
thrown [t:\workspace\open\src\hotspot\share\interpreter\linkResolver.cpp, line 790]
Event: 5.609 Thread 0x000001c56fc0dff0 Exception <a 'java/lang/NoSuchMethodError'{0x00000000ffe995a8}: 'java.lang.Object java.lang.invoke.DirectMethodHandle$Holder.invokeInterface(java.lang.Object, java.lang.Object, java.lang.Object)'> (0x00000000ffe995a8) 
thrown [t:\workspace\open\src\hotspot\share\interpreter\linkResolver.cpp, line 790]
Event: 5.625 Thread 0x000001c56fc0dff0 Implicit null exception at 0x000001c507b22293 to 0x000001c507b226c0
Event: 5.625 Thread 0x000001c56fc0dff0 Implicit null exception at 0x000001c507b0c213 to 0x000001c507b0c654
Event: 5.651 Thread 0x000001c56fc0dff0 Exception <a 'java/lang/NoSuchMethodError'{0x00000000ffc2a5e0}: 'java.lang.Object java.lang.invoke.DirectMethodHandle$Holder.invokeStatic(java.lang.Object)'> (0x00000000ffc2a5e0) 
thrown [t:\workspace\open\src\hotspot\share\interpreter\linkResolver.cpp, line 790]
Event: 5.652 Thread 0x000001c56fc0dff0 Exception <a 'java/lang/NoSuchMethodError'{0x00000000ffc2def8}: 'java.lang.Object java.lang.invoke.DirectMethodHandle$Holder.invokeStaticInit(java.lang.Object)'> (0x00000000ffc2def8) 
thrown [t:\workspace\open\src\hotspot\share\interpreter\linkResolver.cpp, line 790]
Event: 5.662 Thread 0x000001c56fc0dff0 Exception <a 'java/lang/NoSuchMethodError'{0x00000000ffc47f48}: 'java.lang.Object java.lang.invoke.DirectMethodHandle$Holder.invokeInterface(java.lang.Object, java.lang.Object)'> (0x00000000ffc47f48) 
thrown [t:\workspace\open\src\hotspot\share\interpreter\linkResolver.cpp, line 790]
Event: 5.663 Thread 0x000001c56fc0dff0 Exception <a 'java/lang/NoSuchMethodError'{0x00000000ffc50600}: 'java.lang.Object java.lang.invoke.DirectMethodHandle$Holder.invokeStaticInit(java.lang.Object, java.lang.Object, java.lang.Object)'> (0x00000000ffc50600) 
thrown [t:\workspace\open\src\hotspot\share\interpreter\linkResolver.cpp, line 790]
Event: 5.762 Thread 0x000001c56fc0dff0 Exception <a 'java/lang/NoSuchMethodError'{0x00000000ff8fd280}: 'java.lang.Object java.lang.invoke.DirectMethodHandle$Holder.invokeStaticInit(java.lang.Object, int, int, int, int)'> (0x00000000ff8fd280) 
thrown [t:\workspace\open\src\hotspot\share\interpreter\linkResolver.cpp, line 790]
Event: 5.800 Thread 0x000001c56fc0dff0 Exception <a 'java/lang/NoSuchMethodError'{0x00000000ff73eab0}: 'java.lang.Object java.lang.invoke.DirectMethodHandle$Holder.invokeStaticInit(java.lang.Object, java.lang.Object, int, int, int, int)'> (0x00000000ff73eab0) 
thrown [t:\workspace\open\src\hotspot\share\interpreter\linkResolver.cpp, line 790]
Event: 5.913 Thread 0x000001c56fc0dff0 Exception <a 'java/lang/NoSuchMethodError'{0x00000000ff76c1b8}: 'void java.lang.invoke.DirectMethodHandle$Holder.invokeStatic(java.lang.Object, java.lang.Object, java.lang.Object)'> (0x00000000ff76c1b8) 
thrown [t:\workspace\open\src\hotspot\share\interpreter\linkResolver.cpp, line 790]
Event: 6.108 Thread 0x000001c57ccd9df0 Exception <a 'java/lang/NoSuchMethodError'{0x00000000feff83a0}: 'void java.lang.invoke.DirectMethodHandle$Holder.invokeStatic(java.lang.Object, long)'> (0x00000000feff83a0) 
thrown [t:\workspace\open\src\hotspot\share\interpreter\linkResolver.cpp, line 790]
Event: 6.108 Thread 0x000001c57ccd9df0 Exception <a 'java/lang/NoSuchMethodError'{0x00000000feffdf28}: 'java.lang.Object java.lang.invoke.DirectMethodHandle$Holder.newInvokeSpecial(java.lang.Object, long)'> (0x00000000feffdf28) 
thrown [t:\workspace\open\src\hotspot\share\interpreter\linkResolver.cpp, line 790]
Event: 6.112 Thread 0x000001c57ccd9df0 Exception <a 'java/lang/NoSuchMethodError'{0x00000000fee09688}: 'java.lang.Object java.lang.invoke.DirectMethodHandle$Holder.invokeStaticInit(java.lang.Object, java.lang.Object, long, java.lang.Object)'> (0x00000000fee09688) 
thrown [t:\workspace\open\src\hotspot\share\interpreter\linkResolver.cpp, line 790]
Event: 6.113 Thread 0x000001c57ccd9df0 Exception <a 'java/lang/NoSuchMethodError'{0x00000000fee10098}: 'java.lang.Object java.lang.invoke.DirectMethodHandle$Holder.newInvokeSpecial(java.lang.Object, java.lang.Object, long)'> (0x00000000fee10098) 
thrown [t:\workspace\open\src\hotspot\share\interpreter\linkResolver.cpp, line 790]
Event: 6.114 Thread 0x000001c57ccd9df0 Exception <a 'java/lang/NoSuchMethodError'{0x00000000fee14498}: 'java.lang.Object java.lang.invoke.Invokers$Holder.linkToTargetMethod(java.lang.Object, long, java.lang.Object)'> (0x00000000fee14498) 
thrown [t:\workspace\open\src\hotspot\share\interpreter\linkResolver.cpp, line 790]
Event: 392.546 Thread 0x000001c56fc0dff0 Exception <a 'sun/net/ConnectionResetException'{0x00000000ffc33148}: Connection reset> (0x00000000ffc33148) 
thrown [t:\workspace\open\src\hotspot\share\prims\jni.cpp, line 600]
Event: 392.559 Thread 0x000001c56fc0dff0 Exception <a 'java/lang/NoSuchMethodError'{0x00000000ffc5fa28}: 'int java.lang.invoke.DirectMethodHandle$Holder.invokeVirtual(java.lang.Object, java.lang.Object)'> (0x00000000ffc5fa28) 
thrown [t:\workspace\open\src\hotspot\share\interpreter\linkResolver.cpp, line 790]
Event: 392.574 Thread 0x000001c57ccd9df0 Exception <a 'java/io/IOException'{0x00000000ffcacfe8}: Connection reset by peer> (0x00000000ffcacfe8) 
thrown [t:\workspace\open\src\hotspot\share\prims\jni.cpp, line 600]

Events (20 events):
Event: 251.582 Executing  VM operation: Cleanup
Event: 251.582 Executing  VM operation: Cleanup done
Event: 260.657 Executing  VM operation: Cleanup
Event: 260.657 Executing  VM operation: Cleanup done
Event: 261.662 Executing  VM operation: Cleanup
Event: 261.662 Executing  VM operation: Cleanup done
Event: 264.697 Executing  VM operation: Cleanup
Event: 264.697 Executing  VM operation: Cleanup done
Event: 267.720 Executing  VM operation: Cleanup
Event: 267.720 Executing  VM operation: Cleanup done
Event: 273.767 Executing  VM operation: Cleanup
Event: 273.767 Executing  VM operation: Cleanup done
Event: 276.783 Executing  VM operation: Cleanup
Event: 276.783 Executing  VM operation: Cleanup done
Event: 366.486 Executing  VM operation: Cleanup
Event: 366.487 Executing  VM operation: Cleanup done
Event: 392.545 loading class sun/net/ConnectionResetException
Event: 392.545 loading class sun/net/ConnectionResetException done
Event: 392.575 Thread 0x000001c57ccd9df0 Thread exited: 0x000001c57ccd9df0
Event: 392.578 loading class java/util/concurrent/ConcurrentLinkedQueue$Itr


Dynamic libraries:
0x00007ff6ef090000 - 0x00007ff6ef0a0000 	C:\Program Files\Java\jdk-16.0.2\bin\java.exe
0x00007fff900f0000 - 0x00007fff902e5000 	C:\Windows\SYSTEM32\ntdll.dll
0x00007fff8fb50000 - 0x00007fff8fc0d000 	C:\Windows\System32\KERNEL32.DLL
0x00007fff8d890000 - 0x00007fff8db5d000 	C:\Windows\System32\KERNELBASE.dll
0x00007fff8db90000 - 0x00007fff8dc90000 	C:\Windows\System32\ucrtbase.dll
0x00007fff86340000 - 0x00007fff86358000 	C:\Program Files\Java\jdk-16.0.2\bin\jli.dll
0x00007fff8fc10000 - 0x00007fff8fcbe000 	C:\Windows\System32\ADVAPI32.dll
0x00007fff8e5c0000 - 0x00007fff8e65e000 	C:\Windows\System32\msvcrt.dll
0x00007fff8eb80000 - 0x00007fff8ec1c000 	C:\Windows\System32\sechost.dll
0x00007fff8fe60000 - 0x00007fff8ff85000 	C:\Windows\System32\RPCRT4.dll
0x00007fff8fcc0000 - 0x00007fff8fe60000 	C:\Windows\System32\USER32.dll
0x00007fff8de90000 - 0x00007fff8deb2000 	C:\Windows\System32\win32u.dll
0x00007fff90000000 - 0x00007fff9002a000 	C:\Windows\System32\GDI32.dll
0x00007fff8df80000 - 0x00007fff8e08b000 	C:\Windows\System32\gdi32full.dll
0x00007fff8dc90000 - 0x00007fff8dd2d000 	C:\Windows\System32\msvcp_win.dll
0x00007fff7ce60000 - 0x00007fff7d0fa000 	C:\Windows\WinSxS\amd64_microsoft.windows.common-controls_6595b64144ccf1df_6.0.19041.1110_none_60b5254171f9507e\COMCTL32.dll
0x00007fff84940000 - 0x00007fff8494a000 	C:\Windows\SYSTEM32\VERSION.dll
0x00007fff86320000 - 0x00007fff86339000 	C:\Program Files\Java\jdk-16.0.2\bin\VCRUNTIME140.dll
0x00007fff8eb40000 - 0x00007fff8eb70000 	C:\Windows\System32\IMM32.DLL
0x00007fff86310000 - 0x00007fff8631c000 	C:\Program Files\Java\jdk-16.0.2\bin\vcruntime140_1.dll
0x00007fff4cb50000 - 0x00007fff4cbe1000 	C:\Program Files\Java\jdk-16.0.2\bin\msvcp140.dll
0x00007fff4b330000 - 0x00007fff4bedb000 	C:\Program Files\Java\jdk-16.0.2\bin\server\jvm.dll
0x00007fff8eb70000 - 0x00007fff8eb78000 	C:\Windows\System32\PSAPI.DLL
0x00007fff87ae0000 - 0x00007fff87ae9000 	C:\Windows\SYSTEM32\WSOCK32.dll
0x00007fff83d60000 - 0x00007fff83d87000 	C:\Windows\SYSTEM32\WINMM.dll
0x00007fff8ff90000 - 0x00007fff8fffb000 	C:\Windows\System32\WS2_32.dll
0x00007fff8b6a0000 - 0x00007fff8b6b2000 	C:\Windows\SYSTEM32\kernel.appcore.dll
0x00007fff86300000 - 0x00007fff8630a000 	C:\Program Files\Java\jdk-16.0.2\bin\jimage.dll
0x00007fff7d360000 - 0x00007fff7d544000 	C:\Windows\SYSTEM32\DBGHELP.DLL
0x00007fff7d290000 - 0x00007fff7d2bc000 	C:\Windows\SYSTEM32\dbgcore.DLL
0x00007fff8d800000 - 0x00007fff8d882000 	C:\Windows\System32\bcryptPrimitives.dll
0x00007fff53dc0000 - 0x00007fff53de5000 	C:\Program Files\Java\jdk-16.0.2\bin\java.dll
0x00007fff8f270000 - 0x00007fff8f9b4000 	C:\Windows\System32\SHELL32.dll
0x00007fff8b8c0000 - 0x00007fff8c054000 	C:\Windows\SYSTEM32\windows.storage.dll
0x00007fff8ef10000 - 0x00007fff8f264000 	C:\Windows\System32\combase.dll
0x00007fff8d0b0000 - 0x00007fff8d0dc000 	C:\Windows\SYSTEM32\Wldp.dll
0x00007fff8edd0000 - 0x00007fff8ee7d000 	C:\Windows\System32\SHCORE.dll
0x00007fff8faf0000 - 0x00007fff8fb45000 	C:\Windows\System32\shlwapi.dll
0x00007fff8d740000 - 0x00007fff8d75f000 	C:\Windows\SYSTEM32\profapi.dll
0x00007fff53da0000 - 0x00007fff53db9000 	C:\Program Files\Java\jdk-16.0.2\bin\net.dll
0x00007fff888c0000 - 0x00007fff889ca000 	C:\Windows\SYSTEM32\WINHTTP.dll
0x00007fff8ce90000 - 0x00007fff8cefa000 	C:\Windows\system32\mswsock.dll
0x00007fff53d80000 - 0x00007fff53d93000 	C:\Program Files\Java\jdk-16.0.2\bin\nio.dll
0x00007fff4d030000 - 0x00007fff4d048000 	C:\Program Files\Java\jdk-16.0.2\bin\zip.dll
0x00007fff862f0000 - 0x00007fff86300000 	C:\Program Files\Java\jdk-16.0.2\bin\verify.dll
0x00007fff6e970000 - 0x00007fff6e997000 	C:\Users\pente\.gradle\native\e1d6ef7f7dcc3fd88c89a11ec53ec762bb8ba0a96d01ffa2cd45eb1d1d8dd5c5\windows-amd64\native-platform.dll
0x00007fff53d70000 - 0x00007fff53d7a000 	C:\Users\pente\.gradle\native\jansi\1.18\windows64\jansi.dll
0x00007fff53ce0000 - 0x00007fff53ce9000 	C:\Program Files\Java\jdk-16.0.2\bin\management.dll
0x00007fff53cd0000 - 0x00007fff53cdb000 	C:\Program Files\Java\jdk-16.0.2\bin\management_ext.dll
0x00007fff8d0f0000 - 0x00007fff8d108000 	C:\Windows\SYSTEM32\CRYPTSP.dll
0x00007fff8c830000 - 0x00007fff8c864000 	C:\Windows\system32\rsaenh.dll
0x00007fff8db60000 - 0x00007fff8db87000 	C:\Windows\System32\bcrypt.dll
0x00007fff8d700000 - 0x00007fff8d72e000 	C:\Windows\SYSTEM32\USERENV.dll
0x00007fff8d020000 - 0x00007fff8d02c000 	C:\Windows\SYSTEM32\CRYPTBASE.dll
0x00007fff8cba0000 - 0x00007fff8cbdb000 	C:\Windows\SYSTEM32\IPHLPAPI.DLL
0x00007fff8fae0000 - 0x00007fff8fae8000 	C:\Windows\System32\NSI.dll
0x00007fff82420000 - 0x00007fff82437000 	C:\Windows\SYSTEM32\dhcpcsvc6.DLL
0x00007fff84900000 - 0x00007fff8491d000 	C:\Windows\SYSTEM32\dhcpcsvc.DLL
0x00007fff8cbe0000 - 0x00007fff8ccab000 	C:\Windows\SYSTEM32\DNSAPI.dll
0x00007fff53cc0000 - 0x00007fff53cce000 	C:\Program Files\Java\jdk-16.0.2\bin\sunmscapi.dll
0x00007fff8dd30000 - 0x00007fff8de86000 	C:\Windows\System32\CRYPT32.dll
0x00007fff8d260000 - 0x00007fff8d287000 	C:\Windows\SYSTEM32\ncrypt.dll
0x00007fff8d220000 - 0x00007fff8d25b000 	C:\Windows\SYSTEM32\NTASN1.dll
0x00007fff53cb0000 - 0x00007fff53cb7000 	C:\Windows\system32\wshunix.dll

dbghelp: loaded successfully - version: 4.0.5 - missing functions: none
symbol engine: initialized successfully - sym options: 0x614 - pdb path: .;C:\Program Files\Java\jdk-16.0.2\bin;C:\Windows\SYSTEM32;C:\Windows\WinSxS\amd64_microsoft.windows.common-controls_6595b64144ccf1df_6.0.19041.1110_none_60b5254171f9507e;C:\Program Files\Java\jdk-16.0.2\bin\server;C:\Users\pente\.gradle\native\e1d6ef7f7dcc3fd88c89a11ec53ec762bb8ba0a96d01ffa2cd45eb1d1d8dd5c5\windows-amd64;C:\Users\pente\.gradle\native\jansi\1.18\windows64

VM Arguments:
jvm_args: -Xmx64m -Xms64m -Dorg.gradle.appname=gradle 
java_command: org.gradle.launcher.GradleMain bootRun
java_class_path (initial): C:\Gradle\gradle-7.2\lib\gradle-launcher-7.2.jar
Launcher Type: SUN_STANDARD

[Global flags]
     intx CICompilerCount                          = 3                                         {product} {ergonomic}
     uint ConcGCThreads                            = 2                                         {product} {ergonomic}
     uint G1ConcRefinementThreads                  = 6                                         {product} {ergonomic}
   size_t G1HeapRegionSize                         = 1048576                                   {product} {ergonomic}
    uintx GCDrainStackTargetSize                   = 64                                        {product} {ergonomic}
   size_t InitialHeapSize                          = 67108864                                  {product} {command line}
   size_t MarkStackSize                            = 4194304                                   {product} {ergonomic}
   size_t MaxHeapSize                              = 67108864                                  {product} {command line}
   size_t MaxNewSize                               = 39845888                                  {product} {ergonomic}
   size_t MinHeapDeltaBytes                        = 1048576                                   {product} {ergonomic}
   size_t MinHeapSize                              = 67108864                                  {product} {command line}
    uintx NonNMethodCodeHeapSize                   = 5832780                                {pd product} {ergonomic}
    uintx NonProfiledCodeHeapSize                  = 122912730                              {pd product} {ergonomic}
    uintx ProfiledCodeHeapSize                     = 122912730                              {pd product} {ergonomic}
    uintx ReservedCodeCacheSize                    = 251658240                              {pd product} {ergonomic}
     bool SegmentedCodeCache                       = true                                      {product} {ergonomic}
   size_t SoftMaxHeapSize                          = 67108864                               {manageable} {ergonomic}
     bool UseCompressedClassPointers               = true                           {product lp64_product} {ergonomic}
     bool UseCompressedOops                        = true                           {product lp64_product} {ergonomic}
     bool UseG1GC                                  = true                                      {product} {ergonomic}
     bool UseLargePagesIndividualAllocation        = false                                  {pd product} {ergonomic}

Logging:
Log output configuration:
 #0: stdout all=warning uptime,level,tags
 #1: stderr all=off uptime,level,tags

Environment Variables:
JAVA_HOME=C:\Program Files\Java\jdk-16.0.2
CLASSPATH=C:\Gradle\gradle-7.2\lib\gradle-launcher-7.2.jar
PATH=C:\app\pente\product\21c\dbhomeXE\bin;C:\Program Files (x86)\Common Files\Oracle\Java\javapath;C:\Windows\system32;C:\Windows;C:\Windows\System32\Wbem;C:\Windows\System32\WindowsPowerShell\v1.0\;C:\Windows\System32\OpenSSH\;C:\Program Files\Git\cmd;C:\GnuWin32\bin;C:\msys64\mingw64\bin;C:\Program Files\Java\jdk-16.0.2\bin;C:\Gradle\gradle-7.2\bin;C:\Program Files\nodejs\;D:\PROGRAMOK\ArangoDB3-3.8.4_win64\ArangoDB3-3.8.4_win64\usr\bin;C:\GnuWin32\bin;C:\MinGW\bin;D:\PROGRAMOK\apache-tomcat-10.0.11;C:\Program Files\Microsoft SQL Server\Client SDK\ODBC\170\Tools\Binn\;C:\Program Files (x86)\Microsoft SQL Server\150\DTS\Binn\;C:\Program Files\Azure Data Studio\bin;C:\Program Files\dotnet\;C:\Program Files (x86)\Microsoft SQL Server\110\DTS\Binn\;C:\Program Files (x86)\Microsoft SQL Server\120\DTS\Binn\;C:\Program Files (x86)\Microsoft SQL Server\130\DTS\Binn\;C:\Program Files (x86)\Microsoft SQL Server\140\DTS\Binn\;C:\Users\pente\AppData\Local\Programs\Python\Python310\Scripts\;C:\Users\pente\AppData\Local\Programs\Python\Python310\;C:\GnuWin32\bin;C:\Users\pente\AppData\Local\GitHubDesktop\bin;C:\Gradle\gradle-7.2\bin;C:\Users\pente\AppData\Local\Programs\Microsoft VS Code\bin;C:\Users\pente\AppData\Roaming\npm;C:\Users\pente\AppData\Local\Keybase\;D:\PROGRAMOK\apache-tomcat-10.0.11\bin;C:\Users\pente\.julia\conda\3\Scripts;C:\Program Files\Azure Data Studio\bin;D:\PROGRAMOK\chromedriver_win32;C:\Users\pente\.dotnet\tools;C:\Users\pente\AppData\Local\Programs\MiKTeX 2.9\miktex\bin\x64\
USERNAME=pente
OS=Windows_NT
PROCESSOR_IDENTIFIER=AMD64 Family 23 Model 96 Stepping 1, AuthenticAMD



---------------  S Y S T E M  ---------------

OS:
 Windows 10 , 64 bit Build 19041 (10.0.19041.1706)
OS uptime: 0 days 0:09 hours
Hyper-V role detected

CPU: total 6 (initial active 6) (6 cores per cpu, 1 threads per core) family 23 model 96 stepping 1 microcode 0x0, cx8, cmov, fxsr, mmx, 3dnowpref, sse, sse2, sse3, ssse3, sse4a, sse4.1, sse4.2, popcnt, lzcnt, tsc, tscinvbit, avx, avx2, aes, clmul, bmi1, bmi2, adx, sha, fma, vzeroupper, clflush, clflushopt, hv

Memory: 4k page, system-wide physical 7541M (1278M free)
TotalPageFile size 25551M (AvailPageFile size 440M)
current process WorkingSet (physical memory assigned to process): 90M, peak: 94M
current process commit charge ("private bytes"): 159M, peak: 164M

vm_info: Java HotSpot(TM) 64-Bit Server VM (16.0.2+7-67) for windows-amd64 JRE (16.0.2+7-67), built on Jun  8 2021 23:24:19 by "mach5one" with MS VC++ 16.7 (VS2019)

END.
