#
# There is insufficient memory for the Java Runtime Environment to continue.
# Native memory allocation (malloc) failed to allocate 32744 bytes for ChunkPool::allocate
# Possible reasons:
#   The system is out of physical RAM or swap space
#   The process is running with CompressedOops enabled, and the Java Heap may be blocking the growth of the native heap
# Possible solutions:
#   Reduce memory load on the system
#   Increase physical memory or swap space
#   Check if swap backing store is full
#   Decrease Java heap size (-Xmx/-Xms)
#   Decrease number of Java threads
#   Decrease Java thread stack sizes (-Xss)
#   Set larger code cache with -XX:ReservedCodeCacheSize=
#   JVM is running with Unscaled Compressed Oops mode in which the Java heap is
#     placed in the first 4GB address space. The Java Heap base address is the
#     maximum limit for the native heap growth. Please use -XX:HeapBaseMinAddress
#     to set the Java Heap base and to place the Java Heap above 4GB virtual address.
# This output file may be truncated or incomplete.
#
#  Out of Memory Error (arena.cpp:79), pid=12292, tid=13100
#
# JRE version: Java(TM) SE Runtime Environment (16.0.2+7) (build 16.0.2+7-67)
# Java VM: Java HotSpot(TM) 64-Bit Server VM (16.0.2+7-67, mixed mode, sharing, tiered, compressed oops, compressed class ptrs, g1 gc, windows-amd64)
# No core dump will be written. Minidumps are not enabled by default on client versions of Windows
#

---------------  S U M M A R Y ------------

Command Line: --add-opens=java.base/java.util=ALL-UNNAMED --add-opens=java.base/java.lang=ALL-UNNAMED --add-opens=java.base/java.lang.invoke=ALL-UNNAMED --add-opens=java.base/java.util=ALL-UNNAMED --add-opens=java.prefs/java.util.prefs=ALL-UNNAMED --add-opens=java.prefs/java.util.prefs=ALL-UNNAMED --add-opens=java.base/java.nio.charset=ALL-UNNAMED --add-opens=java.base/java.net=ALL-UNNAMED --add-opens=java.base/java.util.concurrent.atomic=ALL-UNNAMED -XX:MaxMetaspaceSize=256m -XX:+HeapDumpOnOutOfMemoryError -Xms256m -Xmx512m -Dfile.encoding=windows-1252 -Duser.country=US -Duser.language=en -Duser.variant org.gradle.launcher.daemon.bootstrap.GradleDaemon 7.2

Host: AMD Ryzen 5 4500U with Radeon Graphics         , 6 cores, 7G,  Windows 10 , 64 bit Build 19041 (10.0.19041.1706)
Time: Mon Jun  6 19:18:21 2022 GTB Daylight Time elapsed time: 386.272870 seconds (0d 0h 6m 26s)

---------------  T H R E A D  ---------------

Current thread (0x0000027920c1b220):  JavaThread "C2 CompilerThread0" daemon [_thread_in_native, id=13100, stack(0x000000c7b3c00000,0x000000c7b3d00000)]


Current CompileTask:
C2: 386272 5972       4       sun.management.spi.PlatformMBeanProvider$PlatformComponent::getMBeans (87 bytes)

Stack: [0x000000c7b3c00000,0x000000c7b3d00000]
Native frames: (J=compiled Java code, j=interpreted, Vv=VM code, C=native code)
V  [jvm.dll+0x6681ca]
V  [jvm.dll+0x7c9e69]
V  [jvm.dll+0x7cb61e]
V  [jvm.dll+0x7cbc73]
V  [jvm.dll+0x242c55]
V  [jvm.dll+0xae10f]
V  [jvm.dll+0xae45c]
V  [jvm.dll+0x9b199]
V  [jvm.dll+0x5f45fb]
V  [jvm.dll+0x5f4a84]
V  [jvm.dll+0x5f46ec]
V  [jvm.dll+0x5fa3fb]
V  [jvm.dll+0x5fb1da]
V  [jvm.dll+0x5f979c]
V  [jvm.dll+0x215b58]
V  [jvm.dll+0x215100]
V  [jvm.dll+0x1a1beb]
V  [jvm.dll+0x225158]
V  [jvm.dll+0x22319c]
V  [jvm.dll+0x77fa62]
V  [jvm.dll+0x7795aa]
V  [jvm.dll+0x667066]
C  [ucrtbase.dll+0x21bb2]
C  [KERNEL32.DLL+0x17034]
C  [ntdll.dll+0x52651]


---------------  P R O C E S S  ---------------

Threads class SMR info:
_java_thread_list=0x000002792516a200, length=70, elements={
0x000002790689f0c0, 0x0000027920bfc790, 0x0000027920bffd80, 0x0000027920c14a80,
0x0000027920c183b0, 0x0000027920c19cd0, 0x0000027920c1a5e0, 0x0000027920c1b220,
0x0000027920c1bc20, 0x0000027920c1e580, 0x00000279218d8830, 0x00000279218d8d50,
0x0000027923433de0, 0x000002792341d880, 0x0000027923458fa0, 0x000002792329b280,
0x00000279224b79f0, 0x0000027923385a40, 0x0000027922b46c70, 0x0000027922b48700,
0x0000027922b471c0, 0x0000027922b461d0, 0x0000027922b47c60, 0x0000027922b481b0,
0x0000027922b451e0, 0x0000027922b45c80, 0x0000027922b45730, 0x000002792403fff0,
0x0000027924039060, 0x000002792403f000, 0x000002792403d570, 0x000002792403dac0,
0x0000027924040540, 0x0000027924039b00, 0x0000027924040a90, 0x000002792403a050,
0x000002792403cad0, 0x000002792403e010, 0x000002792403b590, 0x000002792403bae0,
0x000002792403e560, 0x00000279240395b0, 0x000002792403eab0, 0x0000027925b3def0,
0x0000027925b42400, 0x0000027925b433f0, 0x0000027925b453d0, 0x0000027925b43940,
0x0000027925b40420, 0x0000027925b42ea0, 0x0000027925b40970, 0x0000027925b3fed0,
0x0000027925b40ec0, 0x0000027925b41eb0, 0x0000027925b41410, 0x0000027925b44e80,
0x0000027925b41960, 0x0000027925b3f430, 0x0000027925b443e0, 0x0000027925b3e440,
0x0000027925b45920, 0x0000027925b3e990, 0x0000027925b3eee0, 0x0000027925b3f980,
0x0000027925151e30, 0x0000027925152380, 0x00000279251528d0, 0x000002792514fe50,
0x00000279251503a0, 0x00000279251508f0
}

Java Threads: ( => current thread )
  0x000002790689f0c0 JavaThread "main" [_thread_blocked, id=4476, stack(0x000000c7b2f00000,0x000000c7b3000000)]
  0x0000027920bfc790 JavaThread "Reference Handler" daemon [_thread_blocked, id=1728, stack(0x000000c7b3600000,0x000000c7b3700000)]
  0x0000027920bffd80 JavaThread "Finalizer" daemon [_thread_blocked, id=7940, stack(0x000000c7b3700000,0x000000c7b3800000)]
  0x0000027920c14a80 JavaThread "Signal Dispatcher" daemon [_thread_blocked, id=232, stack(0x000000c7b3800000,0x000000c7b3900000)]
  0x0000027920c183b0 JavaThread "Attach Listener" daemon [_thread_blocked, id=7932, stack(0x000000c7b3900000,0x000000c7b3a00000)]
  0x0000027920c19cd0 JavaThread "Service Thread" daemon [_thread_blocked, id=7936, stack(0x000000c7b3a00000,0x000000c7b3b00000)]
  0x0000027920c1a5e0 JavaThread "Monitor Deflation Thread" daemon [_thread_blocked, id=9896, stack(0x000000c7b3b00000,0x000000c7b3c00000)]
=>0x0000027920c1b220 JavaThread "C2 CompilerThread0" daemon [_thread_in_native, id=13100, stack(0x000000c7b3c00000,0x000000c7b3d00000)]
  0x0000027920c1bc20 JavaThread "C1 CompilerThread0" daemon [_thread_blocked, id=9840, stack(0x000000c7b3d00000,0x000000c7b3e00000)]
  0x0000027920c1e580 JavaThread "Sweeper thread" daemon [_thread_blocked, id=7372, stack(0x000000c7b3e00000,0x000000c7b3f00000)]
  0x00000279218d8830 JavaThread "Common-Cleaner" daemon [_thread_blocked, id=9892, stack(0x000000c7b3f00000,0x000000c7b4000000)]
  0x00000279218d8d50 JavaThread "Notification Thread" daemon [_thread_blocked, id=7356, stack(0x000000c7b4000000,0x000000c7b4100000)]
  0x0000027923433de0 JavaThread "Daemon health stats" [_thread_blocked, id=12468, stack(0x000000c7b4200000,0x000000c7b4300000)]
  0x000002792341d880 JavaThread "Incoming local TCP Connector on port 49711" [_thread_in_native, id=8352, stack(0x000000c7b4a00000,0x000000c7b4b00000)]
  0x0000027923458fa0 JavaThread "Daemon periodic checks" [_thread_blocked, id=1252, stack(0x000000c7b4b00000,0x000000c7b4c00000)]
  0x000002792329b280 JavaThread "Daemon" [_thread_blocked, id=13072, stack(0x000000c7b4c00000,0x000000c7b4d00000)]
  0x00000279224b79f0 JavaThread "Handler for socket connection from /127.0.0.1:49711 to /127.0.0.1:49712" [_thread_in_native, id=10968, stack(0x000000c7b4d00000,0x000000c7b4e00000)]
  0x0000027923385a40 JavaThread "Cancel handler" [_thread_blocked, id=11692, stack(0x000000c7b4e00000,0x000000c7b4f00000)]
  0x0000027922b46c70 JavaThread "Daemon worker" [_thread_blocked, id=11760, stack(0x000000c7b4f00000,0x000000c7b5000000)]
  0x0000027922b48700 JavaThread "Asynchronous log dispatcher for DefaultDaemonConnection: socket connection from /127.0.0.1:49711 to /127.0.0.1:49712" [_thread_blocked, id=1280, stack(0x000000c7b5000000,0x000000c7b5100000)]
  0x0000027922b471c0 JavaThread "Stdin handler" [_thread_blocked, id=13132, stack(0x000000c7b5100000,0x000000c7b5200000)]
  0x0000027922b461d0 JavaThread "Daemon client event forwarder" [_thread_blocked, id=7648, stack(0x000000c7b5200000,0x000000c7b5300000)]
  0x0000027922b47c60 JavaThread "Cache worker for journal cache (C:\Users\pente\.gradle\caches\journal-1)" [_thread_blocked, id=9996, stack(0x000000c7b5300000,0x000000c7b5400000)]
  0x0000027922b481b0 JavaThread "File lock request listener" [_thread_in_native, id=10084, stack(0x000000c7b5400000,0x000000c7b5500000)]
  0x0000027922b451e0 JavaThread "Cache worker for file hash cache (C:\Users\pente\.gradle\caches\7.2\fileHashes)" [_thread_blocked, id=10048, stack(0x000000c7b5500000,0x000000c7b5600000)]
  0x0000027922b45c80 JavaThread "Cache worker for file hash cache (D:\EGYETEM\allamvizsga\Application-backend\.gradle\7.2\fileHashes)" [_thread_blocked, id=13088, stack(0x000000c7b5600000,0x000000c7b5700000)]
  0x0000027922b45730 JavaThread "File watcher server" daemon [_thread_in_native, id=1740, stack(0x000000c7b5700000,0x000000c7b5800000)]
  0x000002792403fff0 JavaThread "File watcher consumer" daemon [_thread_blocked, id=13268, stack(0x000000c7b5800000,0x000000c7b5900000)]
  0x0000027924039060 JavaThread "Cache worker for checksums cache (D:\EGYETEM\allamvizsga\Application-backend\.gradle\checksums)" [_thread_blocked, id=13112, stack(0x000000c7b5900000,0x000000c7b5a00000)]
  0x000002792403f000 JavaThread "Cache worker for cache directory md-supplier (C:\Users\pente\.gradle\caches\7.2\md-supplier)" [_thread_blocked, id=11552, stack(0x000000c7b5a00000,0x000000c7b5b00000)]
  0x000002792403d570 JavaThread "Cache worker for cache directory md-rule (C:\Users\pente\.gradle\caches\7.2\md-rule)" [_thread_blocked, id=13196, stack(0x000000c7b5b00000,0x000000c7b5c00000)]
  0x000002792403dac0 JavaThread "Cache worker for execution history cache (C:\Users\pente\.gradle\caches\7.2\executionHistory)" [_thread_blocked, id=9564, stack(0x000000c7b5c00000,0x000000c7b5d00000)]
  0x0000027924040540 JavaThread "jar transforms" [_thread_blocked, id=1688, stack(0x000000c7b5e00000,0x000000c7b5f00000)]
  0x0000027924039b00 JavaThread "jar transforms Thread 2" [_thread_blocked, id=13272, stack(0x000000c7b5f00000,0x000000c7b6000000)]
  0x0000027924040a90 JavaThread "Cache worker for file content cache (C:\Users\pente\.gradle\caches\7.2\fileContent)" [_thread_blocked, id=13060, stack(0x000000c7b6000000,0x000000c7b6100000)]
  0x000002792403a050 JavaThread "Cache worker for dependencies-accessors (D:\EGYETEM\allamvizsga\Application-backend\.gradle\7.2\dependencies-accessors)" [_thread_blocked, id=1724, stack(0x000000c7b6100000,0x000000c7b6200000)]
  0x000002792403cad0 JavaThread "jar transforms Thread 3" [_thread_blocked, id=13096, stack(0x000000c7b6200000,0x000000c7b6300000)]
  0x000002792403e010 JavaThread "Cache worker for Build Output Cleanup Cache (D:\EGYETEM\allamvizsga\Application-backend\.gradle\buildOutputCleanup)" [_thread_blocked, id=11784, stack(0x000000c7b6300000,0x000000c7b6400000)]
  0x000002792403b590 JavaThread "Unconstrained build operations" [_thread_blocked, id=11788, stack(0x000000c7b6400000,0x000000c7b6500000)]
  0x000002792403bae0 JavaThread "Unconstrained build operations Thread 2" [_thread_blocked, id=13172, stack(0x000000c7b6500000,0x000000c7b6600000)]
  0x000002792403e560 JavaThread "Unconstrained build operations Thread 3" [_thread_blocked, id=13180, stack(0x000000c7b6600000,0x000000c7b6700000)]
  0x00000279240395b0 JavaThread "Unconstrained build operations Thread 4" [_thread_blocked, id=9300, stack(0x000000c7b6700000,0x000000c7b6800000)]
  0x000002792403eab0 JavaThread "Unconstrained build operations Thread 5" [_thread_blocked, id=13204, stack(0x000000c7b6800000,0x000000c7b6900000)]
  0x0000027925b3def0 JavaThread "Unconstrained build operations Thread 6" [_thread_blocked, id=13136, stack(0x000000c7b6900000,0x000000c7b6a00000)]
  0x0000027925b42400 JavaThread "Unconstrained build operations Thread 7" [_thread_blocked, id=11548, stack(0x000000c7b6a00000,0x000000c7b6b00000)]
  0x0000027925b433f0 JavaThread "Unconstrained build operations Thread 8" [_thread_blocked, id=12888, stack(0x000000c7b6b00000,0x000000c7b6c00000)]
  0x0000027925b453d0 JavaThread "Unconstrained build operations Thread 9" [_thread_blocked, id=13008, stack(0x000000c7b6c00000,0x000000c7b6d00000)]
  0x0000027925b43940 JavaThread "Unconstrained build operations Thread 10" [_thread_blocked, id=13236, stack(0x000000c7b6d00000,0x000000c7b6e00000)]
  0x0000027925b40420 JavaThread "Unconstrained build operations Thread 11" [_thread_blocked, id=13092, stack(0x000000c7b6e00000,0x000000c7b6f00000)]
  0x0000027925b42ea0 JavaThread "Unconstrained build operations Thread 12" [_thread_blocked, id=11600, stack(0x000000c7b6f00000,0x000000c7b7000000)]
  0x0000027925b40970 JavaThread "Unconstrained build operations Thread 13" [_thread_blocked, id=11664, stack(0x000000c7b7000000,0x000000c7b7100000)]
  0x0000027925b3fed0 JavaThread "Unconstrained build operations Thread 14" [_thread_blocked, id=13152, stack(0x000000c7b7100000,0x000000c7b7200000)]
  0x0000027925b40ec0 JavaThread "Unconstrained build operations Thread 15" [_thread_blocked, id=7392, stack(0x000000c7b7200000,0x000000c7b7300000)]
  0x0000027925b41eb0 JavaThread "Unconstrained build operations Thread 16" [_thread_blocked, id=13168, stack(0x000000c7b7300000,0x000000c7b7400000)]
  0x0000027925b41410 JavaThread "Unconstrained build operations Thread 17" [_thread_blocked, id=1232, stack(0x000000c7b7400000,0x000000c7b7500000)]
  0x0000027925b44e80 JavaThread "Unconstrained build operations Thread 18" [_thread_blocked, id=888, stack(0x000000c7b7500000,0x000000c7b7600000)]
  0x0000027925b41960 JavaThread "Unconstrained build operations Thread 19" [_thread_blocked, id=3424, stack(0x000000c7b7600000,0x000000c7b7700000)]
  0x0000027925b3f430 JavaThread "jar transforms Thread 4" [_thread_blocked, id=8804, stack(0x000000c7b7700000,0x000000c7b7800000)]
  0x0000027925b443e0 JavaThread "jar transforms Thread 5" [_thread_blocked, id=8724, stack(0x000000c7b7800000,0x000000c7b7900000)]
  0x0000027925b3e440 JavaThread "jar transforms Thread 6" [_thread_blocked, id=12996, stack(0x000000c7b7900000,0x000000c7b7a00000)]
  0x0000027925b45920 JavaThread "Memory manager" [_thread_blocked, id=8544, stack(0x000000c7b7a00000,0x000000c7b7b00000)]
  0x0000027925b3e990 JavaThread "Execution worker for ':'" [_thread_blocked, id=12548, stack(0x000000c7b7b00000,0x000000c7b7c00000)]
  0x0000027925b3eee0 JavaThread "Execution worker for ':' Thread 2" [_thread_blocked, id=8620, stack(0x000000c7b7c00000,0x000000c7b7d00000)]
  0x0000027925b3f980 JavaThread "Execution worker for ':' Thread 3" [_thread_blocked, id=11708, stack(0x000000c7b7d00000,0x000000c7b7e00000)]
  0x0000027925151e30 JavaThread "Execution worker for ':' Thread 4" [_thread_blocked, id=7440, stack(0x000000c7b7e00000,0x000000c7b7f00000)]
  0x0000027925152380 JavaThread "Execution worker for ':' Thread 5" [_thread_blocked, id=12328, stack(0x000000c7b7f00000,0x000000c7b8000000)]
  0x00000279251528d0 JavaThread "Cache worker for execution history cache (D:\EGYETEM\allamvizsga\Application-backend\.gradle\7.2\executionHistory)" [_thread_blocked, id=12332, stack(0x000000c7b8000000,0x000000c7b8100000)]
  0x000002792514fe50 JavaThread "Exec process" [_thread_in_native, id=3316, stack(0x000000c7b8100000,0x000000c7b8200000)]
  0x00000279251503a0 JavaThread "Exec process Thread 2" [_thread_in_native, id=1520, stack(0x000000c7b8200000,0x000000c7b8300000)]
  0x00000279251508f0 JavaThread "Exec process Thread 3" [_thread_in_native, id=6884, stack(0x000000c7b8300000,0x000000c7b8400000)]

Other Threads:
  0x0000027920bf8c30 VMThread "VM Thread" [stack: 0x000000c7b3500000,0x000000c7b3600000] [id=10560]
  0x00000279218e3290 WatcherThread [stack: 0x000000c7b4100000,0x000000c7b4200000] [id=11724]
  0x00000279068c6b40 GCTaskThread "GC Thread#0" [stack: 0x000000c7b3000000,0x000000c7b3100000] [id=2904]
  0x00000279222d7e00 GCTaskThread "GC Thread#1" [stack: 0x000000c7b4300000,0x000000c7b4400000] [id=9988]
  0x0000027922657ef0 GCTaskThread "GC Thread#2" [stack: 0x000000c7b4400000,0x000000c7b4500000] [id=5312]
  0x0000027922658b30 GCTaskThread "GC Thread#3" [stack: 0x000000c7b4500000,0x000000c7b4600000] [id=1884]
  0x0000027922658820 GCTaskThread "GC Thread#4" [stack: 0x000000c7b4600000,0x000000c7b4700000] [id=11916]
  0x00000279226572b0 GCTaskThread "GC Thread#5" [stack: 0x000000c7b4700000,0x000000c7b4800000] [id=5800]
  0x00000279068ccaa0 ConcurrentGCThread "G1 Main Marker" [stack: 0x000000c7b3100000,0x000000c7b3200000] [id=3884]
  0x00000279068cd420 ConcurrentGCThread "G1 Conc#0" [stack: 0x000000c7b3200000,0x000000c7b3300000] [id=8876]
  0x00000279250bdfc0 ConcurrentGCThread "G1 Conc#1" [stack: 0x000000c7b5d00000,0x000000c7b5e00000] [id=13140]
  0x000002790697e6a0 ConcurrentGCThread "G1 Refine#0" [stack: 0x000000c7b3300000,0x000000c7b3400000] [id=3880]
  0x00000279223491b0 ConcurrentGCThread "G1 Refine#1" [stack: 0x000000c7b4800000,0x000000c7b4900000] [id=6408]
  0x0000027920ab8220 ConcurrentGCThread "G1 Service" [stack: 0x000000c7b3400000,0x000000c7b3500000] [id=9584]

Threads with active compile tasks:
C2 CompilerThread0   386322 5972       4       sun.management.spi.PlatformMBeanProvider$PlatformComponent::getMBeans (87 bytes)

VM state: not at safepoint (normal execution)

VM Mutex/Monitor currently owned by a thread: None

Heap address: 0x00000000e0000000, size: 512 MB, Compressed Oops mode: 32-bit

CDS archive(s) mapped at: [0x0000000800000000-0x0000000800bb0000-0x0000000800bb0000), size 12255232, SharedBaseAddress: 0x0000000800000000, ArchiveRelocationMode: 0.
Compressed class space mapped at: 0x0000000800c00000-0x000000080dc00000, reserved size: 218103808
Narrow klass base: 0x0000000800000000, Narrow klass shift: 3, Narrow klass range: 0x100000000

GC Precious Log:
 CPUs: 6 total, 6 available
 Memory: 7541M
 Large Page Support: Disabled
 NUMA Support: Disabled
 Compressed Oops: Enabled (32-bit)
 Heap Region Size: 1M
 Heap Min Capacity: 256M
 Heap Initial Capacity: 256M
 Heap Max Capacity: 512M
 Pre-touch: Disabled
 Parallel Workers: 6
 Concurrent Workers: 2
 Concurrent Refinement Workers: 6
 Periodic GC: Disabled

Heap:
 garbage-first heap   total 262144K, used 153493K [0x00000000e0000000, 0x0000000100000000)
  region size 1024K, 141 young (144384K), 18 survivors (18432K)
 Metaspace       used 45134K, committed 45568K, reserved 253952K
  class space    used 6273K, committed 6464K, reserved 212992K

Heap Regions: E=young(eden), S=young(survivor), O=old, HS=humongous(starts), HC=humongous(continues), CS=collection set, F=free, OA=open archive, CA=closed archive, TAMS=top-at-mark-start (previous, next)
|   0|0x00000000e0000000, 0x00000000e0000000, 0x00000000e0100000|  0%| F|  |TAMS 0x00000000e0000000, 0x00000000e0000000| Untracked 
|   1|0x00000000e0100000, 0x00000000e0200000, 0x00000000e0200000|100%| O|  |TAMS 0x00000000e0200000, 0x00000000e0100000| Untracked 
|   2|0x00000000e0200000, 0x00000000e0300000, 0x00000000e0300000|100%| O|  |TAMS 0x00000000e0300000, 0x00000000e0200000| Untracked 
|   3|0x00000000e0300000, 0x00000000e0400000, 0x00000000e0400000|100%|HS|  |TAMS 0x00000000e0400000, 0x00000000e0300000| Complete 
|   4|0x00000000e0400000, 0x00000000e0500000, 0x00000000e0500000|100%|HC|  |TAMS 0x00000000e0500000, 0x00000000e0400000| Complete 
|   5|0x00000000e0500000, 0x00000000e0600000, 0x00000000e0600000|100%|HC|  |TAMS 0x00000000e0600000, 0x00000000e0500000| Complete 
|   6|0x00000000e0600000, 0x00000000e0700000, 0x00000000e0700000|100%| O|  |TAMS 0x00000000e0700000, 0x00000000e0600000| Untracked 
|   7|0x00000000e0700000, 0x00000000e0800000, 0x00000000e0800000|100%| O|  |TAMS 0x00000000e0800000, 0x00000000e0700000| Untracked 
|   8|0x00000000e0800000, 0x00000000e0900000, 0x00000000e0900000|100%| O|  |TAMS 0x00000000e0900000, 0x00000000e0800000| Untracked 
|   9|0x00000000e0900000, 0x00000000e0a00000, 0x00000000e0a00000|100%| O|  |TAMS 0x00000000e0a00000, 0x00000000e0900000| Untracked 
|  10|0x00000000e0a00000, 0x00000000e0b00000, 0x00000000e0b00000|100%| O|  |TAMS 0x00000000e0b00000, 0x00000000e0a00000| Untracked 
|  11|0x00000000e0b00000, 0x00000000e0b6fc00, 0x00000000e0c00000| 43%| O|  |TAMS 0x00000000e0b6fc00, 0x00000000e0b00000| Untracked 
|  12|0x00000000e0c00000, 0x00000000e0c00000, 0x00000000e0d00000|  0%| F|  |TAMS 0x00000000e0c00000, 0x00000000e0c00000| Untracked 
|  13|0x00000000e0d00000, 0x00000000e0d00000, 0x00000000e0e00000|  0%| F|  |TAMS 0x00000000e0d00000, 0x00000000e0d00000| Untracked 
|  14|0x00000000e0e00000, 0x00000000e0e00000, 0x00000000e0f00000|  0%| F|  |TAMS 0x00000000e0e00000, 0x00000000e0e00000| Untracked 
|  15|0x00000000e0f00000, 0x00000000e0f00000, 0x00000000e1000000|  0%| F|  |TAMS 0x00000000e0f00000, 0x00000000e0f00000| Untracked 
|  16|0x00000000e1000000, 0x00000000e1000000, 0x00000000e1100000|  0%| F|  |TAMS 0x00000000e1000000, 0x00000000e1000000| Untracked 
|  17|0x00000000e1100000, 0x00000000e1100000, 0x00000000e1200000|  0%| F|  |TAMS 0x00000000e1100000, 0x00000000e1100000| Untracked 
|  18|0x00000000e1200000, 0x00000000e1200000, 0x00000000e1300000|  0%| F|  |TAMS 0x00000000e1200000, 0x00000000e1200000| Untracked 
|  19|0x00000000e1300000, 0x00000000e1300000, 0x00000000e1400000|  0%| F|  |TAMS 0x00000000e1300000, 0x00000000e1300000| Untracked 
|  20|0x00000000e1400000, 0x00000000e1400000, 0x00000000e1500000|  0%| F|  |TAMS 0x00000000e1400000, 0x00000000e1400000| Untracked 
|  21|0x00000000e1500000, 0x00000000e1500000, 0x00000000e1600000|  0%| F|  |TAMS 0x00000000e1500000, 0x00000000e1500000| Untracked 
|  22|0x00000000e1600000, 0x00000000e1600000, 0x00000000e1700000|  0%| F|  |TAMS 0x00000000e1600000, 0x00000000e1600000| Untracked 
|  23|0x00000000e1700000, 0x00000000e1700000, 0x00000000e1800000|  0%| F|  |TAMS 0x00000000e1700000, 0x00000000e1700000| Untracked 
|  24|0x00000000e1800000, 0x00000000e1800000, 0x00000000e1900000|  0%| F|  |TAMS 0x00000000e1800000, 0x00000000e1800000| Untracked 
|  25|0x00000000e1900000, 0x00000000e1900000, 0x00000000e1a00000|  0%| F|  |TAMS 0x00000000e1900000, 0x00000000e1900000| Untracked 
|  26|0x00000000e1a00000, 0x00000000e1a00000, 0x00000000e1b00000|  0%| F|  |TAMS 0x00000000e1a00000, 0x00000000e1a00000| Untracked 
|  27|0x00000000e1b00000, 0x00000000e1b00000, 0x00000000e1c00000|  0%| F|  |TAMS 0x00000000e1b00000, 0x00000000e1b00000| Untracked 
|  28|0x00000000e1c00000, 0x00000000e1c00000, 0x00000000e1d00000|  0%| F|  |TAMS 0x00000000e1c00000, 0x00000000e1c00000| Untracked 
|  29|0x00000000e1d00000, 0x00000000e1d00000, 0x00000000e1e00000|  0%| F|  |TAMS 0x00000000e1d00000, 0x00000000e1d00000| Untracked 
|  30|0x00000000e1e00000, 0x00000000e1e00000, 0x00000000e1f00000|  0%| F|  |TAMS 0x00000000e1e00000, 0x00000000e1e00000| Untracked 
|  31|0x00000000e1f00000, 0x00000000e1f00000, 0x00000000e2000000|  0%| F|  |TAMS 0x00000000e1f00000, 0x00000000e1f00000| Untracked 
|  32|0x00000000e2000000, 0x00000000e2000000, 0x00000000e2100000|  0%| F|  |TAMS 0x00000000e2000000, 0x00000000e2000000| Untracked 
|  33|0x00000000e2100000, 0x00000000e2100000, 0x00000000e2200000|  0%| F|  |TAMS 0x00000000e2100000, 0x00000000e2100000| Untracked 
|  34|0x00000000e2200000, 0x00000000e2200000, 0x00000000e2300000|  0%| F|  |TAMS 0x00000000e2200000, 0x00000000e2200000| Untracked 
|  35|0x00000000e2300000, 0x00000000e2300000, 0x00000000e2400000|  0%| F|  |TAMS 0x00000000e2300000, 0x00000000e2300000| Untracked 
|  36|0x00000000e2400000, 0x00000000e2400000, 0x00000000e2500000|  0%| F|  |TAMS 0x00000000e2400000, 0x00000000e2400000| Untracked 
|  37|0x00000000e2500000, 0x00000000e2500000, 0x00000000e2600000|  0%| F|  |TAMS 0x00000000e2500000, 0x00000000e2500000| Untracked 
|  38|0x00000000e2600000, 0x00000000e2600000, 0x00000000e2700000|  0%| F|  |TAMS 0x00000000e2600000, 0x00000000e2600000| Untracked 
|  39|0x00000000e2700000, 0x00000000e2700000, 0x00000000e2800000|  0%| F|  |TAMS 0x00000000e2700000, 0x00000000e2700000| Untracked 
|  40|0x00000000e2800000, 0x00000000e2800000, 0x00000000e2900000|  0%| F|  |TAMS 0x00000000e2800000, 0x00000000e2800000| Untracked 
|  41|0x00000000e2900000, 0x00000000e2900000, 0x00000000e2a00000|  0%| F|  |TAMS 0x00000000e2900000, 0x00000000e2900000| Untracked 
|  42|0x00000000e2a00000, 0x00000000e2a00000, 0x00000000e2b00000|  0%| F|  |TAMS 0x00000000e2a00000, 0x00000000e2a00000| Untracked 
|  43|0x00000000e2b00000, 0x00000000e2b00000, 0x00000000e2c00000|  0%| F|  |TAMS 0x00000000e2b00000, 0x00000000e2b00000| Untracked 
|  44|0x00000000e2c00000, 0x00000000e2c00000, 0x00000000e2d00000|  0%| F|  |TAMS 0x00000000e2c00000, 0x00000000e2c00000| Untracked 
|  45|0x00000000e2d00000, 0x00000000e2d00000, 0x00000000e2e00000|  0%| F|  |TAMS 0x00000000e2d00000, 0x00000000e2d00000| Untracked 
|  46|0x00000000e2e00000, 0x00000000e2e00000, 0x00000000e2f00000|  0%| F|  |TAMS 0x00000000e2e00000, 0x00000000e2e00000| Untracked 
|  47|0x00000000e2f00000, 0x00000000e2f00000, 0x00000000e3000000|  0%| F|  |TAMS 0x00000000e2f00000, 0x00000000e2f00000| Untracked 
|  48|0x00000000e3000000, 0x00000000e3000000, 0x00000000e3100000|  0%| F|  |TAMS 0x00000000e3000000, 0x00000000e3000000| Untracked 
|  49|0x00000000e3100000, 0x00000000e3100000, 0x00000000e3200000|  0%| F|  |TAMS 0x00000000e3100000, 0x00000000e3100000| Untracked 
|  50|0x00000000e3200000, 0x00000000e3200000, 0x00000000e3300000|  0%| F|  |TAMS 0x00000000e3200000, 0x00000000e3200000| Untracked 
|  51|0x00000000e3300000, 0x00000000e3300000, 0x00000000e3400000|  0%| F|  |TAMS 0x00000000e3300000, 0x00000000e3300000| Untracked 
|  52|0x00000000e3400000, 0x00000000e3400000, 0x00000000e3500000|  0%| F|  |TAMS 0x00000000e3400000, 0x00000000e3400000| Untracked 
|  53|0x00000000e3500000, 0x00000000e3500000, 0x00000000e3600000|  0%| F|  |TAMS 0x00000000e3500000, 0x00000000e3500000| Untracked 
|  54|0x00000000e3600000, 0x00000000e3600000, 0x00000000e3700000|  0%| F|  |TAMS 0x00000000e3600000, 0x00000000e3600000| Untracked 
|  55|0x00000000e3700000, 0x00000000e3700000, 0x00000000e3800000|  0%| F|  |TAMS 0x00000000e3700000, 0x00000000e3700000| Untracked 
|  56|0x00000000e3800000, 0x00000000e3800000, 0x00000000e3900000|  0%| F|  |TAMS 0x00000000e3800000, 0x00000000e3800000| Untracked 
|  57|0x00000000e3900000, 0x00000000e3900000, 0x00000000e3a00000|  0%| F|  |TAMS 0x00000000e3900000, 0x00000000e3900000| Untracked 
|  58|0x00000000e3a00000, 0x00000000e3a00000, 0x00000000e3b00000|  0%| F|  |TAMS 0x00000000e3a00000, 0x00000000e3a00000| Untracked 
|  59|0x00000000e3b00000, 0x00000000e3b00000, 0x00000000e3c00000|  0%| F|  |TAMS 0x00000000e3b00000, 0x00000000e3b00000| Untracked 
|  60|0x00000000e3c00000, 0x00000000e3c00000, 0x00000000e3d00000|  0%| F|  |TAMS 0x00000000e3c00000, 0x00000000e3c00000| Untracked 
|  61|0x00000000e3d00000, 0x00000000e3d00000, 0x00000000e3e00000|  0%| F|  |TAMS 0x00000000e3d00000, 0x00000000e3d00000| Untracked 
|  62|0x00000000e3e00000, 0x00000000e3e00000, 0x00000000e3f00000|  0%| F|  |TAMS 0x00000000e3e00000, 0x00000000e3e00000| Untracked 
|  63|0x00000000e3f00000, 0x00000000e3f00000, 0x00000000e4000000|  0%| F|  |TAMS 0x00000000e3f00000, 0x00000000e3f00000| Untracked 
|  64|0x00000000e4000000, 0x00000000e4000000, 0x00000000e4100000|  0%| F|  |TAMS 0x00000000e4000000, 0x00000000e4000000| Untracked 
|  65|0x00000000e4100000, 0x00000000e4100000, 0x00000000e4200000|  0%| F|  |TAMS 0x00000000e4100000, 0x00000000e4100000| Untracked 
|  66|0x00000000e4200000, 0x00000000e4200000, 0x00000000e4300000|  0%| F|  |TAMS 0x00000000e4200000, 0x00000000e4200000| Untracked 
|  67|0x00000000e4300000, 0x00000000e4300000, 0x00000000e4400000|  0%| F|  |TAMS 0x00000000e4300000, 0x00000000e4300000| Untracked 
|  68|0x00000000e4400000, 0x00000000e4400000, 0x00000000e4500000|  0%| F|  |TAMS 0x00000000e4400000, 0x00000000e4400000| Untracked 
|  69|0x00000000e4500000, 0x00000000e4500000, 0x00000000e4600000|  0%| F|  |TAMS 0x00000000e4500000, 0x00000000e4500000| Untracked 
|  70|0x00000000e4600000, 0x00000000e4600000, 0x00000000e4700000|  0%| F|  |TAMS 0x00000000e4600000, 0x00000000e4600000| Untracked 
|  71|0x00000000e4700000, 0x00000000e4700000, 0x00000000e4800000|  0%| F|  |TAMS 0x00000000e4700000, 0x00000000e4700000| Untracked 
|  72|0x00000000e4800000, 0x00000000e4800000, 0x00000000e4900000|  0%| F|  |TAMS 0x00000000e4800000, 0x00000000e4800000| Untracked 
|  73|0x00000000e4900000, 0x00000000e4900000, 0x00000000e4a00000|  0%| F|  |TAMS 0x00000000e4900000, 0x00000000e4900000| Untracked 
|  74|0x00000000e4a00000, 0x00000000e4a00000, 0x00000000e4b00000|  0%| F|  |TAMS 0x00000000e4a00000, 0x00000000e4a00000| Untracked 
|  75|0x00000000e4b00000, 0x00000000e4b00000, 0x00000000e4c00000|  0%| F|  |TAMS 0x00000000e4b00000, 0x00000000e4b00000| Untracked 
|  76|0x00000000e4c00000, 0x00000000e4c00000, 0x00000000e4d00000|  0%| F|  |TAMS 0x00000000e4c00000, 0x00000000e4c00000| Untracked 
|  77|0x00000000e4d00000, 0x00000000e4d00000, 0x00000000e4e00000|  0%| F|  |TAMS 0x00000000e4d00000, 0x00000000e4d00000| Untracked 
|  78|0x00000000e4e00000, 0x00000000e4e00000, 0x00000000e4f00000|  0%| F|  |TAMS 0x00000000e4e00000, 0x00000000e4e00000| Untracked 
|  79|0x00000000e4f00000, 0x00000000e4f00000, 0x00000000e5000000|  0%| F|  |TAMS 0x00000000e4f00000, 0x00000000e4f00000| Untracked 
|  80|0x00000000e5000000, 0x00000000e5000000, 0x00000000e5100000|  0%| F|  |TAMS 0x00000000e5000000, 0x00000000e5000000| Untracked 
|  81|0x00000000e5100000, 0x00000000e5100000, 0x00000000e5200000|  0%| F|  |TAMS 0x00000000e5100000, 0x00000000e5100000| Untracked 
|  82|0x00000000e5200000, 0x00000000e5200000, 0x00000000e5300000|  0%| F|  |TAMS 0x00000000e5200000, 0x00000000e5200000| Untracked 
|  83|0x00000000e5300000, 0x00000000e5300000, 0x00000000e5400000|  0%| F|  |TAMS 0x00000000e5300000, 0x00000000e5300000| Untracked 
|  84|0x00000000e5400000, 0x00000000e5400000, 0x00000000e5500000|  0%| F|  |TAMS 0x00000000e5400000, 0x00000000e5400000| Untracked 
|  85|0x00000000e5500000, 0x00000000e5500000, 0x00000000e5600000|  0%| F|  |TAMS 0x00000000e5500000, 0x00000000e5500000| Untracked 
|  86|0x00000000e5600000, 0x00000000e5600000, 0x00000000e5700000|  0%| F|  |TAMS 0x00000000e5600000, 0x00000000e5600000| Untracked 
|  87|0x00000000e5700000, 0x00000000e5700000, 0x00000000e5800000|  0%| F|  |TAMS 0x00000000e5700000, 0x00000000e5700000| Untracked 
|  88|0x00000000e5800000, 0x00000000e5800000, 0x00000000e5900000|  0%| F|  |TAMS 0x00000000e5800000, 0x00000000e5800000| Untracked 
|  89|0x00000000e5900000, 0x00000000e5900000, 0x00000000e5a00000|  0%| F|  |TAMS 0x00000000e5900000, 0x00000000e5900000| Untracked 
|  90|0x00000000e5a00000, 0x00000000e5a00000, 0x00000000e5b00000|  0%| F|  |TAMS 0x00000000e5a00000, 0x00000000e5a00000| Untracked 
|  91|0x00000000e5b00000, 0x00000000e5b00000, 0x00000000e5c00000|  0%| F|  |TAMS 0x00000000e5b00000, 0x00000000e5b00000| Untracked 
|  92|0x00000000e5c00000, 0x00000000e5c00000, 0x00000000e5d00000|  0%| F|  |TAMS 0x00000000e5c00000, 0x00000000e5c00000| Untracked 
|  93|0x00000000e5d00000, 0x00000000e5d00000, 0x00000000e5e00000|  0%| F|  |TAMS 0x00000000e5d00000, 0x00000000e5d00000| Untracked 
|  94|0x00000000e5e00000, 0x00000000e5e00000, 0x00000000e5f00000|  0%| F|  |TAMS 0x00000000e5e00000, 0x00000000e5e00000| Untracked 
|  95|0x00000000e5f00000, 0x00000000e5f00000, 0x00000000e6000000|  0%| F|  |TAMS 0x00000000e5f00000, 0x00000000e5f00000| Untracked 
|  96|0x00000000e6000000, 0x00000000e6000000, 0x00000000e6100000|  0%| F|  |TAMS 0x00000000e6000000, 0x00000000e6000000| Untracked 
|  97|0x00000000e6100000, 0x00000000e6100000, 0x00000000e6200000|  0%| F|  |TAMS 0x00000000e6100000, 0x00000000e6100000| Untracked 
|  98|0x00000000e6200000, 0x00000000e6200000, 0x00000000e6300000|  0%| F|  |TAMS 0x00000000e6200000, 0x00000000e6200000| Untracked 
|  99|0x00000000e6300000, 0x00000000e6300000, 0x00000000e6400000|  0%| F|  |TAMS 0x00000000e6300000, 0x00000000e6300000| Untracked 
| 100|0x00000000e6400000, 0x00000000e6400000, 0x00000000e6500000|  0%| F|  |TAMS 0x00000000e6400000, 0x00000000e6400000| Untracked 
| 101|0x00000000e6500000, 0x00000000e6500000, 0x00000000e6600000|  0%| F|  |TAMS 0x00000000e6500000, 0x00000000e6500000| Untracked 
| 102|0x00000000e6600000, 0x00000000e6600000, 0x00000000e6700000|  0%| F|  |TAMS 0x00000000e6600000, 0x00000000e6600000| Untracked 
| 103|0x00000000e6700000, 0x00000000e6700000, 0x00000000e6800000|  0%| F|  |TAMS 0x00000000e6700000, 0x00000000e6700000| Untracked 
| 104|0x00000000e6800000, 0x00000000e6800000, 0x00000000e6900000|  0%| F|  |TAMS 0x00000000e6800000, 0x00000000e6800000| Untracked 
| 105|0x00000000e6900000, 0x00000000e6900000, 0x00000000e6a00000|  0%| F|  |TAMS 0x00000000e6900000, 0x00000000e6900000| Untracked 
| 106|0x00000000e6a00000, 0x00000000e6a00000, 0x00000000e6b00000|  0%| F|  |TAMS 0x00000000e6a00000, 0x00000000e6a00000| Untracked 
| 107|0x00000000e6b00000, 0x00000000e6b00000, 0x00000000e6c00000|  0%| F|  |TAMS 0x00000000e6b00000, 0x00000000e6b00000| Untracked 
| 108|0x00000000e6c00000, 0x00000000e6c00000, 0x00000000e6d00000|  0%| F|  |TAMS 0x00000000e6c00000, 0x00000000e6c00000| Untracked 
| 109|0x00000000e6d00000, 0x00000000e6d00000, 0x00000000e6e00000|  0%| F|  |TAMS 0x00000000e6d00000, 0x00000000e6d00000| Untracked 
| 110|0x00000000e6e00000, 0x00000000e6e00000, 0x00000000e6f00000|  0%| F|  |TAMS 0x00000000e6e00000, 0x00000000e6e00000| Untracked 
| 111|0x00000000e6f00000, 0x00000000e6f00000, 0x00000000e7000000|  0%| F|  |TAMS 0x00000000e6f00000, 0x00000000e6f00000| Untracked 
| 112|0x00000000e7000000, 0x00000000e7000000, 0x00000000e7100000|  0%| F|  |TAMS 0x00000000e7000000, 0x00000000e7000000| Untracked 
| 113|0x00000000e7100000, 0x00000000e7100000, 0x00000000e7200000|  0%| F|  |TAMS 0x00000000e7100000, 0x00000000e7100000| Untracked 
| 114|0x00000000e7200000, 0x00000000e7200000, 0x00000000e7300000|  0%| F|  |TAMS 0x00000000e7200000, 0x00000000e7200000| Untracked 
| 115|0x00000000e7300000, 0x00000000e7373b60, 0x00000000e7400000| 45%| E|  |TAMS 0x00000000e7300000, 0x00000000e7300000| Complete 
| 116|0x00000000e7400000, 0x00000000e7500000, 0x00000000e7500000|100%| E|CS|TAMS 0x00000000e7400000, 0x00000000e7400000| Complete 
| 117|0x00000000e7500000, 0x00000000e7600000, 0x00000000e7600000|100%| E|CS|TAMS 0x00000000e7500000, 0x00000000e7500000| Complete 
| 118|0x00000000e7600000, 0x00000000e7700000, 0x00000000e7700000|100%| E|CS|TAMS 0x00000000e7600000, 0x00000000e7600000| Complete 
| 119|0x00000000e7700000, 0x00000000e7800000, 0x00000000e7800000|100%| E|CS|TAMS 0x00000000e7700000, 0x00000000e7700000| Complete 
| 120|0x00000000e7800000, 0x00000000e7900000, 0x00000000e7900000|100%| E|CS|TAMS 0x00000000e7800000, 0x00000000e7800000| Complete 
| 121|0x00000000e7900000, 0x00000000e7a00000, 0x00000000e7a00000|100%| E|CS|TAMS 0x00000000e7900000, 0x00000000e7900000| Complete 
| 122|0x00000000e7a00000, 0x00000000e7b00000, 0x00000000e7b00000|100%| E|CS|TAMS 0x00000000e7a00000, 0x00000000e7a00000| Complete 
| 123|0x00000000e7b00000, 0x00000000e7c00000, 0x00000000e7c00000|100%| E|CS|TAMS 0x00000000e7b00000, 0x00000000e7b00000| Complete 
| 124|0x00000000e7c00000, 0x00000000e7d00000, 0x00000000e7d00000|100%| E|CS|TAMS 0x00000000e7c00000, 0x00000000e7c00000| Complete 
| 125|0x00000000e7d00000, 0x00000000e7e00000, 0x00000000e7e00000|100%| E|CS|TAMS 0x00000000e7d00000, 0x00000000e7d00000| Complete 
| 126|0x00000000e7e00000, 0x00000000e7f00000, 0x00000000e7f00000|100%| E|CS|TAMS 0x00000000e7e00000, 0x00000000e7e00000| Complete 
| 127|0x00000000e7f00000, 0x00000000e8000000, 0x00000000e8000000|100%| E|CS|TAMS 0x00000000e7f00000, 0x00000000e7f00000| Complete 
| 128|0x00000000e8000000, 0x00000000e8100000, 0x00000000e8100000|100%| E|CS|TAMS 0x00000000e8000000, 0x00000000e8000000| Complete 
| 129|0x00000000e8100000, 0x00000000e8200000, 0x00000000e8200000|100%| E|CS|TAMS 0x00000000e8100000, 0x00000000e8100000| Complete 
| 130|0x00000000e8200000, 0x00000000e8300000, 0x00000000e8300000|100%| E|CS|TAMS 0x00000000e8200000, 0x00000000e8200000| Complete 
| 131|0x00000000e8300000, 0x00000000e8375ae8, 0x00000000e8400000| 45%| S|CS|TAMS 0x00000000e8300000, 0x00000000e8300000| Complete 
| 132|0x00000000e8400000, 0x00000000e8500000, 0x00000000e8500000|100%| S|CS|TAMS 0x00000000e8400000, 0x00000000e8400000| Complete 
| 133|0x00000000e8500000, 0x00000000e8600000, 0x00000000e8600000|100%| S|CS|TAMS 0x00000000e8500000, 0x00000000e8500000| Complete 
| 134|0x00000000e8600000, 0x00000000e8700000, 0x00000000e8700000|100%| S|CS|TAMS 0x00000000e8600000, 0x00000000e8600000| Complete 
| 135|0x00000000e8700000, 0x00000000e8800000, 0x00000000e8800000|100%| S|CS|TAMS 0x00000000e8700000, 0x00000000e8700000| Complete 
| 136|0x00000000e8800000, 0x00000000e8900000, 0x00000000e8900000|100%| S|CS|TAMS 0x00000000e8800000, 0x00000000e8800000| Complete 
| 137|0x00000000e8900000, 0x00000000e8a00000, 0x00000000e8a00000|100%| S|CS|TAMS 0x00000000e8900000, 0x00000000e8900000| Complete 
| 138|0x00000000e8a00000, 0x00000000e8b00000, 0x00000000e8b00000|100%| S|CS|TAMS 0x00000000e8a00000, 0x00000000e8a00000| Complete 
| 139|0x00000000e8b00000, 0x00000000e8c00000, 0x00000000e8c00000|100%| S|CS|TAMS 0x00000000e8b00000, 0x00000000e8b00000| Complete 
| 140|0x00000000e8c00000, 0x00000000e8d00000, 0x00000000e8d00000|100%| S|CS|TAMS 0x00000000e8c00000, 0x00000000e8c00000| Complete 
| 141|0x00000000e8d00000, 0x00000000e8e00000, 0x00000000e8e00000|100%| S|CS|TAMS 0x00000000e8d00000, 0x00000000e8d00000| Complete 
| 142|0x00000000e8e00000, 0x00000000e8f00000, 0x00000000e8f00000|100%| S|CS|TAMS 0x00000000e8e00000, 0x00000000e8e00000| Complete 
| 143|0x00000000e8f00000, 0x00000000e9000000, 0x00000000e9000000|100%| S|CS|TAMS 0x00000000e8f00000, 0x00000000e8f00000| Complete 
| 144|0x00000000e9000000, 0x00000000e9100000, 0x00000000e9100000|100%| S|CS|TAMS 0x00000000e9000000, 0x00000000e9000000| Complete 
| 145|0x00000000e9100000, 0x00000000e9200000, 0x00000000e9200000|100%| S|CS|TAMS 0x00000000e9100000, 0x00000000e9100000| Complete 
| 146|0x00000000e9200000, 0x00000000e9300000, 0x00000000e9300000|100%| S|CS|TAMS 0x00000000e9200000, 0x00000000e9200000| Complete 
| 147|0x00000000e9300000, 0x00000000e9400000, 0x00000000e9400000|100%| S|CS|TAMS 0x00000000e9300000, 0x00000000e9300000| Complete 
| 148|0x00000000e9400000, 0x00000000e9500000, 0x00000000e9500000|100%| S|CS|TAMS 0x00000000e9400000, 0x00000000e9400000| Complete 
| 149|0x00000000e9500000, 0x00000000e9600000, 0x00000000e9600000|100%| E|CS|TAMS 0x00000000e9500000, 0x00000000e9500000| Complete 
| 150|0x00000000e9600000, 0x00000000e9700000, 0x00000000e9700000|100%| E|CS|TAMS 0x00000000e9600000, 0x00000000e9600000| Complete 
| 151|0x00000000e9700000, 0x00000000e9800000, 0x00000000e9800000|100%| E|CS|TAMS 0x00000000e9700000, 0x00000000e9700000| Complete 
| 152|0x00000000e9800000, 0x00000000e9900000, 0x00000000e9900000|100%| E|CS|TAMS 0x00000000e9800000, 0x00000000e9800000| Complete 
| 153|0x00000000e9900000, 0x00000000e9a00000, 0x00000000e9a00000|100%| E|CS|TAMS 0x00000000e9900000, 0x00000000e9900000| Complete 
| 154|0x00000000e9a00000, 0x00000000e9b00000, 0x00000000e9b00000|100%| E|CS|TAMS 0x00000000e9a00000, 0x00000000e9a00000| Complete 
| 155|0x00000000e9b00000, 0x00000000e9c00000, 0x00000000e9c00000|100%| E|CS|TAMS 0x00000000e9b00000, 0x00000000e9b00000| Complete 
| 156|0x00000000e9c00000, 0x00000000e9d00000, 0x00000000e9d00000|100%| E|CS|TAMS 0x00000000e9c00000, 0x00000000e9c00000| Complete 
| 157|0x00000000e9d00000, 0x00000000e9e00000, 0x00000000e9e00000|100%| E|CS|TAMS 0x00000000e9d00000, 0x00000000e9d00000| Complete 
| 158|0x00000000e9e00000, 0x00000000e9f00000, 0x00000000e9f00000|100%| E|CS|TAMS 0x00000000e9e00000, 0x00000000e9e00000| Complete 
| 159|0x00000000e9f00000, 0x00000000ea000000, 0x00000000ea000000|100%| E|CS|TAMS 0x00000000e9f00000, 0x00000000e9f00000| Complete 
| 160|0x00000000ea000000, 0x00000000ea100000, 0x00000000ea100000|100%| E|CS|TAMS 0x00000000ea000000, 0x00000000ea000000| Complete 
| 161|0x00000000ea100000, 0x00000000ea200000, 0x00000000ea200000|100%| E|CS|TAMS 0x00000000ea100000, 0x00000000ea100000| Complete 
| 162|0x00000000ea200000, 0x00000000ea300000, 0x00000000ea300000|100%| E|CS|TAMS 0x00000000ea200000, 0x00000000ea200000| Complete 
| 163|0x00000000ea300000, 0x00000000ea400000, 0x00000000ea400000|100%| E|CS|TAMS 0x00000000ea300000, 0x00000000ea300000| Complete 
| 164|0x00000000ea400000, 0x00000000ea500000, 0x00000000ea500000|100%| E|CS|TAMS 0x00000000ea400000, 0x00000000ea400000| Complete 
| 165|0x00000000ea500000, 0x00000000ea600000, 0x00000000ea600000|100%| E|CS|TAMS 0x00000000ea500000, 0x00000000ea500000| Complete 
| 166|0x00000000ea600000, 0x00000000ea700000, 0x00000000ea700000|100%| E|CS|TAMS 0x00000000ea600000, 0x00000000ea600000| Complete 
| 167|0x00000000ea700000, 0x00000000ea800000, 0x00000000ea800000|100%| E|CS|TAMS 0x00000000ea700000, 0x00000000ea700000| Complete 
| 168|0x00000000ea800000, 0x00000000ea900000, 0x00000000ea900000|100%| E|CS|TAMS 0x00000000ea800000, 0x00000000ea800000| Complete 
| 169|0x00000000ea900000, 0x00000000eaa00000, 0x00000000eaa00000|100%| E|CS|TAMS 0x00000000ea900000, 0x00000000ea900000| Complete 
| 170|0x00000000eaa00000, 0x00000000eab00000, 0x00000000eab00000|100%| E|CS|TAMS 0x00000000eaa00000, 0x00000000eaa00000| Complete 
| 171|0x00000000eab00000, 0x00000000eac00000, 0x00000000eac00000|100%| E|CS|TAMS 0x00000000eab00000, 0x00000000eab00000| Complete 
| 172|0x00000000eac00000, 0x00000000ead00000, 0x00000000ead00000|100%| E|CS|TAMS 0x00000000eac00000, 0x00000000eac00000| Complete 
| 173|0x00000000ead00000, 0x00000000eae00000, 0x00000000eae00000|100%| E|CS|TAMS 0x00000000ead00000, 0x00000000ead00000| Complete 
| 174|0x00000000eae00000, 0x00000000eaf00000, 0x00000000eaf00000|100%| E|CS|TAMS 0x00000000eae00000, 0x00000000eae00000| Complete 
| 175|0x00000000eaf00000, 0x00000000eb000000, 0x00000000eb000000|100%| E|CS|TAMS 0x00000000eaf00000, 0x00000000eaf00000| Complete 
| 176|0x00000000eb000000, 0x00000000eb100000, 0x00000000eb100000|100%| E|CS|TAMS 0x00000000eb000000, 0x00000000eb000000| Complete 
| 177|0x00000000eb100000, 0x00000000eb200000, 0x00000000eb200000|100%| E|CS|TAMS 0x00000000eb100000, 0x00000000eb100000| Complete 
| 178|0x00000000eb200000, 0x00000000eb300000, 0x00000000eb300000|100%| E|CS|TAMS 0x00000000eb200000, 0x00000000eb200000| Complete 
| 179|0x00000000eb300000, 0x00000000eb400000, 0x00000000eb400000|100%| E|CS|TAMS 0x00000000eb300000, 0x00000000eb300000| Complete 
| 180|0x00000000eb400000, 0x00000000eb500000, 0x00000000eb500000|100%| E|CS|TAMS 0x00000000eb400000, 0x00000000eb400000| Complete 
| 181|0x00000000eb500000, 0x00000000eb600000, 0x00000000eb600000|100%| E|CS|TAMS 0x00000000eb500000, 0x00000000eb500000| Complete 
| 182|0x00000000eb600000, 0x00000000eb700000, 0x00000000eb700000|100%| E|CS|TAMS 0x00000000eb600000, 0x00000000eb600000| Complete 
| 183|0x00000000eb700000, 0x00000000eb800000, 0x00000000eb800000|100%| E|CS|TAMS 0x00000000eb700000, 0x00000000eb700000| Complete 
| 184|0x00000000eb800000, 0x00000000eb900000, 0x00000000eb900000|100%| E|CS|TAMS 0x00000000eb800000, 0x00000000eb800000| Complete 
| 185|0x00000000eb900000, 0x00000000eba00000, 0x00000000eba00000|100%| E|CS|TAMS 0x00000000eb900000, 0x00000000eb900000| Complete 
| 186|0x00000000eba00000, 0x00000000ebb00000, 0x00000000ebb00000|100%| E|CS|TAMS 0x00000000eba00000, 0x00000000eba00000| Complete 
| 187|0x00000000ebb00000, 0x00000000ebc00000, 0x00000000ebc00000|100%| E|CS|TAMS 0x00000000ebb00000, 0x00000000ebb00000| Complete 
| 188|0x00000000ebc00000, 0x00000000ebd00000, 0x00000000ebd00000|100%| E|CS|TAMS 0x00000000ebc00000, 0x00000000ebc00000| Complete 
| 189|0x00000000ebd00000, 0x00000000ebe00000, 0x00000000ebe00000|100%| E|CS|TAMS 0x00000000ebd00000, 0x00000000ebd00000| Complete 
| 190|0x00000000ebe00000, 0x00000000ebf00000, 0x00000000ebf00000|100%| E|CS|TAMS 0x00000000ebe00000, 0x00000000ebe00000| Complete 
| 191|0x00000000ebf00000, 0x00000000ec000000, 0x00000000ec000000|100%| E|CS|TAMS 0x00000000ebf00000, 0x00000000ebf00000| Complete 
| 192|0x00000000ec000000, 0x00000000ec100000, 0x00000000ec100000|100%| E|CS|TAMS 0x00000000ec000000, 0x00000000ec000000| Complete 
| 193|0x00000000ec100000, 0x00000000ec200000, 0x00000000ec200000|100%| E|CS|TAMS 0x00000000ec100000, 0x00000000ec100000| Complete 
| 194|0x00000000ec200000, 0x00000000ec300000, 0x00000000ec300000|100%| E|CS|TAMS 0x00000000ec200000, 0x00000000ec200000| Complete 
| 195|0x00000000ec300000, 0x00000000ec400000, 0x00000000ec400000|100%| E|CS|TAMS 0x00000000ec300000, 0x00000000ec300000| Complete 
| 196|0x00000000ec400000, 0x00000000ec500000, 0x00000000ec500000|100%| E|CS|TAMS 0x00000000ec400000, 0x00000000ec400000| Complete 
| 197|0x00000000ec500000, 0x00000000ec600000, 0x00000000ec600000|100%| E|CS|TAMS 0x00000000ec500000, 0x00000000ec500000| Complete 
| 198|0x00000000ec600000, 0x00000000ec700000, 0x00000000ec700000|100%| E|CS|TAMS 0x00000000ec600000, 0x00000000ec600000| Complete 
| 199|0x00000000ec700000, 0x00000000ec800000, 0x00000000ec800000|100%| E|CS|TAMS 0x00000000ec700000, 0x00000000ec700000| Complete 
| 200|0x00000000ec800000, 0x00000000ec900000, 0x00000000ec900000|100%| E|CS|TAMS 0x00000000ec800000, 0x00000000ec800000| Complete 
| 201|0x00000000ec900000, 0x00000000eca00000, 0x00000000eca00000|100%| E|CS|TAMS 0x00000000ec900000, 0x00000000ec900000| Complete 
| 202|0x00000000eca00000, 0x00000000ecb00000, 0x00000000ecb00000|100%| E|CS|TAMS 0x00000000eca00000, 0x00000000eca00000| Complete 
| 203|0x00000000ecb00000, 0x00000000ecc00000, 0x00000000ecc00000|100%| E|CS|TAMS 0x00000000ecb00000, 0x00000000ecb00000| Complete 
| 204|0x00000000ecc00000, 0x00000000ecd00000, 0x00000000ecd00000|100%| E|CS|TAMS 0x00000000ecc00000, 0x00000000ecc00000| Complete 
| 205|0x00000000ecd00000, 0x00000000ece00000, 0x00000000ece00000|100%| E|CS|TAMS 0x00000000ecd00000, 0x00000000ecd00000| Complete 
| 206|0x00000000ece00000, 0x00000000ecf00000, 0x00000000ecf00000|100%| E|CS|TAMS 0x00000000ece00000, 0x00000000ece00000| Complete 
| 207|0x00000000ecf00000, 0x00000000ed000000, 0x00000000ed000000|100%| E|CS|TAMS 0x00000000ecf00000, 0x00000000ecf00000| Complete 
| 208|0x00000000ed000000, 0x00000000ed100000, 0x00000000ed100000|100%| E|CS|TAMS 0x00000000ed000000, 0x00000000ed000000| Complete 
| 209|0x00000000ed100000, 0x00000000ed200000, 0x00000000ed200000|100%| E|CS|TAMS 0x00000000ed100000, 0x00000000ed100000| Complete 
| 210|0x00000000ed200000, 0x00000000ed300000, 0x00000000ed300000|100%| E|CS|TAMS 0x00000000ed200000, 0x00000000ed200000| Complete 
| 211|0x00000000ed300000, 0x00000000ed400000, 0x00000000ed400000|100%| E|CS|TAMS 0x00000000ed300000, 0x00000000ed300000| Complete 
| 212|0x00000000ed400000, 0x00000000ed500000, 0x00000000ed500000|100%| E|CS|TAMS 0x00000000ed400000, 0x00000000ed400000| Complete 
| 213|0x00000000ed500000, 0x00000000ed600000, 0x00000000ed600000|100%| E|CS|TAMS 0x00000000ed500000, 0x00000000ed500000| Complete 
| 214|0x00000000ed600000, 0x00000000ed700000, 0x00000000ed700000|100%| E|CS|TAMS 0x00000000ed600000, 0x00000000ed600000| Complete 
| 215|0x00000000ed700000, 0x00000000ed800000, 0x00000000ed800000|100%| E|CS|TAMS 0x00000000ed700000, 0x00000000ed700000| Complete 
| 216|0x00000000ed800000, 0x00000000ed900000, 0x00000000ed900000|100%| E|CS|TAMS 0x00000000ed800000, 0x00000000ed800000| Complete 
| 217|0x00000000ed900000, 0x00000000eda00000, 0x00000000eda00000|100%| E|CS|TAMS 0x00000000ed900000, 0x00000000ed900000| Complete 
| 218|0x00000000eda00000, 0x00000000edb00000, 0x00000000edb00000|100%| E|CS|TAMS 0x00000000eda00000, 0x00000000eda00000| Complete 
| 219|0x00000000edb00000, 0x00000000edc00000, 0x00000000edc00000|100%| E|CS|TAMS 0x00000000edb00000, 0x00000000edb00000| Complete 
| 220|0x00000000edc00000, 0x00000000edd00000, 0x00000000edd00000|100%| E|CS|TAMS 0x00000000edc00000, 0x00000000edc00000| Complete 
| 221|0x00000000edd00000, 0x00000000ede00000, 0x00000000ede00000|100%| E|CS|TAMS 0x00000000edd00000, 0x00000000edd00000| Complete 
| 222|0x00000000ede00000, 0x00000000edf00000, 0x00000000edf00000|100%| E|CS|TAMS 0x00000000ede00000, 0x00000000ede00000| Complete 
| 223|0x00000000edf00000, 0x00000000ee000000, 0x00000000ee000000|100%| E|CS|TAMS 0x00000000edf00000, 0x00000000edf00000| Complete 
| 224|0x00000000ee000000, 0x00000000ee100000, 0x00000000ee100000|100%| E|CS|TAMS 0x00000000ee000000, 0x00000000ee000000| Complete 
| 225|0x00000000ee100000, 0x00000000ee200000, 0x00000000ee200000|100%| E|CS|TAMS 0x00000000ee100000, 0x00000000ee100000| Complete 
| 226|0x00000000ee200000, 0x00000000ee300000, 0x00000000ee300000|100%| E|CS|TAMS 0x00000000ee200000, 0x00000000ee200000| Complete 
| 227|0x00000000ee300000, 0x00000000ee400000, 0x00000000ee400000|100%| E|CS|TAMS 0x00000000ee300000, 0x00000000ee300000| Complete 
| 228|0x00000000ee400000, 0x00000000ee500000, 0x00000000ee500000|100%| E|CS|TAMS 0x00000000ee400000, 0x00000000ee400000| Complete 
| 229|0x00000000ee500000, 0x00000000ee600000, 0x00000000ee600000|100%| E|CS|TAMS 0x00000000ee500000, 0x00000000ee500000| Complete 
| 230|0x00000000ee600000, 0x00000000ee700000, 0x00000000ee700000|100%| E|CS|TAMS 0x00000000ee600000, 0x00000000ee600000| Complete 
| 231|0x00000000ee700000, 0x00000000ee800000, 0x00000000ee800000|100%| E|CS|TAMS 0x00000000ee700000, 0x00000000ee700000| Complete 
| 232|0x00000000ee800000, 0x00000000ee900000, 0x00000000ee900000|100%| E|CS|TAMS 0x00000000ee800000, 0x00000000ee800000| Complete 
| 233|0x00000000ee900000, 0x00000000eea00000, 0x00000000eea00000|100%| E|CS|TAMS 0x00000000ee900000, 0x00000000ee900000| Complete 
| 234|0x00000000eea00000, 0x00000000eeb00000, 0x00000000eeb00000|100%| E|CS|TAMS 0x00000000eea00000, 0x00000000eea00000| Complete 
| 235|0x00000000eeb00000, 0x00000000eec00000, 0x00000000eec00000|100%| E|CS|TAMS 0x00000000eeb00000, 0x00000000eeb00000| Complete 
| 236|0x00000000eec00000, 0x00000000eed00000, 0x00000000eed00000|100%| E|CS|TAMS 0x00000000eec00000, 0x00000000eec00000| Complete 
| 237|0x00000000eed00000, 0x00000000eee00000, 0x00000000eee00000|100%| E|CS|TAMS 0x00000000eed00000, 0x00000000eed00000| Complete 
| 238|0x00000000eee00000, 0x00000000eef00000, 0x00000000eef00000|100%| E|CS|TAMS 0x00000000eee00000, 0x00000000eee00000| Complete 
| 239|0x00000000eef00000, 0x00000000ef000000, 0x00000000ef000000|100%| E|CS|TAMS 0x00000000eef00000, 0x00000000eef00000| Complete 
| 240|0x00000000ef000000, 0x00000000ef100000, 0x00000000ef100000|100%| E|CS|TAMS 0x00000000ef000000, 0x00000000ef000000| Complete 
| 241|0x00000000ef100000, 0x00000000ef200000, 0x00000000ef200000|100%| E|CS|TAMS 0x00000000ef100000, 0x00000000ef100000| Complete 
| 242|0x00000000ef200000, 0x00000000ef300000, 0x00000000ef300000|100%| E|CS|TAMS 0x00000000ef200000, 0x00000000ef200000| Complete 
| 243|0x00000000ef300000, 0x00000000ef400000, 0x00000000ef400000|100%| E|CS|TAMS 0x00000000ef300000, 0x00000000ef300000| Complete 
| 244|0x00000000ef400000, 0x00000000ef500000, 0x00000000ef500000|100%| E|CS|TAMS 0x00000000ef400000, 0x00000000ef400000| Complete 
| 245|0x00000000ef500000, 0x00000000ef600000, 0x00000000ef600000|100%| E|CS|TAMS 0x00000000ef500000, 0x00000000ef500000| Complete 
| 246|0x00000000ef600000, 0x00000000ef700000, 0x00000000ef700000|100%| E|CS|TAMS 0x00000000ef600000, 0x00000000ef600000| Complete 
| 247|0x00000000ef700000, 0x00000000ef800000, 0x00000000ef800000|100%| E|CS|TAMS 0x00000000ef700000, 0x00000000ef700000| Complete 
| 248|0x00000000ef800000, 0x00000000ef900000, 0x00000000ef900000|100%| E|CS|TAMS 0x00000000ef800000, 0x00000000ef800000| Complete 
| 249|0x00000000ef900000, 0x00000000efa00000, 0x00000000efa00000|100%| E|CS|TAMS 0x00000000ef900000, 0x00000000ef900000| Complete 
| 250|0x00000000efa00000, 0x00000000efb00000, 0x00000000efb00000|100%| E|CS|TAMS 0x00000000efa00000, 0x00000000efa00000| Complete 
| 251|0x00000000efb00000, 0x00000000efc00000, 0x00000000efc00000|100%| E|CS|TAMS 0x00000000efb00000, 0x00000000efb00000| Complete 
| 252|0x00000000efc00000, 0x00000000efd00000, 0x00000000efd00000|100%| E|CS|TAMS 0x00000000efc00000, 0x00000000efc00000| Complete 
| 253|0x00000000efd00000, 0x00000000efe00000, 0x00000000efe00000|100%| E|CS|TAMS 0x00000000efd00000, 0x00000000efd00000| Complete 
| 254|0x00000000efe00000, 0x00000000eff00000, 0x00000000eff00000|100%| E|CS|TAMS 0x00000000efe00000, 0x00000000efe00000| Complete 
| 255|0x00000000eff00000, 0x00000000f0000000, 0x00000000f0000000|100%| E|CS|TAMS 0x00000000eff00000, 0x00000000eff00000| Complete 

Card table byte_map: [0x000002791d230000,0x000002791d330000] _byte_map_base: 0x000002791cb30000

Marking Bits (Prev, Next): (CMBitMap*) 0x00000279068c80d0, (CMBitMap*) 0x00000279068c8110
 Prev Bits: [0x000002791d430000, 0x000002791dc30000)
 Next Bits: [0x000002791dc30000, 0x000002791e430000)

Polling page: 0x00000279047a0000

Metaspace:

Usage:
  Non-class:     37.95 MB used.
      Class:      6.13 MB used.
       Both:     44.08 MB used.

Virtual space:
  Non-class space:       40.00 MB reserved,      38.19 MB ( 95%) committed,  5 nodes.
      Class space:      208.00 MB reserved,       6.31 MB (  3%) committed,  1 nodes.
              Both:      248.00 MB reserved,      44.50 MB ( 18%) committed. 

Chunk freelists:
   Non-Class:  1.78 MB
       Class:  1.69 MB
        Both:  3.47 MB

MaxMetaspaceSize: 256.00 MB
CompressedClassSpaceSize: 208.00 MB
 - commit_granule_bytes: 65536.
 - commit_granule_words: 8192.
 - virtual_space_node_default_size: 1048576.
 - enlarge_chunks_in_place: 1.
 - new_chunks_are_fully_committed: 0.
 - uncommit_free_chunks: 1.
 - use_allocation_guard: 0.
 - handle_deallocations: 1.


Internal statistics:

num_allocs_failed_limit: 6.
num_arena_births: 496.
num_arena_deaths: 0.
num_vsnodes_births: 6.
num_vsnodes_deaths: 0.
num_space_committed: 712.
num_space_uncommitted: 0.
num_chunks_returned_to_freelist: 6.
num_chunks_taken_from_freelist: 2216.
num_chunk_merges: 6.
num_chunk_splits: 1465.
num_chunks_enlarged: 1002.
num_purges: 0.

CodeHeap 'non-profiled nmethods': size=120000Kb used=3551Kb max_used=3551Kb free=116448Kb
 bounds [0x0000027915af0000, 0x0000027915e70000, 0x000002791d020000]
CodeHeap 'profiled nmethods': size=120000Kb used=11619Kb max_used=11619Kb free=108380Kb
 bounds [0x000002790e5c0000, 0x000002790f120000, 0x0000027915af0000]
CodeHeap 'non-nmethods': size=5760Kb used=2332Kb max_used=2375Kb free=3427Kb
 bounds [0x000002790e020000, 0x000002790e290000, 0x000002790e5c0000]
 total_blobs=6806 nmethods=5966 adapters=752
 compilation: enabled
              stopped_count=0, restarted_count=0
 full_count=0

Compilation events (20 events):
Event: 344.468 Thread 0x0000027920c1b220 nmethod 5961 0x0000027915e64f10 code [0x0000027915e65080, 0x0000027915e650f8]
Event: 364.232 Thread 0x0000027920c1bc20 5962       3       java.util.stream.ReferencePipeline$7$1::begin (13 bytes)
Event: 364.232 Thread 0x0000027920c1bc20 nmethod 5962 0x000002790f116610 code [0x000002790f1167c0, 0x000002790f1169a8]
Event: 364.468 Thread 0x0000027920c1bc20 5963       3       org.gradle.cache.internal.DefaultFileLockManager::access$100 (4 bytes)
Event: 364.469 Thread 0x0000027920c1bc20 nmethod 5963 0x000002790f116a90 code [0x000002790f116c20, 0x000002790f116d18]
Event: 374.471 Thread 0x0000027920c1bc20 5964       1       org.gradle.util.internal.DefaultGradleVersion::getVersion (5 bytes)
Event: 374.472 Thread 0x0000027920c1bc20 nmethod 5964 0x0000027915e65210 code [0x0000027915e653a0, 0x0000027915e65478]
Event: 377.234 Thread 0x0000027920c1b220 5966       4       java.util.stream.ReferencePipeline$Head::forEach (26 bytes)
Event: 377.237 Thread 0x0000027920c1b220 nmethod 5966 0x0000027915e65910 code [0x0000027915e65ac0, 0x0000027915e65db8]
Event: 378.225 Thread 0x0000027920c1b220 5967       4       java.util.Collections$SingletonSet::contains (9 bytes)
Event: 378.226 Thread 0x0000027920c1b220 nmethod 5967 0x0000027915e66090 code [0x0000027915e66220, 0x0000027915e66438]
Event: 378.226 Thread 0x0000027920c1b220 5968       4       java.util.stream.AbstractPipeline::close (48 bytes)
Event: 378.227 Thread 0x0000027920c1b220 nmethod 5968 0x0000027915e66590 code [0x0000027915e66720, 0x0000027915e66878]
Event: 379.221 Thread 0x0000027920c1b220 5969   !   4       java.util.stream.ReferencePipeline$7$1::accept (127 bytes)
Event: 379.236 Thread 0x0000027920c1b220 nmethod 5969 0x0000027915e66910 code [0x0000027915e66b20, 0x0000027915e67558]
Event: 384.236 Thread 0x0000027920c1bc20 5970       3       java.lang.management.ManagementFactory$PlatformMBeanFinder::findFirst (52 bytes)
Event: 384.238 Thread 0x0000027920c1bc20 nmethod 5970 0x000002790f116d90 code [0x000002790f117080, 0x000002790f118398]
Event: 384.470 Thread 0x0000027920c1bc20 5971       3       java.util.HashSet::clear (8 bytes)
Event: 384.470 Thread 0x0000027920c1bc20 nmethod 5971 0x000002790f118910 code [0x000002790f118ac0, 0x000002790f118ca8]
Event: 386.232 Thread 0x0000027920c1b220 5972       4       sun.management.spi.PlatformMBeanProvider$PlatformComponent::getMBeans (87 bytes)

GC Heap History (10 events):
Event: 0.626 GC heap before
{Heap before GC invocations=0 (full 0):
 garbage-first heap   total 262144K, used 27648K [0x00000000e0000000, 0x0000000100000000)
  region size 1024K, 21 young (21504K), 0 survivors (0K)
 Metaspace       used 3104K, committed 3264K, reserved 221184K
  class space    used 380K, committed 448K, reserved 212992K
}
Event: 0.631 GC heap after
{Heap after GC invocations=1 (full 0):
 garbage-first heap   total 262144K, used 9131K [0x00000000e0000000, 0x0000000100000000)
  region size 1024K, 3 young (3072K), 3 survivors (3072K)
 Metaspace       used 3104K, committed 3264K, reserved 221184K
  class space    used 380K, committed 448K, reserved 212992K
}
Event: 2.990 GC heap before
{Heap before GC invocations=1 (full 0):
 garbage-first heap   total 262144K, used 31659K [0x00000000e0000000, 0x0000000100000000)
  region size 1024K, 24 young (24576K), 3 survivors (3072K)
 Metaspace       used 4033K, committed 4224K, reserved 221184K
  class space    used 475K, committed 576K, reserved 212992K
}
Event: 2.994 GC heap after
{Heap after GC invocations=2 (full 0):
 garbage-first heap   total 262144K, used 11168K [0x00000000e0000000, 0x0000000100000000)
  region size 1024K, 2 young (2048K), 2 survivors (2048K)
 Metaspace       used 4033K, committed 4224K, reserved 221184K
  class space    used 475K, committed 576K, reserved 212992K
}
Event: 4.714 GC heap before
{Heap before GC invocations=2 (full 0):
 garbage-first heap   total 262144K, used 54176K [0x00000000e0000000, 0x0000000100000000)
  region size 1024K, 45 young (46080K), 2 survivors (2048K)
 Metaspace       used 11405K, committed 11648K, reserved 229376K
  class space    used 1583K, committed 1664K, reserved 212992K
}
Event: 4.720 GC heap after
{Heap after GC invocations=3 (full 0):
 garbage-first heap   total 262144K, used 16831K [0x00000000e0000000, 0x0000000100000000)
  region size 1024K, 6 young (6144K), 6 survivors (6144K)
 Metaspace       used 11405K, committed 11648K, reserved 229376K
  class space    used 1583K, committed 1664K, reserved 212992K
}
Event: 5.682 GC heap before
{Heap before GC invocations=3 (full 0):
 garbage-first heap   total 262144K, used 80319K [0x00000000e0000000, 0x0000000100000000)
  region size 1024K, 70 young (71680K), 6 survivors (6144K)
 Metaspace       used 21025K, committed 21248K, reserved 237568K
  class space    used 3079K, committed 3200K, reserved 212992K
}
Event: 5.689 GC heap after
{Heap after GC invocations=4 (full 0):
 garbage-first heap   total 262144K, used 20517K [0x00000000e0000000, 0x0000000100000000)
  region size 1024K, 10 young (10240K), 10 survivors (10240K)
 Metaspace       used 21025K, committed 21248K, reserved 237568K
  class space    used 3079K, committed 3200K, reserved 212992K
}
Event: 6.937 GC heap before
{Heap before GC invocations=5 (full 0):
 garbage-first heap   total 262144K, used 121893K [0x00000000e0000000, 0x0000000100000000)
  region size 1024K, 107 young (109568K), 10 survivors (10240K)
 Metaspace       used 35288K, committed 35648K, reserved 245760K
  class space    used 4770K, committed 4928K, reserved 212992K
}
Event: 6.948 GC heap after
{Heap after GC invocations=6 (full 0):
 garbage-first heap   total 262144K, used 28565K [0x00000000e0000000, 0x0000000100000000)
  region size 1024K, 18 young (18432K), 18 survivors (18432K)
 Metaspace       used 35288K, committed 35648K, reserved 245760K
  class space    used 4770K, committed 4928K, reserved 212992K
}

Deoptimization events (20 events):
Event: 8.610 Thread 0x0000027922b46c70 DEOPT PACKING pc=0x0000027915d462cc sp=0x000000c7b4ff7a10
Event: 8.610 Thread 0x0000027922b46c70 DEOPT UNPACKING pc=0x000002790e06d72e sp=0x000000c7b4ff7968 mode 2
Event: 8.621 Thread 0x0000027922b46c70 DEOPT PACKING pc=0x000002790e67235d sp=0x000000c7b4ff79d0
Event: 8.621 Thread 0x0000027922b46c70 DEOPT UNPACKING pc=0x000002790e06dece sp=0x000000c7b4ff6e68 mode 0
Event: 8.669 Thread 0x0000027922b46c70 Uncommon trap: trap_request=0xffffff45 fr.pc=0x0000027915e16050 relative=0x00000000000039f0
Event: 8.669 Thread 0x0000027922b46c70 Uncommon trap: reason=unstable_if action=reinterpret pc=0x0000027915e16050 method=java.util.zip.ZipFile$Source.getMetaVersion([BII)I @ 47 c2
Event: 8.669 Thread 0x0000027922b46c70 DEOPT PACKING pc=0x0000027915e16050 sp=0x000000c7b4ff81b0
Event: 8.669 Thread 0x0000027922b46c70 DEOPT UNPACKING pc=0x000002790e06d72e sp=0x000000c7b4ff8108 mode 2
Event: 8.804 Thread 0x00000279251508f0 Uncommon trap: trap_request=0xffffffde fr.pc=0x0000027915c946b8 relative=0x00000000000007b8
Event: 8.804 Thread 0x00000279251508f0 Uncommon trap: reason=class_check action=maybe_recompile pc=0x0000027915c946b8 method=java.io.BufferedInputStream.read1([BII)I @ 39 c2
Event: 8.804 Thread 0x00000279251508f0 DEOPT PACKING pc=0x0000027915c946b8 sp=0x000000c7b83fea70
Event: 8.804 Thread 0x00000279251508f0 DEOPT UNPACKING pc=0x000002790e06d72e sp=0x000000c7b83fe988 mode 2
Event: 9.600 Thread 0x00000279251508f0 Uncommon trap: trap_request=0xffffffde fr.pc=0x0000027915c946b8 relative=0x00000000000007b8
Event: 9.600 Thread 0x00000279251508f0 Uncommon trap: reason=class_check action=maybe_recompile pc=0x0000027915c946b8 method=java.io.BufferedInputStream.read1([BII)I @ 39 c2
Event: 9.600 Thread 0x00000279251508f0 DEOPT PACKING pc=0x0000027915c946b8 sp=0x000000c7b83fea70
Event: 9.600 Thread 0x00000279251508f0 DEOPT UNPACKING pc=0x000002790e06d72e sp=0x000000c7b83fe988 mode 2
Event: 9.601 Thread 0x00000279251508f0 Uncommon trap: trap_request=0xffffffde fr.pc=0x0000027915c934e8 relative=0x00000000000001a8
Event: 9.601 Thread 0x00000279251508f0 Uncommon trap: reason=class_check action=maybe_recompile pc=0x0000027915c934e8 method=java.io.BufferedInputStream.read1([BII)I @ 39 c2
Event: 9.601 Thread 0x00000279251508f0 DEOPT PACKING pc=0x0000027915c934e8 sp=0x000000c7b83fe9d0
Event: 9.601 Thread 0x00000279251508f0 DEOPT UNPACKING pc=0x000002790e06d72e sp=0x000000c7b83fe978 mode 2

Classes unloaded (0 events):
No events

Classes redefined (0 events):
No events

Internal exceptions (20 events):
Event: 8.688 Thread 0x0000027922b46c70 Exception <a 'java/lang/ClassNotFoundException'{0x00000000e9829cc8}: org/gradle/api/plugins/internal/DefaultBasePluginConventionBeanInfo> (0x00000000e9829cc8) 
thrown [t:\workspace\open\src\hotspot\share\classfile\systemDictionary.cpp, line 256]
Event: 8.688 Thread 0x0000027922b46c70 Exception <a 'java/lang/ClassNotFoundException'{0x00000000e98361f0}: org/gradle/api/plugins/BasePluginConventionBeanInfo> (0x00000000e98361f0) 
thrown [t:\workspace\open\src\hotspot\share\classfile\systemDictionary.cpp, line 256]
Event: 8.688 Thread 0x0000027922b46c70 Exception <a 'java/lang/ClassNotFoundException'{0x00000000e98426e0}: org/gradle/api/plugins/BasePluginConventionCustomizer> (0x00000000e98426e0) 
thrown [t:\workspace\open\src\hotspot\share\classfile\systemDictionary.cpp, line 256]
Event: 8.689 Thread 0x0000027922b46c70 Exception <a 'java/lang/ClassNotFoundException'{0x00000000e9859498}: org/gradle/api/plugins/internal/DefaultBasePluginConventionCustomizer> (0x00000000e9859498) 
thrown [t:\workspace\open\src\hotspot\share\classfile\systemDictionary.cpp, line 256]
Event: 8.692 Thread 0x0000027922b46c70 Exception <a 'java/lang/ClassNotFoundException'{0x00000000e989e9a0}: org/gradle/api/plugins/internal/DefaultJavaPluginConventionBeanInfo> (0x00000000e989e9a0) 
thrown [t:\workspace\open\src\hotspot\share\classfile\systemDictionary.cpp, line 256]
Event: 8.692 Thread 0x0000027922b46c70 Exception <a 'java/lang/ClassNotFoundException'{0x00000000e98aaec8}: org/gradle/api/plugins/JavaPluginConventionBeanInfo> (0x00000000e98aaec8) 
thrown [t:\workspace\open\src\hotspot\share\classfile\systemDictionary.cpp, line 256]
Event: 8.692 Thread 0x0000027922b46c70 Exception <a 'java/lang/ClassNotFoundException'{0x00000000e98b73b8}: org/gradle/api/plugins/JavaPluginConventionCustomizer> (0x00000000e98b73b8) 
thrown [t:\workspace\open\src\hotspot\share\classfile\systemDictionary.cpp, line 256]
Event: 8.693 Thread 0x0000027922b46c70 Exception <a 'java/lang/ClassNotFoundException'{0x00000000e98d7dd0}: org/gradle/api/plugins/internal/DefaultJavaPluginConventionCustomizer> (0x00000000e98d7dd0) 
thrown [t:\workspace\open\src\hotspot\share\classfile\systemDictionary.cpp, line 256]
Event: 8.703 Thread 0x0000027922b46c70 Exception <a 'java/io/FileNotFoundException'{0x00000000e9707008}> (0x00000000e9707008) 
thrown [t:\workspace\open\src\hotspot\share\prims\jni.cpp, line 579]
Event: 8.703 Thread 0x0000027922b46c70 Exception <a 'sun/nio/fs/WindowsException'{0x00000000e9709070}> (0x00000000e9709070) 
thrown [t:\workspace\open\src\hotspot\share\prims\jni.cpp, line 579]
Event: 8.740 Thread 0x0000027922b46c70 Exception <a 'java/lang/NoSuchMethodError'{0x00000000e81fdb00}: 'void java.lang.invoke.DirectMethodHandle$Holder.invokeVirtual(java.lang.Object, java.lang.Object)'> (0x00000000e81fdb00) 
thrown [t:\workspace\open\src\hotspot\share\interpreter\linkResolver.cpp, line 790]
Event: 8.755 Thread 0x0000027922b46c70 Exception <a 'java/io/FileNotFoundException'{0x00000000e80c0380}> (0x00000000e80c0380) 
thrown [t:\workspace\open\src\hotspot\share\prims\jni.cpp, line 579]
Event: 8.756 Thread 0x0000027922b46c70 Exception <a 'java/io/FileNotFoundException'{0x00000000e80c2f20}> (0x00000000e80c2f20) 
thrown [t:\workspace\open\src\hotspot\share\prims\jni.cpp, line 579]
Event: 8.756 Thread 0x0000027922b46c70 Exception <a 'sun/nio/fs/WindowsException'{0x00000000e80c57e0}> (0x00000000e80c57e0) 
thrown [t:\workspace\open\src\hotspot\share\prims\jni.cpp, line 579]
Event: 8.797 Thread 0x000002792514fe50 Exception <a 'java/lang/NoSuchMethodError'{0x00000000e7a0f858}: 'void java.lang.invoke.DirectMethodHandle$Holder.invokeStatic(java.lang.Object, long)'> (0x00000000e7a0f858) 
thrown [t:\workspace\open\src\hotspot\share\interpreter\linkResolver.cpp, line 790]
Event: 8.798 Thread 0x000002792514fe50 Exception <a 'java/lang/NoSuchMethodError'{0x00000000e7a150d8}: 'java.lang.Object java.lang.invoke.DirectMethodHandle$Holder.newInvokeSpecial(java.lang.Object, long)'> (0x00000000e7a150d8) 
thrown [t:\workspace\open\src\hotspot\share\interpreter\linkResolver.cpp, line 790]
Event: 8.799 Thread 0x000002792514fe50 Exception <a 'java/lang/NoSuchMethodError'{0x00000000e7a1be68}: 'java.lang.Object java.lang.invoke.DirectMethodHandle$Holder.invokeStatic(java.lang.Object, java.lang.Object, long, java.lang.Object)'> (0x00000000e7a1be68) 
thrown [t:\workspace\open\src\hotspot\share\interpreter\linkResolver.cpp, line 790]
Event: 8.799 Thread 0x000002792514fe50 Exception <a 'java/lang/NoSuchMethodError'{0x00000000e7a1fb08}: 'java.lang.Object java.lang.invoke.DirectMethodHandle$Holder.invokeStaticInit(java.lang.Object, java.lang.Object, long, java.lang.Object)'> (0x00000000e7a1fb08) 
thrown [t:\workspace\open\src\hotspot\share\interpreter\linkResolver.cpp, line 790]
Event: 8.801 Thread 0x000002792514fe50 Exception <a 'java/lang/NoSuchMethodError'{0x00000000e7a26468}: 'java.lang.Object java.lang.invoke.DirectMethodHandle$Holder.newInvokeSpecial(java.lang.Object, java.lang.Object, long)'> (0x00000000e7a26468) 
thrown [t:\workspace\open\src\hotspot\share\interpreter\linkResolver.cpp, line 790]
Event: 8.801 Thread 0x000002792514fe50 Exception <a 'java/lang/NoSuchMethodError'{0x00000000e7a2a1d8}: 'java.lang.Object java.lang.invoke.Invokers$Holder.linkToTargetMethod(java.lang.Object, long, java.lang.Object)'> (0x00000000e7a2a1d8) 
thrown [t:\workspace\open\src\hotspot\share\interpreter\linkResolver.cpp, line 790]

Events (20 events):
Event: 264.658 Executing  VM operation: Cleanup
Event: 264.658 Executing  VM operation: Cleanup done
Event: 276.763 Executing  VM operation: Cleanup
Event: 276.763 Executing  VM operation: Cleanup done
Event: 288.842 Executing  VM operation: Cleanup
Event: 288.842 Executing  VM operation: Cleanup done
Event: 299.931 Executing  VM operation: Cleanup
Event: 299.931 Executing  VM operation: Cleanup done
Event: 302.955 Executing  VM operation: Cleanup
Event: 302.955 Executing  VM operation: Cleanup done
Event: 329.212 Executing  VM operation: Cleanup
Event: 329.212 Executing  VM operation: Cleanup done
Event: 338.290 Executing  VM operation: Cleanup
Event: 338.290 Executing  VM operation: Cleanup done
Event: 343.338 Executing  VM operation: Cleanup
Event: 343.338 Executing  VM operation: Cleanup done
Event: 378.647 Executing  VM operation: Cleanup
Event: 378.647 Executing  VM operation: Cleanup done
Event: 380.667 Executing  VM operation: Cleanup
Event: 380.667 Executing  VM operation: Cleanup done


Dynamic libraries:
0x00007ff6ef090000 - 0x00007ff6ef0a0000 	C:\Program Files\Java\jdk-16.0.2\bin\java.exe
0x00007fff900f0000 - 0x00007fff902e5000 	C:\Windows\SYSTEM32\ntdll.dll
0x00007fff8fb50000 - 0x00007fff8fc0d000 	C:\Windows\System32\KERNEL32.DLL
0x00007fff8d890000 - 0x00007fff8db5d000 	C:\Windows\System32\KERNELBASE.dll
0x00007fff8db90000 - 0x00007fff8dc90000 	C:\Windows\System32\ucrtbase.dll
0x00007fff86340000 - 0x00007fff86358000 	C:\Program Files\Java\jdk-16.0.2\bin\jli.dll
0x00007fff8fc10000 - 0x00007fff8fcbe000 	C:\Windows\System32\ADVAPI32.dll
0x00007fff86320000 - 0x00007fff86339000 	C:\Program Files\Java\jdk-16.0.2\bin\VCRUNTIME140.dll
0x00007fff8e5c0000 - 0x00007fff8e65e000 	C:\Windows\System32\msvcrt.dll
0x00007fff8eb80000 - 0x00007fff8ec1c000 	C:\Windows\System32\sechost.dll
0x00007fff8fe60000 - 0x00007fff8ff85000 	C:\Windows\System32\RPCRT4.dll
0x00007fff8fcc0000 - 0x00007fff8fe60000 	C:\Windows\System32\USER32.dll
0x00007fff7ce60000 - 0x00007fff7d0fa000 	C:\Windows\WinSxS\amd64_microsoft.windows.common-controls_6595b64144ccf1df_6.0.19041.1110_none_60b5254171f9507e\COMCTL32.dll
0x00007fff8de90000 - 0x00007fff8deb2000 	C:\Windows\System32\win32u.dll
0x00007fff90000000 - 0x00007fff9002a000 	C:\Windows\System32\GDI32.dll
0x00007fff8df80000 - 0x00007fff8e08b000 	C:\Windows\System32\gdi32full.dll
0x00007fff8dc90000 - 0x00007fff8dd2d000 	C:\Windows\System32\msvcp_win.dll
0x00007fff84940000 - 0x00007fff8494a000 	C:\Windows\SYSTEM32\VERSION.dll
0x00007fff8eb40000 - 0x00007fff8eb70000 	C:\Windows\System32\IMM32.DLL
0x00007fff86310000 - 0x00007fff8631c000 	C:\Program Files\Java\jdk-16.0.2\bin\vcruntime140_1.dll
0x00007fff4cb50000 - 0x00007fff4cbe1000 	C:\Program Files\Java\jdk-16.0.2\bin\msvcp140.dll
0x00007fff4b330000 - 0x00007fff4bedb000 	C:\Program Files\Java\jdk-16.0.2\bin\server\jvm.dll
0x00007fff8eb70000 - 0x00007fff8eb78000 	C:\Windows\System32\PSAPI.DLL
0x00007fff87ae0000 - 0x00007fff87ae9000 	C:\Windows\SYSTEM32\WSOCK32.dll
0x00007fff83d60000 - 0x00007fff83d87000 	C:\Windows\SYSTEM32\WINMM.dll
0x00007fff8ff90000 - 0x00007fff8fffb000 	C:\Windows\System32\WS2_32.dll
0x00007fff8b6a0000 - 0x00007fff8b6b2000 	C:\Windows\SYSTEM32\kernel.appcore.dll
0x00007fff86300000 - 0x00007fff8630a000 	C:\Program Files\Java\jdk-16.0.2\bin\jimage.dll
0x00007fff7d360000 - 0x00007fff7d544000 	C:\Windows\SYSTEM32\DBGHELP.DLL
0x00007fff7d290000 - 0x00007fff7d2bc000 	C:\Windows\SYSTEM32\dbgcore.DLL
0x00007fff8d800000 - 0x00007fff8d882000 	C:\Windows\System32\bcryptPrimitives.dll
0x00007fff53dc0000 - 0x00007fff53de5000 	C:\Program Files\Java\jdk-16.0.2\bin\java.dll
0x00007fff8f270000 - 0x00007fff8f9b4000 	C:\Windows\System32\SHELL32.dll
0x00007fff8b8c0000 - 0x00007fff8c054000 	C:\Windows\SYSTEM32\windows.storage.dll
0x00007fff8ef10000 - 0x00007fff8f264000 	C:\Windows\System32\combase.dll
0x00007fff8d0b0000 - 0x00007fff8d0dc000 	C:\Windows\SYSTEM32\Wldp.dll
0x00007fff8edd0000 - 0x00007fff8ee7d000 	C:\Windows\System32\SHCORE.dll
0x00007fff8faf0000 - 0x00007fff8fb45000 	C:\Windows\System32\shlwapi.dll
0x00007fff8d740000 - 0x00007fff8d75f000 	C:\Windows\SYSTEM32\profapi.dll
0x00007fff53da0000 - 0x00007fff53db9000 	C:\Program Files\Java\jdk-16.0.2\bin\net.dll
0x00007fff888c0000 - 0x00007fff889ca000 	C:\Windows\SYSTEM32\WINHTTP.dll
0x00007fff8ce90000 - 0x00007fff8cefa000 	C:\Windows\system32\mswsock.dll
0x00007fff53d80000 - 0x00007fff53d93000 	C:\Program Files\Java\jdk-16.0.2\bin\nio.dll
0x00007fff4d030000 - 0x00007fff4d048000 	C:\Program Files\Java\jdk-16.0.2\bin\zip.dll
0x00007fff862f0000 - 0x00007fff86300000 	C:\Program Files\Java\jdk-16.0.2\bin\verify.dll
0x00007fff6e970000 - 0x00007fff6e997000 	C:\Users\pente\.gradle\native\e1d6ef7f7dcc3fd88c89a11ec53ec762bb8ba0a96d01ffa2cd45eb1d1d8dd5c5\windows-amd64\native-platform.dll
0x00007fff4dbb0000 - 0x00007fff4dcf4000 	C:\Users\pente\.gradle\native\5664cfc778a61ccfe75a443a1ab52a65af34e5dc3c78e0209fed803814484fcb\windows-amd64\native-platform-file-events.dll
0x00007fff53ce0000 - 0x00007fff53ce9000 	C:\Program Files\Java\jdk-16.0.2\bin\management.dll
0x00007fff53cd0000 - 0x00007fff53cdb000 	C:\Program Files\Java\jdk-16.0.2\bin\management_ext.dll
0x00007fff8d0f0000 - 0x00007fff8d108000 	C:\Windows\SYSTEM32\CRYPTSP.dll
0x00007fff8c830000 - 0x00007fff8c864000 	C:\Windows\system32\rsaenh.dll
0x00007fff8db60000 - 0x00007fff8db87000 	C:\Windows\System32\bcrypt.dll
0x00007fff8d700000 - 0x00007fff8d72e000 	C:\Windows\SYSTEM32\USERENV.dll
0x00007fff8d020000 - 0x00007fff8d02c000 	C:\Windows\SYSTEM32\CRYPTBASE.dll
0x00007fff8cba0000 - 0x00007fff8cbdb000 	C:\Windows\SYSTEM32\IPHLPAPI.DLL
0x00007fff8fae0000 - 0x00007fff8fae8000 	C:\Windows\System32\NSI.dll
0x00007fff82420000 - 0x00007fff82437000 	C:\Windows\SYSTEM32\dhcpcsvc6.DLL
0x00007fff84900000 - 0x00007fff8491d000 	C:\Windows\SYSTEM32\dhcpcsvc.DLL
0x00007fff8cbe0000 - 0x00007fff8ccab000 	C:\Windows\SYSTEM32\DNSAPI.dll
0x00007fff53cc0000 - 0x00007fff53cce000 	C:\Program Files\Java\jdk-16.0.2\bin\sunmscapi.dll
0x00007fff8dd30000 - 0x00007fff8de86000 	C:\Windows\System32\CRYPT32.dll
0x00007fff8d260000 - 0x00007fff8d287000 	C:\Windows\SYSTEM32\ncrypt.dll
0x00007fff8d220000 - 0x00007fff8d25b000 	C:\Windows\SYSTEM32\NTASN1.dll
0x00007fff53cb0000 - 0x00007fff53cb7000 	C:\Windows\system32\wshunix.dll

dbghelp: loaded successfully - version: 4.0.5 - missing functions: none
symbol engine: initialized successfully - sym options: 0x614 - pdb path: .;C:\Program Files\Java\jdk-16.0.2\bin;C:\Windows\SYSTEM32;C:\Windows\WinSxS\amd64_microsoft.windows.common-controls_6595b64144ccf1df_6.0.19041.1110_none_60b5254171f9507e;C:\Program Files\Java\jdk-16.0.2\bin\server;C:\Users\pente\.gradle\native\e1d6ef7f7dcc3fd88c89a11ec53ec762bb8ba0a96d01ffa2cd45eb1d1d8dd5c5\windows-amd64;C:\Users\pente\.gradle\native\5664cfc778a61ccfe75a443a1ab52a65af34e5dc3c78e0209fed803814484fcb\windows-amd64

VM Arguments:
jvm_args: --add-opens=java.base/java.util=ALL-UNNAMED --add-opens=java.base/java.lang=ALL-UNNAMED --add-opens=java.base/java.lang.invoke=ALL-UNNAMED --add-opens=java.base/java.util=ALL-UNNAMED --add-opens=java.prefs/java.util.prefs=ALL-UNNAMED --add-opens=java.prefs/java.util.prefs=ALL-UNNAMED --add-opens=java.base/java.nio.charset=ALL-UNNAMED --add-opens=java.base/java.net=ALL-UNNAMED --add-opens=java.base/java.util.concurrent.atomic=ALL-UNNAMED -XX:MaxMetaspaceSize=256m -XX:+HeapDumpOnOutOfMemoryError -Xms256m -Xmx512m -Dfile.encoding=windows-1252 -Duser.country=US -Duser.language=en -Duser.variant 
java_command: org.gradle.launcher.daemon.bootstrap.GradleDaemon 7.2
java_class_path (initial): C:\Gradle\gradle-7.2\lib\gradle-launcher-7.2.jar
Launcher Type: SUN_STANDARD

[Global flags]
     intx CICompilerCount                          = 3                                         {product} {ergonomic}
   size_t CompressedClassSpaceSize                 = 218103808                                 {product} {ergonomic}
     uint ConcGCThreads                            = 2                                         {product} {ergonomic}
     uint G1ConcRefinementThreads                  = 6                                         {product} {ergonomic}
   size_t G1HeapRegionSize                         = 1048576                                   {product} {ergonomic}
    uintx GCDrainStackTargetSize                   = 64                                        {product} {ergonomic}
     bool HeapDumpOnOutOfMemoryError               = true                                   {manageable} {command line}
   size_t InitialHeapSize                          = 268435456                                 {product} {command line}
   size_t MarkStackSize                            = 4194304                                   {product} {ergonomic}
   size_t MaxHeapSize                              = 536870912                                 {product} {command line}
   size_t MaxMetaspaceSize                         = 268435456                                 {product} {command line}
   size_t MaxNewSize                               = 321912832                                 {product} {ergonomic}
   size_t MinHeapDeltaBytes                        = 1048576                                   {product} {ergonomic}
   size_t MinHeapSize                              = 268435456                                 {product} {command line}
    uintx NonNMethodCodeHeapSize                   = 5832780                                {pd product} {ergonomic}
    uintx NonProfiledCodeHeapSize                  = 122912730                              {pd product} {ergonomic}
    uintx ProfiledCodeHeapSize                     = 122912730                              {pd product} {ergonomic}
    uintx ReservedCodeCacheSize                    = 251658240                              {pd product} {ergonomic}
     bool SegmentedCodeCache                       = true                                      {product} {ergonomic}
   size_t SoftMaxHeapSize                          = 536870912                              {manageable} {ergonomic}
     bool UseCompressedClassPointers               = true                           {product lp64_product} {ergonomic}
     bool UseCompressedOops                        = true                           {product lp64_product} {ergonomic}
     bool UseG1GC                                  = true                                      {product} {ergonomic}
     bool UseLargePagesIndividualAllocation        = false                                  {pd product} {ergonomic}

Logging:
Log output configuration:
 #0: stdout all=warning uptime,level,tags
 #1: stderr all=off uptime,level,tags

Environment Variables:
JAVA_HOME=C:\Program Files\Java\jdk-16.0.2
CLASSPATH=C:\Gradle\gradle-7.2\lib\gradle-launcher-7.2.jar
PATH=C:\app\pente\product\21c\dbhomeXE\bin;C:\Program Files (x86)\Common Files\Oracle\Java\javapath;C:\Windows\system32;C:\Windows;C:\Windows\System32\Wbem;C:\Windows\System32\WindowsPowerShell\v1.0\;C:\Windows\System32\OpenSSH\;C:\Program Files\Git\cmd;C:\GnuWin32\bin;C:\msys64\mingw64\bin;C:\Program Files\Java\jdk-16.0.2\bin;C:\Gradle\gradle-7.2\bin;C:\Program Files\nodejs\;D:\PROGRAMOK\ArangoDB3-3.8.4_win64\ArangoDB3-3.8.4_win64\usr\bin;C:\GnuWin32\bin;C:\MinGW\bin;D:\PROGRAMOK\apache-tomcat-10.0.11;C:\Program Files\Microsoft SQL Server\Client SDK\ODBC\170\Tools\Binn\;C:\Program Files (x86)\Microsoft SQL Server\150\DTS\Binn\;C:\Program Files\Azure Data Studio\bin;C:\Program Files\dotnet\;C:\Program Files (x86)\Microsoft SQL Server\110\DTS\Binn\;C:\Program Files (x86)\Microsoft SQL Server\120\DTS\Binn\;C:\Program Files (x86)\Microsoft SQL Server\130\DTS\Binn\;C:\Program Files (x86)\Microsoft SQL Server\140\DTS\Binn\;C:\Users\pente\AppData\Local\Programs\Python\Python310\Scripts\;C:\Users\pente\AppData\Local\Programs\Python\Python310\;C:\GnuWin32\bin;C:\Users\pente\AppData\Local\GitHubDesktop\bin;C:\Gradle\gradle-7.2\bin;C:\Users\pente\AppData\Local\Programs\Microsoft VS Code\bin;C:\Users\pente\AppData\Roaming\npm;C:\Users\pente\AppData\Local\Keybase\;D:\PROGRAMOK\apache-tomcat-10.0.11\bin;C:\Users\pente\.julia\conda\3\Scripts;C:\Program Files\Azure Data Studio\bin;D:\PROGRAMOK\chromedriver_win32;C:\Users\pente\.dotnet\tools;C:\Users\pente\AppData\Local\Programs\MiKTeX 2.9\miktex\bin\x64\
USERNAME=pente
OS=Windows_NT
PROCESSOR_IDENTIFIER=AMD64 Family 23 Model 96 Stepping 1, AuthenticAMD



---------------  S Y S T E M  ---------------

OS:
 Windows 10 , 64 bit Build 19041 (10.0.19041.1706)
OS uptime: 0 days 0:09 hours
Hyper-V role detected

CPU: total 6 (initial active 6) (6 cores per cpu, 1 threads per core) family 23 model 96 stepping 1 microcode 0x0, cx8, cmov, fxsr, mmx, 3dnowpref, sse, sse2, sse3, ssse3, sse4a, sse4.1, sse4.2, popcnt, lzcnt, tsc, tscinvbit, avx, avx2, aes, clmul, bmi1, bmi2, adx, sha, fma, vzeroupper, clflush, clflushopt, hv

Memory: 4k page, system-wide physical 7541M (1024M free)
TotalPageFile size 25551M (AvailPageFile size 2M)
current process WorkingSet (physical memory assigned to process): 286M, peak: 331M
current process commit charge ("private bytes"): 441M, peak: 480M

vm_info: Java HotSpot(TM) 64-Bit Server VM (16.0.2+7-67) for windows-amd64 JRE (16.0.2+7-67), built on Jun  8 2021 23:24:19 by "mach5one" with MS VC++ 16.7 (VS2019)

END.
