#
# There is insufficient memory for the Java Runtime Environment to continue.
# Native memory allocation (malloc) failed to allocate 32744 bytes for ChunkPool::allocate
# Possible reasons:
#   The system is out of physical RAM or swap space
#   The process is running with CompressedOops enabled, and the Java Heap may be blocking the growth of the native heap
# Possible solutions:
#   Reduce memory load on the system
#   Increase physical memory or swap space
#   Check if swap backing store is full
#   Decrease Java heap size (-Xmx/-Xms)
#   Decrease number of Java threads
#   Decrease Java thread stack sizes (-Xss)
#   Set larger code cache with -XX:ReservedCodeCacheSize=
#   JVM is running with Unscaled Compressed Oops mode in which the Java heap is
#     placed in the first 4GB address space. The Java Heap base address is the
#     maximum limit for the native heap growth. Please use -XX:HeapBaseMinAddress
#     to set the Java Heap base and to place the Java Heap above 4GB virtual address.
# This output file may be truncated or incomplete.
#
#  Out of Memory Error (arena.cpp:79), pid=9652, tid=10388
#
# JRE version: Java(TM) SE Runtime Environment (16.0.2+7) (build 16.0.2+7-67)
# Java VM: Java HotSpot(TM) 64-Bit Server VM (16.0.2+7-67, mixed mode, sharing, tiered, compressed oops, compressed class ptrs, g1 gc, windows-amd64)
# No core dump will be written. Minidumps are not enabled by default on client versions of Windows
#

---------------  S U M M A R Y ------------

Command Line: -Xmx64m -Xms64m -Dorg.gradle.appname=gradle org.gradle.launcher.GradleMain bootRun

Host: AMD Ryzen 5 4500U with Radeon Graphics         , 6 cores, 7G,  Windows 10 , 64 bit Build 19041 (10.0.19041.1706)
Time: Mon Jun  6 19:40:56 2022 GTB Daylight Time elapsed time: 339.980728 seconds (0d 0h 5m 39s)

---------------  T H R E A D  ---------------

Current thread (0x0000018c2647b510):  JavaThread "C2 CompilerThread0" daemon [_thread_in_native, id=10388, stack(0x00000013ed800000,0x00000013ed900000)]


Current CompileTask:
C2: 339980 1791       4       org.gradle.internal.logging.console.DefaultWorkInProgressFormatter::format (102 bytes)

Stack: [0x00000013ed800000,0x00000013ed900000]
Native frames: (J=compiled Java code, j=interpreted, Vv=VM code, C=native code)
V  [jvm.dll+0x6681ca]
V  [jvm.dll+0x7c9e69]
V  [jvm.dll+0x7cb61e]
V  [jvm.dll+0x7cbc73]
V  [jvm.dll+0x242c55]
V  [jvm.dll+0xae10f]
V  [jvm.dll+0xae45c]
V  [jvm.dll+0x60a163]
V  [jvm.dll+0x33e9b5]
V  [jvm.dll+0x33f998]
V  [jvm.dll+0x1a47b8]
V  [jvm.dll+0x2a3e92]
V  [jvm.dll+0x680b54]
V  [jvm.dll+0x67886b]
V  [jvm.dll+0x677e97]
V  [jvm.dll+0x675d6a]
V  [jvm.dll+0x1a4d4c]
V  [jvm.dll+0x2a3e92]
V  [jvm.dll+0x680b54]
V  [jvm.dll+0x67886b]
V  [jvm.dll+0x677e97]
V  [jvm.dll+0x675d6a]
V  [jvm.dll+0x1a4d4c]
V  [jvm.dll+0x214d15]
V  [jvm.dll+0x1a1beb]
V  [jvm.dll+0x225158]
V  [jvm.dll+0x22319c]
V  [jvm.dll+0x77fa62]
V  [jvm.dll+0x7795aa]
V  [jvm.dll+0x667066]
C  [ucrtbase.dll+0x21bb2]
C  [KERNEL32.DLL+0x17034]
C  [ntdll.dll+0x52651]


---------------  P R O C E S S  ---------------

Threads class SMR info:
_java_thread_list=0x0000018c27c76bb0, length=15, elements={
0x0000018c0d27bde0, 0x0000018c264614b0, 0x0000018c26462370, 0x0000018c26476ac0,
0x0000018c264793e0, 0x0000018c26479de0, 0x0000018c2647a7e0, 0x0000018c2647b510,
0x0000018c2647e010, 0x0000018c26480a60, 0x0000018c27034340, 0x0000018c270352f0,
0x0000018c279f2e80, 0x0000018c27c950a0, 0x0000018c27b8d340
}

Java Threads: ( => current thread )
  0x0000018c0d27bde0 JavaThread "main" [_thread_in_native, id=9672, stack(0x00000013ecb00000,0x00000013ecc00000)]
  0x0000018c264614b0 JavaThread "Reference Handler" daemon [_thread_blocked, id=4176, stack(0x00000013ed200000,0x00000013ed300000)]
  0x0000018c26462370 JavaThread "Finalizer" daemon [_thread_blocked, id=5352, stack(0x00000013ed300000,0x00000013ed400000)]
  0x0000018c26476ac0 JavaThread "Signal Dispatcher" daemon [_thread_blocked, id=5596, stack(0x00000013ed400000,0x00000013ed500000)]
  0x0000018c264793e0 JavaThread "Attach Listener" daemon [_thread_blocked, id=10332, stack(0x00000013ed500000,0x00000013ed600000)]
  0x0000018c26479de0 JavaThread "Service Thread" daemon [_thread_blocked, id=12356, stack(0x00000013ed600000,0x00000013ed700000)]
  0x0000018c2647a7e0 JavaThread "Monitor Deflation Thread" daemon [_thread_blocked, id=12328, stack(0x00000013ed700000,0x00000013ed800000)]
=>0x0000018c2647b510 JavaThread "C2 CompilerThread0" daemon [_thread_in_native, id=10388, stack(0x00000013ed800000,0x00000013ed900000)]
  0x0000018c2647e010 JavaThread "C1 CompilerThread0" daemon [_thread_blocked, id=6020, stack(0x00000013ed900000,0x00000013eda00000)]
  0x0000018c26480a60 JavaThread "Sweeper thread" daemon [_thread_blocked, id=3172, stack(0x00000013eda00000,0x00000013edb00000)]
  0x0000018c27034340 JavaThread "Notification Thread" daemon [_thread_blocked, id=10448, stack(0x00000013edb00000,0x00000013edc00000)]
  0x0000018c270352f0 JavaThread "Common-Cleaner" daemon [_thread_blocked, id=11056, stack(0x00000013edd00000,0x00000013ede00000)]
  0x0000018c279f2e80 JavaThread "pool-1-thread-1" [_thread_blocked, id=13824, stack(0x00000013edf00000,0x00000013ee000000)]
  0x0000018c27c950a0 JavaThread "DisconnectableInputStream source reader" daemon [_thread_in_native, id=14076, stack(0x00000013ee500000,0x00000013ee600000)]
  0x0000018c27b8d340 JavaThread "Forward input" [_thread_blocked, id=14080, stack(0x00000013ee600000,0x00000013ee700000)]

Other Threads:
  0x0000018c0d35b040 VMThread "VM Thread" [stack: 0x00000013ed100000,0x00000013ed200000] [id=3684]
  0x0000018c27034860 WatcherThread [stack: 0x00000013edc00000,0x00000013edd00000] [id=11576]
  0x0000018c0d29be20 GCTaskThread "GC Thread#0" [stack: 0x00000013ecc00000,0x00000013ecd00000] [id=360]
  0x0000018c27149ef0 GCTaskThread "GC Thread#1" [stack: 0x00000013ee000000,0x00000013ee100000] [id=13828]
  0x0000018c271ebf30 GCTaskThread "GC Thread#2" [stack: 0x00000013ee100000,0x00000013ee200000] [id=13832]
  0x0000018c271ec240 GCTaskThread "GC Thread#3" [stack: 0x00000013ee200000,0x00000013ee300000] [id=13836]
  0x0000018c2712be80 GCTaskThread "GC Thread#4" [stack: 0x00000013ee300000,0x00000013ee400000] [id=13840]
  0x0000018c27b93040 GCTaskThread "GC Thread#5" [stack: 0x00000013ee400000,0x00000013ee500000] [id=13712]
  0x0000018c0d29d660 ConcurrentGCThread "G1 Main Marker" [stack: 0x00000013ecd00000,0x00000013ece00000] [id=9328]
  0x0000018c0d29e0d0 ConcurrentGCThread "G1 Conc#0" [stack: 0x00000013ece00000,0x00000013ecf00000] [id=9636]
  0x0000018c0d2f1f30 ConcurrentGCThread "G1 Refine#0" [stack: 0x00000013ecf00000,0x00000013ed000000] [id=9628]
  0x0000018c0d2f29b0 ConcurrentGCThread "G1 Service" [stack: 0x00000013ed000000,0x00000013ed100000] [id=11648]

Threads with active compile tasks:
C2 CompilerThread0   340006 1791       4       org.gradle.internal.logging.console.DefaultWorkInProgressFormatter::format (102 bytes)

VM state: not at safepoint (normal execution)

VM Mutex/Monitor currently owned by a thread: None

Heap address: 0x00000000fc000000, size: 64 MB, Compressed Oops mode: 32-bit

CDS archive(s) mapped at: [0x0000000800000000-0x0000000800bb0000-0x0000000800bb0000), size 12255232, SharedBaseAddress: 0x0000000800000000, ArchiveRelocationMode: 0.
Compressed class space mapped at: 0x0000000800c00000-0x0000000840c00000, reserved size: 1073741824
Narrow klass base: 0x0000000800000000, Narrow klass shift: 3, Narrow klass range: 0x100000000

GC Precious Log:
 CPUs: 6 total, 6 available
 Memory: 7541M
 Large Page Support: Disabled
 NUMA Support: Disabled
 Compressed Oops: Enabled (32-bit)
 Heap Region Size: 1M
 Heap Min Capacity: 64M
 Heap Initial Capacity: 64M
 Heap Max Capacity: 64M
 Pre-touch: Disabled
 Parallel Workers: 6
 Concurrent Workers: 2
 Concurrent Refinement Workers: 6
 Periodic GC: Disabled

Heap:
 garbage-first heap   total 65536K, used 15867K [0x00000000fc000000, 0x0000000100000000)
  region size 1024K, 8 young (8192K), 3 survivors (3072K)
 Metaspace       used 9424K, committed 9664K, reserved 1064960K
  class space    used 1206K, committed 1344K, reserved 1048576K

Heap Regions: E=young(eden), S=young(survivor), O=old, HS=humongous(starts), HC=humongous(continues), CS=collection set, F=free, OA=open archive, CA=closed archive, TAMS=top-at-mark-start (previous, next)
|   0|0x00000000fc000000, 0x00000000fc100000, 0x00000000fc100000|100%| O|  |TAMS 0x00000000fc000000, 0x00000000fc000000| Untracked 
|   1|0x00000000fc100000, 0x00000000fc200000, 0x00000000fc200000|100%| O|  |TAMS 0x00000000fc100000, 0x00000000fc100000| Untracked 
|   2|0x00000000fc200000, 0x00000000fc2f3400, 0x00000000fc300000| 95%| O|  |TAMS 0x00000000fc200000, 0x00000000fc200000| Untracked 
|   3|0x00000000fc300000, 0x00000000fc400000, 0x00000000fc400000|100%|HS|  |TAMS 0x00000000fc300000, 0x00000000fc300000| Complete 
|   4|0x00000000fc400000, 0x00000000fc500000, 0x00000000fc500000|100%|HC|  |TAMS 0x00000000fc400000, 0x00000000fc400000| Complete 
|   5|0x00000000fc500000, 0x00000000fc600000, 0x00000000fc600000|100%|HC|  |TAMS 0x00000000fc500000, 0x00000000fc500000| Complete 
|   6|0x00000000fc600000, 0x00000000fc700000, 0x00000000fc700000|100%| O|  |TAMS 0x00000000fc600000, 0x00000000fc600000| Untracked 
|   7|0x00000000fc700000, 0x00000000fc800000, 0x00000000fc800000|100%| O|  |TAMS 0x00000000fc700000, 0x00000000fc700000| Untracked 
|   8|0x00000000fc800000, 0x00000000fc900000, 0x00000000fc900000|100%| O|  |TAMS 0x00000000fc800000, 0x00000000fc800000| Untracked 
|   9|0x00000000fc900000, 0x00000000fc900000, 0x00000000fca00000|  0%| F|  |TAMS 0x00000000fc900000, 0x00000000fc900000| Untracked 
|  10|0x00000000fca00000, 0x00000000fca00000, 0x00000000fcb00000|  0%| F|  |TAMS 0x00000000fca00000, 0x00000000fca00000| Untracked 
|  11|0x00000000fcb00000, 0x00000000fcb00000, 0x00000000fcc00000|  0%| F|  |TAMS 0x00000000fcb00000, 0x00000000fcb00000| Untracked 
|  12|0x00000000fcc00000, 0x00000000fcc00000, 0x00000000fcd00000|  0%| F|  |TAMS 0x00000000fcc00000, 0x00000000fcc00000| Untracked 
|  13|0x00000000fcd00000, 0x00000000fcd00000, 0x00000000fce00000|  0%| F|  |TAMS 0x00000000fcd00000, 0x00000000fcd00000| Untracked 
|  14|0x00000000fce00000, 0x00000000fce00000, 0x00000000fcf00000|  0%| F|  |TAMS 0x00000000fce00000, 0x00000000fce00000| Untracked 
|  15|0x00000000fcf00000, 0x00000000fcf00000, 0x00000000fd000000|  0%| F|  |TAMS 0x00000000fcf00000, 0x00000000fcf00000| Untracked 
|  16|0x00000000fd000000, 0x00000000fd000000, 0x00000000fd100000|  0%| F|  |TAMS 0x00000000fd000000, 0x00000000fd000000| Untracked 
|  17|0x00000000fd100000, 0x00000000fd100000, 0x00000000fd200000|  0%| F|  |TAMS 0x00000000fd100000, 0x00000000fd100000| Untracked 
|  18|0x00000000fd200000, 0x00000000fd200000, 0x00000000fd300000|  0%| F|  |TAMS 0x00000000fd200000, 0x00000000fd200000| Untracked 
|  19|0x00000000fd300000, 0x00000000fd300000, 0x00000000fd400000|  0%| F|  |TAMS 0x00000000fd300000, 0x00000000fd300000| Untracked 
|  20|0x00000000fd400000, 0x00000000fd400000, 0x00000000fd500000|  0%| F|  |TAMS 0x00000000fd400000, 0x00000000fd400000| Untracked 
|  21|0x00000000fd500000, 0x00000000fd500000, 0x00000000fd600000|  0%| F|  |TAMS 0x00000000fd500000, 0x00000000fd500000| Untracked 
|  22|0x00000000fd600000, 0x00000000fd600000, 0x00000000fd700000|  0%| F|  |TAMS 0x00000000fd600000, 0x00000000fd600000| Untracked 
|  23|0x00000000fd700000, 0x00000000fd700000, 0x00000000fd800000|  0%| F|  |TAMS 0x00000000fd700000, 0x00000000fd700000| Untracked 
|  24|0x00000000fd800000, 0x00000000fd800000, 0x00000000fd900000|  0%| F|  |TAMS 0x00000000fd800000, 0x00000000fd800000| Untracked 
|  25|0x00000000fd900000, 0x00000000fd900000, 0x00000000fda00000|  0%| F|  |TAMS 0x00000000fd900000, 0x00000000fd900000| Untracked 
|  26|0x00000000fda00000, 0x00000000fda00000, 0x00000000fdb00000|  0%| F|  |TAMS 0x00000000fda00000, 0x00000000fda00000| Untracked 
|  27|0x00000000fdb00000, 0x00000000fdb00000, 0x00000000fdc00000|  0%| F|  |TAMS 0x00000000fdb00000, 0x00000000fdb00000| Untracked 
|  28|0x00000000fdc00000, 0x00000000fdc00000, 0x00000000fdd00000|  0%| F|  |TAMS 0x00000000fdc00000, 0x00000000fdc00000| Untracked 
|  29|0x00000000fdd00000, 0x00000000fdd00000, 0x00000000fde00000|  0%| F|  |TAMS 0x00000000fdd00000, 0x00000000fdd00000| Untracked 
|  30|0x00000000fde00000, 0x00000000fde00000, 0x00000000fdf00000|  0%| F|  |TAMS 0x00000000fde00000, 0x00000000fde00000| Untracked 
|  31|0x00000000fdf00000, 0x00000000fdf00000, 0x00000000fe000000|  0%| F|  |TAMS 0x00000000fdf00000, 0x00000000fdf00000| Untracked 
|  32|0x00000000fe000000, 0x00000000fe000000, 0x00000000fe100000|  0%| F|  |TAMS 0x00000000fe000000, 0x00000000fe000000| Untracked 
|  33|0x00000000fe100000, 0x00000000fe100000, 0x00000000fe200000|  0%| F|  |TAMS 0x00000000fe100000, 0x00000000fe100000| Untracked 
|  34|0x00000000fe200000, 0x00000000fe200000, 0x00000000fe300000|  0%| F|  |TAMS 0x00000000fe200000, 0x00000000fe200000| Untracked 
|  35|0x00000000fe300000, 0x00000000fe300000, 0x00000000fe400000|  0%| F|  |TAMS 0x00000000fe300000, 0x00000000fe300000| Untracked 
|  36|0x00000000fe400000, 0x00000000fe400000, 0x00000000fe500000|  0%| F|  |TAMS 0x00000000fe400000, 0x00000000fe400000| Untracked 
|  37|0x00000000fe500000, 0x00000000fe58bad8, 0x00000000fe600000| 54%| S|CS|TAMS 0x00000000fe500000, 0x00000000fe500000| Complete 
|  38|0x00000000fe600000, 0x00000000fe700000, 0x00000000fe700000|100%| S|CS|TAMS 0x00000000fe600000, 0x00000000fe600000| Complete 
|  39|0x00000000fe700000, 0x00000000fe800000, 0x00000000fe800000|100%| S|CS|TAMS 0x00000000fe700000, 0x00000000fe700000| Complete 
|  40|0x00000000fe800000, 0x00000000fe800000, 0x00000000fe900000|  0%| F|  |TAMS 0x00000000fe800000, 0x00000000fe800000| Untracked 
|  41|0x00000000fe900000, 0x00000000fe900000, 0x00000000fea00000|  0%| F|  |TAMS 0x00000000fe900000, 0x00000000fe900000| Untracked 
|  42|0x00000000fea00000, 0x00000000fea00000, 0x00000000feb00000|  0%| F|  |TAMS 0x00000000fea00000, 0x00000000fea00000| Untracked 
|  43|0x00000000feb00000, 0x00000000feb00000, 0x00000000fec00000|  0%| F|  |TAMS 0x00000000feb00000, 0x00000000feb00000| Untracked 
|  44|0x00000000fec00000, 0x00000000fec00000, 0x00000000fed00000|  0%| F|  |TAMS 0x00000000fec00000, 0x00000000fec00000| Untracked 
|  45|0x00000000fed00000, 0x00000000fed00000, 0x00000000fee00000|  0%| F|  |TAMS 0x00000000fed00000, 0x00000000fed00000| Untracked 
|  46|0x00000000fee00000, 0x00000000fee00000, 0x00000000fef00000|  0%| F|  |TAMS 0x00000000fee00000, 0x00000000fee00000| Untracked 
|  47|0x00000000fef00000, 0x00000000fef00000, 0x00000000ff000000|  0%| F|  |TAMS 0x00000000fef00000, 0x00000000fef00000| Untracked 
|  48|0x00000000ff000000, 0x00000000ff000000, 0x00000000ff100000|  0%| F|  |TAMS 0x00000000ff000000, 0x00000000ff000000| Untracked 
|  49|0x00000000ff100000, 0x00000000ff100000, 0x00000000ff200000|  0%| F|  |TAMS 0x00000000ff100000, 0x00000000ff100000| Untracked 
|  50|0x00000000ff200000, 0x00000000ff200000, 0x00000000ff300000|  0%| F|  |TAMS 0x00000000ff200000, 0x00000000ff200000| Untracked 
|  51|0x00000000ff300000, 0x00000000ff300000, 0x00000000ff400000|  0%| F|  |TAMS 0x00000000ff300000, 0x00000000ff300000| Untracked 
|  52|0x00000000ff400000, 0x00000000ff400000, 0x00000000ff500000|  0%| F|  |TAMS 0x00000000ff400000, 0x00000000ff400000| Untracked 
|  53|0x00000000ff500000, 0x00000000ff500000, 0x00000000ff600000|  0%| F|  |TAMS 0x00000000ff500000, 0x00000000ff500000| Untracked 
|  54|0x00000000ff600000, 0x00000000ff600000, 0x00000000ff700000|  0%| F|  |TAMS 0x00000000ff600000, 0x00000000ff600000| Untracked 
|  55|0x00000000ff700000, 0x00000000ff700000, 0x00000000ff800000|  0%| F|  |TAMS 0x00000000ff700000, 0x00000000ff700000| Untracked 
|  56|0x00000000ff800000, 0x00000000ff800000, 0x00000000ff900000|  0%| F|  |TAMS 0x00000000ff800000, 0x00000000ff800000| Untracked 
|  57|0x00000000ff900000, 0x00000000ff900000, 0x00000000ffa00000|  0%| F|  |TAMS 0x00000000ff900000, 0x00000000ff900000| Untracked 
|  58|0x00000000ffa00000, 0x00000000ffa00000, 0x00000000ffb00000|  0%| F|  |TAMS 0x00000000ffa00000, 0x00000000ffa00000| Untracked 
|  59|0x00000000ffb00000, 0x00000000ffbc3d88, 0x00000000ffc00000| 76%| E|  |TAMS 0x00000000ffb00000, 0x00000000ffb00000| Complete 
|  60|0x00000000ffc00000, 0x00000000ffd00000, 0x00000000ffd00000|100%| E|CS|TAMS 0x00000000ffc00000, 0x00000000ffc00000| Complete 
|  61|0x00000000ffd00000, 0x00000000ffe00000, 0x00000000ffe00000|100%| E|CS|TAMS 0x00000000ffd00000, 0x00000000ffd00000| Complete 
|  62|0x00000000ffe00000, 0x00000000fff00000, 0x00000000fff00000|100%| E|CS|TAMS 0x00000000ffe00000, 0x00000000ffe00000| Complete 
|  63|0x00000000fff00000, 0x0000000100000000, 0x0000000100000000|100%| E|CS|TAMS 0x00000000fff00000, 0x00000000fff00000| Complete 

Card table byte_map: [0x0000018c0d1e0000,0x0000018c0d200000] _byte_map_base: 0x0000018c0ca00000

Marking Bits (Prev, Next): (CMBitMap*) 0x0000018c0d29c490, (CMBitMap*) 0x0000018c0d29c4d0
 Prev Bits: [0x0000018c23b10000, 0x0000018c23c10000)
 Next Bits: [0x0000018c23c10000, 0x0000018c23d10000)

Polling page: 0x0000018c0ca60000

Metaspace:

Usage:
  Non-class:      8.03 MB used.
      Class:      1.18 MB used.
       Both:      9.20 MB used.

Virtual space:
  Non-class space:       16.00 MB reserved,       8.12 MB ( 51%) committed,  2 nodes.
      Class space:        1.00 GB reserved,       1.31 MB ( <1%) committed,  1 nodes.
              Both:        1.02 GB reserved,       9.44 MB ( <1%) committed. 

Chunk freelists:
   Non-Class:  3.86 MB
       Class:  2.61 MB
        Both:  6.47 MB

MaxMetaspaceSize: 17179869184.00 GB
CompressedClassSpaceSize: 1.00 GB
 - commit_granule_bytes: 65536.
 - commit_granule_words: 8192.
 - virtual_space_node_default_size: 1048576.
 - enlarge_chunks_in_place: 1.
 - new_chunks_are_fully_committed: 0.
 - uncommit_free_chunks: 1.
 - use_allocation_guard: 0.
 - handle_deallocations: 1.


Internal statistics:

num_allocs_failed_limit: 0.
num_arena_births: 98.
num_arena_deaths: 0.
num_vsnodes_births: 3.
num_vsnodes_deaths: 0.
num_space_committed: 151.
num_space_uncommitted: 0.
num_chunks_returned_to_freelist: 0.
num_chunks_taken_from_freelist: 326.
num_chunk_merges: 0.
num_chunk_splits: 228.
num_chunks_enlarged: 190.
num_purges: 0.

CodeHeap 'non-profiled nmethods': size=120000Kb used=684Kb max_used=684Kb free=119316Kb
 bounds [0x0000018c1c4d0000, 0x0000018c1c740000, 0x0000018c23a00000]
CodeHeap 'profiled nmethods': size=120000Kb used=3230Kb max_used=3230Kb free=116769Kb
 bounds [0x0000018c14fa0000, 0x0000018c152d0000, 0x0000018c1c4d0000]
CodeHeap 'non-nmethods': size=5760Kb used=1195Kb max_used=1225Kb free=4565Kb
 bounds [0x0000018c14a00000, 0x0000018c14c70000, 0x0000018c14fa0000]
 total_blobs=2282 nmethods=1790 adapters=405
 compilation: enabled
              stopped_count=0, restarted_count=0
 full_count=0

Compilation events (20 events):
Event: 275.782 Thread 0x0000018c2647b510 nmethod 1781 0x0000018c1c574c10 code [0x0000018c1c574da0, 0x0000018c1c574e38]
Event: 287.126 Thread 0x0000018c2647e010 1782   !   3       java.nio.charset.CharsetEncoder::encode (273 bytes)
Event: 287.128 Thread 0x0000018c2647e010 nmethod 1782 0x0000018c152c3410 code [0x0000018c152c3720, 0x0000018c152c4a08]
Event: 287.128 Thread 0x0000018c2647e010 1783       3       java.nio.charset.CoderResult::isOverflow (14 bytes)
Event: 287.128 Thread 0x0000018c2647e010 nmethod 1783 0x0000018c152c5010 code [0x0000018c152c51a0, 0x0000018c152c5318]
Event: 291.081 Thread 0x0000018c2647e010 1784       3       com.google.common.collect.Lists::newArrayList (28 bytes)
Event: 291.081 Thread 0x0000018c2647e010 nmethod 1784 0x0000018c152c5390 code [0x0000018c152c5580, 0x0000018c152c5a98]
Event: 291.081 Thread 0x0000018c2647e010 1785       3       java.util.ArrayList::equalsArrayList (108 bytes)
Event: 291.082 Thread 0x0000018c2647e010 nmethod 1785 0x0000018c152c5c90 code [0x0000018c152c5ea0, 0x0000018c152c6608]
Event: 298.981 Thread 0x0000018c2647e010 1786       3       sun.nio.cs.StreamEncoder::writeBytes (132 bytes)
Event: 298.982 Thread 0x0000018c2647e010 nmethod 1786 0x0000018c152c6910 code [0x0000018c152c6b80, 0x0000018c152c75b8]
Event: 309.582 Thread 0x0000018c2647b510 1787       4       java.lang.Long::stringSize (55 bytes)
Event: 309.584 Thread 0x0000018c2647b510 nmethod 1787 0x0000018c1c574f10 code [0x0000018c1c5750a0, 0x0000018c1c575278]
Event: 309.584 Thread 0x0000018c2647b510 1788       4       java.lang.Long::getChars (208 bytes)
Event: 309.585 Thread 0x0000018c2647b510 nmethod 1788 0x0000018c1c575390 code [0x0000018c1c575520, 0x0000018c1c5756b8]
Event: 309.885 Thread 0x0000018c2647b510 1789       4       java.lang.AbstractStringBuilder::append (60 bytes)
Event: 309.892 Thread 0x0000018c2647b510 nmethod 1789 0x0000018c1c575890 code [0x0000018c1c575a40, 0x0000018c1c5762d8]
Event: 323.976 Thread 0x0000018c2647b510 1790       4       org.fusesource.jansi.Ansi::flushAttributes (94 bytes)
Event: 324.027 Thread 0x0000018c2647b510 nmethod 1790 0x0000018c1c576710 code [0x0000018c1c5769a0, 0x0000018c1c579998]
Event: 339.974 Thread 0x0000018c2647b510 1791       4       org.gradle.internal.logging.console.DefaultWorkInProgressFormatter::format (102 bytes)

GC Heap History (4 events):
Event: 5.575 GC heap before
{Heap before GC invocations=0 (full 0):
 garbage-first heap   total 65536K, used 27648K [0x00000000fc000000, 0x0000000100000000)
  region size 1024K, 21 young (21504K), 0 survivors (0K)
 Metaspace       used 3735K, committed 3904K, reserved 1056768K
  class space    used 488K, committed 576K, reserved 1048576K
}
Event: 5.579 GC heap after
{Heap after GC invocations=1 (full 0):
 garbage-first heap   total 65536K, used 8970K [0x00000000fc000000, 0x0000000100000000)
  region size 1024K, 3 young (3072K), 3 survivors (3072K)
 Metaspace       used 3735K, committed 3904K, reserved 1056768K
  class space    used 488K, committed 576K, reserved 1048576K
}
Event: 25.383 GC heap before
{Heap before GC invocations=1 (full 0):
 garbage-first heap   total 65536K, used 30474K [0x00000000fc000000, 0x0000000100000000)
  region size 1024K, 24 young (24576K), 3 survivors (3072K)
 Metaspace       used 9235K, committed 9472K, reserved 1064960K
  class space    used 1206K, committed 1344K, reserved 1048576K
}
Event: 25.394 GC heap after
{Heap after GC invocations=2 (full 0):
 garbage-first heap   total 65536K, used 11771K [0x00000000fc000000, 0x0000000100000000)
  region size 1024K, 3 young (3072K), 3 survivors (3072K)
 Metaspace       used 9235K, committed 9472K, reserved 1064960K
  class space    used 1206K, committed 1344K, reserved 1048576K
}

Deoptimization events (20 events):
Event: 6.106 Thread 0x0000018c27a28dd0 Uncommon trap: trap_request=0xffffff45 fr.pc=0x0000018c1c50b358 relative=0x0000000000000138
Event: 6.106 Thread 0x0000018c27a28dd0 Uncommon trap: reason=unstable_if action=reinterpret pc=0x0000018c1c50b358 method=java.lang.AbstractStringBuilder.putStringAt(ILjava/lang/String;II)V @ 8 c2
Event: 6.106 Thread 0x0000018c27a28dd0 DEOPT PACKING pc=0x0000018c1c50b358 sp=0x00000013ee5feba0
Event: 6.106 Thread 0x0000018c27a28dd0 DEOPT UNPACKING pc=0x0000018c14a4d72e sp=0x00000013ee5feb68 mode 2
Event: 6.106 Thread 0x0000018c27a28dd0 Uncommon trap: trap_request=0xffffff45 fr.pc=0x0000018c1c52277c relative=0x000000000000005c
Event: 6.106 Thread 0x0000018c27a28dd0 Uncommon trap: reason=unstable_if action=reinterpret pc=0x0000018c1c52277c method=java.lang.AbstractStringBuilder.isLatin1()Z @ 10 c2
Event: 6.106 Thread 0x0000018c27a28dd0 DEOPT PACKING pc=0x0000018c1c52277c sp=0x00000013ee5feb10
Event: 6.106 Thread 0x0000018c27a28dd0 DEOPT UNPACKING pc=0x0000018c14a4d72e sp=0x00000013ee5feaa0 mode 2
Event: 9.651 Thread 0x0000018c27a28dd0 Uncommon trap: trap_request=0xffffffde fr.pc=0x0000018c1c532bcc relative=0x000000000000108c
Event: 9.651 Thread 0x0000018c27a28dd0 Uncommon trap: reason=class_check action=maybe_recompile pc=0x0000018c1c532bcc method=java.util.concurrent.ConcurrentHashMap.putVal(Ljava/lang/Object;Ljava/lang/Object;Z)Ljava/lang/Object; @ 159 c2
Event: 9.651 Thread 0x0000018c27a28dd0 DEOPT PACKING pc=0x0000018c1c532bcc sp=0x00000013ee5fe0c0
Event: 9.651 Thread 0x0000018c27a28dd0 DEOPT UNPACKING pc=0x0000018c14a4d72e sp=0x00000013ee5fe040 mode 2
Event: 9.675 Thread 0x0000018c0d27bde0 Uncommon trap: trap_request=0xffffffc6 fr.pc=0x0000018c1c519b70 relative=0x00000000000010d0
Event: 9.675 Thread 0x0000018c0d27bde0 Uncommon trap: reason=bimorphic_or_optimized_type_check action=maybe_recompile pc=0x0000018c1c519b70 method=java.util.HashMap.putVal(ILjava/lang/Object;Ljava/lang/Object;ZZ)Ljava/lang/Object; @ 203 c2
Event: 9.675 Thread 0x0000018c0d27bde0 DEOPT PACKING pc=0x0000018c1c519b70 sp=0x00000013ecbfa7e0
Event: 9.675 Thread 0x0000018c0d27bde0 DEOPT UNPACKING pc=0x0000018c14a4d72e sp=0x00000013ecbfa770 mode 2
Event: 9.675 Thread 0x0000018c0d27bde0 Uncommon trap: trap_request=0xffffffc6 fr.pc=0x0000018c1c519b70 relative=0x00000000000010d0
Event: 9.675 Thread 0x0000018c0d27bde0 Uncommon trap: reason=bimorphic_or_optimized_type_check action=maybe_recompile pc=0x0000018c1c519b70 method=java.util.HashMap.putVal(ILjava/lang/Object;Ljava/lang/Object;ZZ)Ljava/lang/Object; @ 203 c2
Event: 9.675 Thread 0x0000018c0d27bde0 DEOPT PACKING pc=0x0000018c1c519b70 sp=0x00000013ecbfa7e0
Event: 9.675 Thread 0x0000018c0d27bde0 DEOPT UNPACKING pc=0x0000018c14a4d72e sp=0x00000013ecbfa770 mode 2

Classes unloaded (0 events):
No events

Classes redefined (0 events):
No events

Internal exceptions (20 events):
Event: 5.511 Thread 0x0000018c0d27bde0 Exception <a 'java/lang/NoSuchMethodError'{0x00000000fed0dff8}: 'int java.lang.invoke.DirectMethodHandle$Holder.invokeSpecial(java.lang.Object, java.lang.Object, java.lang.Object)'> (0x00000000fed0dff8) 
thrown [t:\workspace\open\src\hotspot\share\interpreter\linkResolver.cpp, line 790]
Event: 5.513 Thread 0x0000018c0d27bde0 Exception <a 'java/lang/NoSuchMethodError'{0x00000000fed21ac8}: 'java.lang.Object java.lang.invoke.Invokers$Holder.invokeExact_MT(java.lang.Object, java.lang.Object, java.lang.Object, java.lang.Object)'> (0x00000000fed21ac8) 
thrown [t:\workspace\open\src\hotspot\share\interpreter\linkResolver.cpp, line 790]
Event: 5.614 Thread 0x0000018c0d27bde0 Exception <a 'java/lang/NoSuchMethodError'{0x00000000ffd47748}: 'java.lang.Object java.lang.invoke.DirectMethodHandle$Holder.invokeInterface(java.lang.Object, java.lang.Object, java.lang.Object)'> (0x00000000ffd47748) 
thrown [t:\workspace\open\src\hotspot\share\interpreter\linkResolver.cpp, line 790]
Event: 5.625 Thread 0x0000018c0d27bde0 Implicit null exception at 0x0000018c1c523e93 to 0x0000018c1c5242c0
Event: 5.625 Thread 0x0000018c0d27bde0 Implicit null exception at 0x0000018c1c510213 to 0x0000018c1c510654
Event: 5.655 Thread 0x0000018c0d27bde0 Exception <a 'java/lang/NoSuchMethodError'{0x00000000ffcd96f0}: 'java.lang.Object java.lang.invoke.DirectMethodHandle$Holder.invokeStatic(java.lang.Object)'> (0x00000000ffcd96f0) 
thrown [t:\workspace\open\src\hotspot\share\interpreter\linkResolver.cpp, line 790]
Event: 5.655 Thread 0x0000018c0d27bde0 Exception <a 'java/lang/NoSuchMethodError'{0x00000000ffcdd008}: 'java.lang.Object java.lang.invoke.DirectMethodHandle$Holder.invokeStaticInit(java.lang.Object)'> (0x00000000ffcdd008) 
thrown [t:\workspace\open\src\hotspot\share\interpreter\linkResolver.cpp, line 790]
Event: 5.663 Thread 0x0000018c0d27bde0 Exception <a 'java/lang/NoSuchMethodError'{0x00000000ffcf72a8}: 'java.lang.Object java.lang.invoke.DirectMethodHandle$Holder.invokeInterface(java.lang.Object, java.lang.Object)'> (0x00000000ffcf72a8) 
thrown [t:\workspace\open\src\hotspot\share\interpreter\linkResolver.cpp, line 790]
Event: 5.664 Thread 0x0000018c0d27bde0 Exception <a 'java/lang/NoSuchMethodError'{0x00000000ffcff960}: 'java.lang.Object java.lang.invoke.DirectMethodHandle$Holder.invokeStaticInit(java.lang.Object, java.lang.Object, java.lang.Object)'> (0x00000000ffcff960) 
thrown [t:\workspace\open\src\hotspot\share\interpreter\linkResolver.cpp, line 790]
Event: 5.770 Thread 0x0000018c0d27bde0 Exception <a 'java/lang/NoSuchMethodError'{0x00000000ff7b49f0}: 'java.lang.Object java.lang.invoke.DirectMethodHandle$Holder.invokeStaticInit(java.lang.Object, int, int, int, int)'> (0x00000000ff7b49f0) 
thrown [t:\workspace\open\src\hotspot\share\interpreter\linkResolver.cpp, line 790]
Event: 5.802 Thread 0x0000018c0d27bde0 Exception <a 'java/lang/NoSuchMethodError'{0x00000000ff7f7f90}: 'java.lang.Object java.lang.invoke.DirectMethodHandle$Holder.invokeStaticInit(java.lang.Object, java.lang.Object, int, int, int, int)'> (0x00000000ff7f7f90) 
thrown [t:\workspace\open\src\hotspot\share\interpreter\linkResolver.cpp, line 790]
Event: 5.895 Thread 0x0000018c0d27bde0 Exception <a 'java/lang/NoSuchMethodError'{0x00000000ff625ca0}: 'void java.lang.invoke.DirectMethodHandle$Holder.invokeStatic(java.lang.Object, java.lang.Object, java.lang.Object)'> (0x00000000ff625ca0) 
thrown [t:\workspace\open\src\hotspot\share\interpreter\linkResolver.cpp, line 790]
Event: 5.917 Thread 0x0000018c0d27bde0 Implicit null exception at 0x0000018c1c509ff2 to 0x0000018c1c50a5e4
Event: 5.917 Thread 0x0000018c0d27bde0 Implicit null exception at 0x0000018c1c522d72 to 0x0000018c1c523330
Event: 5.925 Thread 0x0000018c0d27bde0 Exception <a 'java/net/ConnectException'{0x00000000ff6f3368}: Connection refused: no further information> (0x00000000ff6f3368) 
thrown [t:\workspace\open\src\hotspot\share\prims\jni.cpp, line 600]
Event: 6.091 Thread 0x0000018c27a28dd0 Exception <a 'java/lang/NoSuchMethodError'{0x00000000feefaf20}: 'void java.lang.invoke.DirectMethodHandle$Holder.invokeStatic(java.lang.Object, long)'> (0x00000000feefaf20) 
thrown [t:\workspace\open\src\hotspot\share\interpreter\linkResolver.cpp, line 790]
Event: 6.091 Thread 0x0000018c27a28dd0 Exception <a 'java/lang/NoSuchMethodError'{0x00000000fed00f30}: 'java.lang.Object java.lang.invoke.DirectMethodHandle$Holder.newInvokeSpecial(java.lang.Object, long)'> (0x00000000fed00f30) 
thrown [t:\workspace\open\src\hotspot\share\interpreter\linkResolver.cpp, line 790]
Event: 6.094 Thread 0x0000018c27a28dd0 Exception <a 'java/lang/NoSuchMethodError'{0x00000000fed0c1d8}: 'java.lang.Object java.lang.invoke.DirectMethodHandle$Holder.invokeStaticInit(java.lang.Object, java.lang.Object, long, java.lang.Object)'> (0x00000000fed0c1d8) 
thrown [t:\workspace\open\src\hotspot\share\interpreter\linkResolver.cpp, line 790]
Event: 6.094 Thread 0x0000018c27a28dd0 Exception <a 'java/lang/NoSuchMethodError'{0x00000000fed12be8}: 'java.lang.Object java.lang.invoke.DirectMethodHandle$Holder.newInvokeSpecial(java.lang.Object, java.lang.Object, long)'> (0x00000000fed12be8) 
thrown [t:\workspace\open\src\hotspot\share\interpreter\linkResolver.cpp, line 790]
Event: 6.095 Thread 0x0000018c27a28dd0 Exception <a 'java/lang/NoSuchMethodError'{0x00000000fed16fe8}: 'java.lang.Object java.lang.invoke.Invokers$Holder.linkToTargetMethod(java.lang.Object, long, java.lang.Object)'> (0x00000000fed16fe8) 
thrown [t:\workspace\open\src\hotspot\share\interpreter\linkResolver.cpp, line 790]

Events (20 events):
Event: 234.135 Executing  VM operation: Cleanup
Event: 234.135 Executing  VM operation: Cleanup done
Event: 236.151 Executing  VM operation: Cleanup
Event: 236.151 Executing  VM operation: Cleanup done
Event: 239.177 Executing  VM operation: Cleanup
Event: 239.177 Executing  VM operation: Cleanup done
Event: 261.333 Executing  VM operation: Cleanup
Event: 261.333 Executing  VM operation: Cleanup done
Event: 263.350 Executing  VM operation: Cleanup
Event: 263.350 Executing  VM operation: Cleanup done
Event: 265.369 Executing  VM operation: Cleanup
Event: 265.369 Executing  VM operation: Cleanup done
Event: 267.381 Executing  VM operation: Cleanup
Event: 267.381 Executing  VM operation: Cleanup done
Event: 274.431 Executing  VM operation: Cleanup
Event: 274.431 Executing  VM operation: Cleanup done
Event: 276.438 Executing  VM operation: Cleanup
Event: 276.439 Executing  VM operation: Cleanup done
Event: 310.726 Executing  VM operation: Cleanup
Event: 310.726 Executing  VM operation: Cleanup done


Dynamic libraries:
0x00007ff74cd50000 - 0x00007ff74cd60000 	C:\Program Files\Java\jdk-16.0.2\bin\java.exe
0x00007ffcf8eb0000 - 0x00007ffcf90a5000 	C:\Windows\SYSTEM32\ntdll.dll
0x00007ffcf8c70000 - 0x00007ffcf8d2d000 	C:\Windows\System32\KERNEL32.DLL
0x00007ffcf6860000 - 0x00007ffcf6b2d000 	C:\Windows\System32\KERNELBASE.dll
0x00007ffcf65c0000 - 0x00007ffcf66c0000 	C:\Windows\System32\ucrtbase.dll
0x00007ffcdc920000 - 0x00007ffcdc938000 	C:\Program Files\Java\jdk-16.0.2\bin\jli.dll
0x00007ffcf7850000 - 0x00007ffcf78fe000 	C:\Windows\System32\ADVAPI32.dll
0x00007ffcf7a20000 - 0x00007ffcf7abe000 	C:\Windows\System32\msvcrt.dll
0x00007ffcf8b70000 - 0x00007ffcf8c0c000 	C:\Windows\System32\sechost.dll
0x00007ffcf7c50000 - 0x00007ffcf7d75000 	C:\Windows\System32\RPCRT4.dll
0x00007ffcdc770000 - 0x00007ffcdc789000 	C:\Program Files\Java\jdk-16.0.2\bin\VCRUNTIME140.dll
0x00007ffcf7d80000 - 0x00007ffcf7f20000 	C:\Windows\System32\USER32.dll
0x00007ffcf6d40000 - 0x00007ffcf6d62000 	C:\Windows\System32\win32u.dll
0x00007ffcf8b40000 - 0x00007ffcf8b6a000 	C:\Windows\System32\GDI32.dll
0x00007ffcf6750000 - 0x00007ffcf685b000 	C:\Windows\System32\gdi32full.dll
0x00007ffce6640000 - 0x00007ffce68da000 	C:\Windows\WinSxS\amd64_microsoft.windows.common-controls_6595b64144ccf1df_6.0.19041.1110_none_60b5254171f9507e\COMCTL32.dll
0x00007ffcf6d70000 - 0x00007ffcf6e0d000 	C:\Windows\System32\msvcp_win.dll
0x00007ffced8f0000 - 0x00007ffced8fa000 	C:\Windows\SYSTEM32\VERSION.dll
0x00007ffcf7f20000 - 0x00007ffcf7f50000 	C:\Windows\System32\IMM32.DLL
0x00007ffcdc910000 - 0x00007ffcdc91c000 	C:\Program Files\Java\jdk-16.0.2\bin\vcruntime140_1.dll
0x00007ffcadbe0000 - 0x00007ffcadc71000 	C:\Program Files\Java\jdk-16.0.2\bin\msvcp140.dll
0x00007ffcad030000 - 0x00007ffcadbdb000 	C:\Program Files\Java\jdk-16.0.2\bin\server\jvm.dll
0x00007ffcf70b0000 - 0x00007ffcf70b8000 	C:\Windows\System32\PSAPI.DLL
0x00007ffce3410000 - 0x00007ffce3419000 	C:\Windows\SYSTEM32\WSOCK32.dll
0x00007ffced900000 - 0x00007ffced927000 	C:\Windows\SYSTEM32\WINMM.dll
0x00007ffcf7900000 - 0x00007ffcf796b000 	C:\Windows\System32\WS2_32.dll
0x00007ffcf4460000 - 0x00007ffcf4472000 	C:\Windows\SYSTEM32\kernel.appcore.dll
0x00007ffcdc310000 - 0x00007ffcdc31a000 	C:\Program Files\Java\jdk-16.0.2\bin\jimage.dll
0x00007ffce6180000 - 0x00007ffce6364000 	C:\Windows\SYSTEM32\DBGHELP.DLL
0x00007ffce6150000 - 0x00007ffce617c000 	C:\Windows\SYSTEM32\dbgcore.DLL
0x00007ffcf66c0000 - 0x00007ffcf6742000 	C:\Windows\System32\bcryptPrimitives.dll
0x00007ffcc9ee0000 - 0x00007ffcc9f05000 	C:\Program Files\Java\jdk-16.0.2\bin\java.dll
0x00007ffcf8360000 - 0x00007ffcf8aa4000 	C:\Windows\System32\SHELL32.dll
0x00007ffcf4680000 - 0x00007ffcf4e14000 	C:\Windows\SYSTEM32\windows.storage.dll
0x00007ffcf7f50000 - 0x00007ffcf82a4000 	C:\Windows\System32\combase.dll
0x00007ffcf5e70000 - 0x00007ffcf5e9c000 	C:\Windows\SYSTEM32\Wldp.dll
0x00007ffcf7970000 - 0x00007ffcf7a1d000 	C:\Windows\System32\SHCORE.dll
0x00007ffcf7210000 - 0x00007ffcf7265000 	C:\Windows\System32\shlwapi.dll
0x00007ffcf6500000 - 0x00007ffcf651f000 	C:\Windows\SYSTEM32\profapi.dll
0x00007ffcdc0e0000 - 0x00007ffcdc0f9000 	C:\Program Files\Java\jdk-16.0.2\bin\net.dll
0x00007ffcf1350000 - 0x00007ffcf145a000 	C:\Windows\SYSTEM32\WINHTTP.dll
0x00007ffcf5c50000 - 0x00007ffcf5cba000 	C:\Windows\system32\mswsock.dll
0x00007ffcdbe60000 - 0x00007ffcdbe73000 	C:\Program Files\Java\jdk-16.0.2\bin\nio.dll
0x00007ffcdbe20000 - 0x00007ffcdbe38000 	C:\Program Files\Java\jdk-16.0.2\bin\zip.dll
0x00007ffcdc200000 - 0x00007ffcdc210000 	C:\Program Files\Java\jdk-16.0.2\bin\verify.dll
0x00007ffcefba0000 - 0x00007ffcefbc7000 	C:\Users\pente\.gradle\native\e1d6ef7f7dcc3fd88c89a11ec53ec762bb8ba0a96d01ffa2cd45eb1d1d8dd5c5\windows-amd64\native-platform.dll
0x00007ffcef7a0000 - 0x00007ffcef7aa000 	C:\Users\pente\.gradle\native\jansi\1.18\windows64\jansi.dll
0x00007ffcef790000 - 0x00007ffcef799000 	C:\Program Files\Java\jdk-16.0.2\bin\management.dll
0x00007ffcef720000 - 0x00007ffcef72b000 	C:\Program Files\Java\jdk-16.0.2\bin\management_ext.dll
0x00007ffcf5eb0000 - 0x00007ffcf5ec8000 	C:\Windows\SYSTEM32\CRYPTSP.dll
0x00007ffcf55f0000 - 0x00007ffcf5624000 	C:\Windows\system32\rsaenh.dll
0x00007ffcf6e80000 - 0x00007ffcf6ea7000 	C:\Windows\System32\bcrypt.dll
0x00007ffcf6480000 - 0x00007ffcf64ae000 	C:\Windows\SYSTEM32\USERENV.dll
0x00007ffcf5de0000 - 0x00007ffcf5dec000 	C:\Windows\SYSTEM32\CRYPTBASE.dll
0x00007ffcf5960000 - 0x00007ffcf599b000 	C:\Windows\SYSTEM32\IPHLPAPI.DLL
0x00007ffcf8b30000 - 0x00007ffcf8b38000 	C:\Windows\System32\NSI.dll
0x00007ffceb290000 - 0x00007ffceb2a7000 	C:\Windows\SYSTEM32\dhcpcsvc6.DLL
0x00007ffceb640000 - 0x00007ffceb65d000 	C:\Windows\SYSTEM32\dhcpcsvc.DLL
0x00007ffcf59a0000 - 0x00007ffcf5a6b000 	C:\Windows\SYSTEM32\DNSAPI.dll
0x00007ffcf23b0000 - 0x00007ffcf23be000 	C:\Program Files\Java\jdk-16.0.2\bin\sunmscapi.dll
0x00007ffcf6be0000 - 0x00007ffcf6d36000 	C:\Windows\System32\CRYPT32.dll
0x00007ffcf6020000 - 0x00007ffcf6047000 	C:\Windows\SYSTEM32\ncrypt.dll
0x00007ffcf5fe0000 - 0x00007ffcf601b000 	C:\Windows\SYSTEM32\NTASN1.dll
0x00007ffcef710000 - 0x00007ffcef717000 	C:\Windows\system32\wshunix.dll

dbghelp: loaded successfully - version: 4.0.5 - missing functions: none
symbol engine: initialized successfully - sym options: 0x614 - pdb path: .;C:\Program Files\Java\jdk-16.0.2\bin;C:\Windows\SYSTEM32;C:\Windows\WinSxS\amd64_microsoft.windows.common-controls_6595b64144ccf1df_6.0.19041.1110_none_60b5254171f9507e;C:\Program Files\Java\jdk-16.0.2\bin\server;C:\Users\pente\.gradle\native\e1d6ef7f7dcc3fd88c89a11ec53ec762bb8ba0a96d01ffa2cd45eb1d1d8dd5c5\windows-amd64;C:\Users\pente\.gradle\native\jansi\1.18\windows64

VM Arguments:
jvm_args: -Xmx64m -Xms64m -Dorg.gradle.appname=gradle 
java_command: org.gradle.launcher.GradleMain bootRun
java_class_path (initial): C:\Gradle\gradle-7.2\lib\gradle-launcher-7.2.jar
Launcher Type: SUN_STANDARD

[Global flags]
     intx CICompilerCount                          = 3                                         {product} {ergonomic}
     uint ConcGCThreads                            = 2                                         {product} {ergonomic}
     uint G1ConcRefinementThreads                  = 6                                         {product} {ergonomic}
   size_t G1HeapRegionSize                         = 1048576                                   {product} {ergonomic}
    uintx GCDrainStackTargetSize                   = 64                                        {product} {ergonomic}
   size_t InitialHeapSize                          = 67108864                                  {product} {command line}
   size_t MarkStackSize                            = 4194304                                   {product} {ergonomic}
   size_t MaxHeapSize                              = 67108864                                  {product} {command line}
   size_t MaxNewSize                               = 39845888                                  {product} {ergonomic}
   size_t MinHeapDeltaBytes                        = 1048576                                   {product} {ergonomic}
   size_t MinHeapSize                              = 67108864                                  {product} {command line}
    uintx NonNMethodCodeHeapSize                   = 5832780                                {pd product} {ergonomic}
    uintx NonProfiledCodeHeapSize                  = 122912730                              {pd product} {ergonomic}
    uintx ProfiledCodeHeapSize                     = 122912730                              {pd product} {ergonomic}
    uintx ReservedCodeCacheSize                    = 251658240                              {pd product} {ergonomic}
     bool SegmentedCodeCache                       = true                                      {product} {ergonomic}
   size_t SoftMaxHeapSize                          = 67108864                               {manageable} {ergonomic}
     bool UseCompressedClassPointers               = true                           {product lp64_product} {ergonomic}
     bool UseCompressedOops                        = true                           {product lp64_product} {ergonomic}
     bool UseG1GC                                  = true                                      {product} {ergonomic}
     bool UseLargePagesIndividualAllocation        = false                                  {pd product} {ergonomic}

Logging:
Log output configuration:
 #0: stdout all=warning uptime,level,tags
 #1: stderr all=off uptime,level,tags

Environment Variables:
JAVA_HOME=C:\Program Files\Java\jdk-16.0.2
CLASSPATH=C:\Gradle\gradle-7.2\lib\gradle-launcher-7.2.jar
PATH=C:\app\pente\product\21c\dbhomeXE\bin;C:\Program Files (x86)\Common Files\Oracle\Java\javapath;C:\Windows\system32;C:\Windows;C:\Windows\System32\Wbem;C:\Windows\System32\WindowsPowerShell\v1.0\;C:\Windows\System32\OpenSSH\;C:\Program Files\Git\cmd;C:\GnuWin32\bin;C:\msys64\mingw64\bin;C:\Program Files\Java\jdk-16.0.2\bin;C:\Gradle\gradle-7.2\bin;C:\Program Files\nodejs\;D:\PROGRAMOK\ArangoDB3-3.8.4_win64\ArangoDB3-3.8.4_win64\usr\bin;C:\GnuWin32\bin;C:\MinGW\bin;D:\PROGRAMOK\apache-tomcat-10.0.11;C:\Program Files\Microsoft SQL Server\Client SDK\ODBC\170\Tools\Binn\;C:\Program Files (x86)\Microsoft SQL Server\150\DTS\Binn\;C:\Program Files\Azure Data Studio\bin;C:\Program Files\dotnet\;C:\Program Files (x86)\Microsoft SQL Server\110\DTS\Binn\;C:\Program Files (x86)\Microsoft SQL Server\120\DTS\Binn\;C:\Program Files (x86)\Microsoft SQL Server\130\DTS\Binn\;C:\Program Files (x86)\Microsoft SQL Server\140\DTS\Binn\;C:\Users\pente\AppData\Local\Programs\Python\Python310\Scripts\;C:\Users\pente\AppData\Local\Programs\Python\Python310\;C:\GnuWin32\bin;C:\Users\pente\AppData\Local\GitHubDesktop\bin;C:\Gradle\gradle-7.2\bin;C:\Users\pente\AppData\Local\Programs\Microsoft VS Code\bin;C:\Users\pente\AppData\Roaming\npm;C:\Users\pente\AppData\Local\Keybase\;D:\PROGRAMOK\apache-tomcat-10.0.11\bin;C:\Users\pente\.julia\conda\3\Scripts;C:\Program Files\Azure Data Studio\bin;D:\PROGRAMOK\chromedriver_win32;C:\Users\pente\.dotnet\tools;C:\Users\pente\AppData\Local\Programs\MiKTeX 2.9\miktex\bin\x64\
USERNAME=pente
OS=Windows_NT
PROCESSOR_IDENTIFIER=AMD64 Family 23 Model 96 Stepping 1, AuthenticAMD



---------------  S Y S T E M  ---------------

OS:
 Windows 10 , 64 bit Build 19041 (10.0.19041.1706)
OS uptime: 0 days 0:08 hours
Hyper-V role detected

CPU: total 6 (initial active 6) (6 cores per cpu, 1 threads per core) family 23 model 96 stepping 1 microcode 0x0, cx8, cmov, fxsr, mmx, 3dnowpref, sse, sse2, sse3, ssse3, sse4a, sse4.1, sse4.2, popcnt, lzcnt, tsc, tscinvbit, avx, avx2, aes, clmul, bmi1, bmi2, adx, sha, fma, vzeroupper, clflush, clflushopt, hv

Memory: 4k page, system-wide physical 7541M (559M free)
TotalPageFile size 25551M (AvailPageFile size 1M)
current process WorkingSet (physical memory assigned to process): 89M, peak: 93M
current process commit charge ("private bytes"): 159M, peak: 163M

vm_info: Java HotSpot(TM) 64-Bit Server VM (16.0.2+7-67) for windows-amd64 JRE (16.0.2+7-67), built on Jun  8 2021 23:24:19 by "mach5one" with MS VC++ 16.7 (VS2019)

END.
